2025-05-21 09:38:35,347 - INFO -           Date           Pitcher Team Opponent  Predicted_Ks
0   2025-05-21      Brady Singer  CIN      PIT          6.01
1   2025-05-21     Andrew Heaney  PIT      CIN           NaN
2   2025-05-21         Max Meyer  MIA      CHC          5.51
3   2025-05-21   Tomoyuki Sugano  BAL      MIL          4.07
4   2025-05-21      Chad Patrick  MIL      BAL          5.15
5   2025-05-21    Gavin Williams  CLE      MIN           NaN
6   2025-05-21     Chris Paddack  MIN      CLE           NaN
7   2025-05-21      Hunter Brown  HOU      TBR           NaN
8   2025-05-21       Taj Bradley  TBR      HOU           NaN
9   2025-05-21    Andre Pallante  STL      DET          2.80
10  2025-05-21       Logan Evans  SEA      CHW           NaN
11  2025-05-21       Shane Smith  CHW      SEA           NaN
12  2025-05-21        Logan Webb  SFG      KCR           NaN
13  2025-05-21      Tylor Megill  NYM      BOS          7.77
14  2025-05-21   Garrett Crochet  BOS      NYM           NaN
15  2025-05-21  AJ Smith-Shawver  ATL      WSN           NaN
16  2025-05-21   Trevor Williams  WSN      ATL           NaN
17  2025-05-21      Jacob deGrom  TEX      NYY          6.41
18  2025-05-21    Ryan Yarbrough  NYY      TEX           NaN
19  2025-05-21     Randy Vásquez  SDP      TOR           NaN
20  2025-05-21     Kevin Gausman  TOR      SDP          5.49
21  2025-05-21    Taijuan Walker  PHI      COL          3.44
22  2025-05-21  Jack Kochanowicz  LAA      ATH          3.44
23  2025-05-21          JP Sears  ATH      LAA          4.41
24  2025-05-21     Corbin Burnes  ARI      LAD          5.14
25  2025-05-21        Dustin May  LAD      ARI          4.78
