2025-05-02 09:43:25,424 - INFO -           Date             Pitcher Team Opponent  Predicted_Ks
0   2025-05-02     Mitchell Parker  WSN      CIN          4.32
1   2025-05-02       Hunter Greene  CIN      WSN          6.12
2   2025-05-02         Dylan Cease  SDP      PIT          6.49
3   2025-05-02        Mitch Keller  PIT      SDP           NaN
4   2025-05-02       Merrill Kelly  ARI      PHI           NaN
5   2025-05-02       Jesús Luzardo  PHI      ARI           NaN
6   2025-05-02       Michael Wacha  KCR      BAL          4.50
7   2025-05-02         Dean Kremer  BAL      KCR          4.48
8   2025-05-02         Ryan Pepiot  TBR      NYY          6.07
9   2025-05-02           Max Fried  NYY      TBR          6.39
10  2025-05-02         Logan Allen  CLE      TOR           NaN
11  2025-05-02       Chris Bassitt  TOR      CLE          6.93
12  2025-05-02            Joe Ryan  MIN      BOS          5.79
13  2025-05-02        Brayan Bello  BOS      MIN           NaN
14  2025-05-02  Yoshinobu Yamamoto  LAD      ATL           NaN
15  2025-05-02        Grant Holmes  ATL      LAD          5.18
16  2025-05-02      Framber Valdez  HOU      CHW           NaN
17  2025-05-02     Jonathan Cannon  CHW      HOU           NaN
18  2025-05-02           Bryan Woo  SEA      TEX          4.07
19  2025-05-02         Jack Leiter  TEX      SEA           NaN
20  2025-05-02           Ben Brown  CHC      MIL           NaN
21  2025-05-02      Quinn Priester  MIL      CHC          2.94
22  2025-05-02         Clay Holmes  NYM      STL          5.54
23  2025-05-02          Sonny Gray  STL      NYM           NaN
24  2025-05-02        Tarik Skubal  DET      LAA          5.42
25  2025-05-02        José Soriano  LAA      DET          3.45
26  2025-05-02   Antonio Senzatela  COL      SFG           NaN
27  2025-05-02          Robbie Ray  SFG      COL          5.03
2025-05-02 16:52:27,922 - INFO -           Date             Pitcher Team Opponent  Predicted_Ks
0   2025-05-02     Mitchell Parker  WSN      CIN          4.32
1   2025-05-02       Hunter Greene  CIN      WSN          6.12
2   2025-05-02         Dylan Cease  SDP      PIT          6.49
3   2025-05-02        Mitch Keller  PIT      SDP           NaN
4   2025-05-02       Merrill Kelly  ARI      PHI           NaN
5   2025-05-02       Jesús Luzardo  PHI      ARI           NaN
6   2025-05-02       Michael Wacha  KCR      BAL          4.50
7   2025-05-02         Dean Kremer  BAL      KCR          4.48
8   2025-05-02         Ryan Pepiot  TBR      NYY          6.07
9   2025-05-02           Max Fried  NYY      TBR          6.39
10  2025-05-02         Logan Allen  CLE      TOR           NaN
11  2025-05-02       Chris Bassitt  TOR      CLE          6.93
12  2025-05-02            Joe Ryan  MIN      BOS          5.79
13  2025-05-02        Brayan Bello  BOS      MIN           NaN
14  2025-05-02  Yoshinobu Yamamoto  LAD      ATL           NaN
15  2025-05-02        Grant Holmes  ATL      LAD          5.18
16  2025-05-02      Framber Valdez  HOU      CHW           NaN
17  2025-05-02     Jonathan Cannon  CHW      HOU           NaN
18  2025-05-02           Bryan Woo  SEA      TEX          4.07
19  2025-05-02         Jack Leiter  TEX      SEA           NaN
20  2025-05-02           Ben Brown  CHC      MIL           NaN
21  2025-05-02      Quinn Priester  MIL      CHC          2.94
22  2025-05-02         Clay Holmes  NYM      STL          5.54
23  2025-05-02          Sonny Gray  STL      NYM           NaN
24  2025-05-02        Tarik Skubal  DET      LAA          5.42
25  2025-05-02        José Soriano  LAA      DET          3.45
26  2025-05-02   Antonio Senzatela  COL      SFG           NaN
27  2025-05-02          Robbie Ray  SFG      COL          5.03
