2025-04-26 10:54:16,335 - INFO -           Date                  Pitcher Team Opponent  Predicted_Ks
0   2025-04-26            Kevin Gausman  TOR      NYY           NaN
1   2025-04-26                Max Fried  NYY      TOR          6.29
2   2025-04-26             Tanner Houck  BOS      CLE           NaN
3   2025-04-26               Ben Lively  CLE      BOS           NaN
4   2025-04-26               Casey Mize  DET      BAL           NaN
5   2025-04-26            Yusei Kikuchi  LAA      MIN          5.31
6   2025-04-26  Simeon Woods Richardson  MIN      LAA          4.33
7   2025-04-26           Quinn Priester  MIL      STL          4.20
8   2025-04-26               Sonny Gray  STL      MIL           NaN
9   2025-04-26            Hunter Greene  CIN      COL          5.69
10  2025-04-26        Antonio Senzatela  COL      CIN           NaN
11  2025-04-26          Jonathan Cannon  CHW      ATH          4.73
12  2025-04-26          Jeffrey Springs  ATH      CHW           NaN
13  2025-04-26              Clay Holmes  NYM      WSN           NaN
14  2025-04-26                Brad Lord  WSN      NYM           NaN
15  2025-04-26              Tyler Mahle  TEX      SFG           NaN
16  2025-04-26               Robbie Ray  SFG      TEX           NaN
17  2025-04-26            Jesús Luzardo  PHI      CHC           NaN
18  2025-04-26                Ben Brown  CHC      PHI          4.90
19  2025-04-26           Walker Buehler  BOS      CLE           NaN
20  2025-04-26           Framber Valdez  HOU      KCR          6.98
21  2025-04-26            Michael Wacha  KCR      HOU          4.71
22  2025-04-26             Grant Holmes  ATL      ARI           NaN
23  2025-04-26            Merrill Kelly  ARI      ATL          4.36
24  2025-04-26              Ryan Pepiot  TBR      SDP           NaN
25  2025-04-26              Dylan Cease  SDP      TBR          4.50
26  2025-04-26             Mitch Keller  PIT      LAD          5.03
27  2025-04-26              Roki Sasaki  LAD      PIT          3.79
28  2025-04-26         Connor Gillispie  MIA      SEA           NaN
29  2025-04-26            Luis Castillo  SEA      MIA          3.93
