2025-04-29 05:36:51,869 - INFO -           Date            Pitcher Team Opponent  Predicted_Ks
0   2025-04-29      Chris Paddack  MIN      CLE           NaN
1   2025-04-29       Tanner Bibee  CLE      MIN           NaN
2   2025-04-29       Carlos Rodón  NYY      BAL          7.62
3   2025-04-29      Miles Mikolas  STL      CIN          4.34
4   2025-04-29       Brady Singer  CIN      STL           NaN
5   2025-04-29      Shota Imanaga  CHC      PIT          4.33
6   2025-04-29      Andrew Heaney  PIT      CHC          7.26
7   2025-04-29     MacKenzie Gore  WSN      PHI          6.24
8   2025-04-29       Zack Wheeler  PHI      WSN          5.62
9   2025-04-29   Michael Lorenzen  KCR      TBR          5.12
10  2025-04-29        Taj Bradley  TBR      KCR          5.58
11  2025-04-29  Eduardo Rodríguez  ARI      NYM          7.11
12  2025-04-29     David Peterson  NYM      ARI          4.48
13  2025-04-29     Freddy Peralta  MIL      CHW           NaN
14  2025-04-29       Jacob deGrom  TEX      ATH          4.48
15  2025-04-29        Reese Olson  DET      HOU           NaN
16  2025-04-29         Ryan Gusto  HOU      DET           NaN
17  2025-04-29         Logan Webb  SFG      SDP          7.06
18  2025-04-29       Nick Pivetta  SDP      SFG          6.37
19  2025-04-29   Jack Kochanowicz  LAA      SEA          3.59
20  2025-04-29       Bryce Miller  SEA      LAA          4.61
2025-04-29 17:55:43,061 - INFO -           Date            Pitcher Team Opponent  Predicted_Ks
0   2025-04-29      Chris Paddack  MIN      CLE           NaN
1   2025-04-29       Tanner Bibee  CLE      MIN           NaN
2   2025-04-29       Carlos Rodón  NYY      BAL          7.62
3   2025-04-29      Miles Mikolas  STL      CIN          4.34
4   2025-04-29       Brady Singer  CIN      STL           NaN
5   2025-04-29      Shota Imanaga  CHC      PIT          4.33
6   2025-04-29      Andrew Heaney  PIT      CHC          7.26
7   2025-04-29     MacKenzie Gore  WSN      PHI          6.24
8   2025-04-29       Zack Wheeler  PHI      WSN          5.62
9   2025-04-29   Michael Lorenzen  KCR      TBR          5.12
10  2025-04-29        Taj Bradley  TBR      KCR          5.58
11  2025-04-29    Garrett Crochet  BOS      TOR          5.87
12  2025-04-29     Bowden Francis  TOR      BOS           NaN
13  2025-04-29  Eduardo Rodríguez  ARI      NYM          7.11
14  2025-04-29     David Peterson  NYM      ARI          4.48
15  2025-04-29     Freddy Peralta  MIL      CHW           NaN
16  2025-04-29       Jacob deGrom  TEX      ATH          4.48
17  2025-04-29        Reese Olson  DET      HOU           NaN
18  2025-04-29         Ryan Gusto  HOU      DET           NaN
19  2025-04-29   AJ Smith-Shawver  ATL      COL          4.87
20  2025-04-29     Germán Márquez  COL      ATL          3.18
21  2025-04-29         Logan Webb  SFG      SDP          7.06
22  2025-04-29       Nick Pivetta  SDP      SFG          6.37
23  2025-04-29   Jack Kochanowicz  LAA      SEA          3.59
24  2025-04-29       Bryce Miller  SEA      LAA          4.61
