2025-05-09 12:41:54,165 - INFO -           Date            Pitcher Team Opponent  Predicted_Ks
0   2025-05-09     Patrick Corbin  TEX      DET           NaN
1   2025-05-09       Tarik Skubal  DET      TEX           NaN
2   2025-05-09        Bryce Elder  ATL      PIT           NaN
3   2025-05-09      Bailey Falter  PIT      ATL          4.42
4   2025-05-09        Erick Fedde  STL      WSN          4.36
5   2025-05-09    Mitchell Parker  WSN      STL          3.62
6   2025-05-09      Jose Quintana  MIL      TBR          3.43
7   2025-05-09       Zack Littell  TBR      MIL          3.18
8   2025-05-09         Aaron Nola  PHI      CLE           NaN
9   2025-05-09     Gavin Williams  CLE      PHI           NaN
10  2025-05-09    Jameson Taillon  CHC      NYM          4.48
11  2025-05-09        Clay Holmes  NYM      CHC          3.42
12  2025-05-09          Max Meyer  MIA      CHW           NaN
13  2025-05-09       Bryse Wilson  CHW      MIA          5.07
14  2025-05-09     Hunter Dobbins  BOS      KCR           NaN
15  2025-05-09   Michael Lorenzen  KCR      BOS           NaN
16  2025-05-09      Nick Martinez  CIN      HOU          3.87
17  2025-05-09       Hunter Brown  HOU      CIN          5.98
18  2025-05-09       Jordan Hicks  SFG      MIN          3.78
19  2025-05-09      Chris Paddack  MIN      SFG           NaN
20  2025-05-09      Randy Vásquez  SDP      COL           NaN
21  2025-05-09  Antonio Senzatela  COL      SDP           NaN
22  2025-05-09    Tomoyuki Sugano  BAL      LAA           NaN
23  2025-05-09     Kyle Hendricks  LAA      BAL          3.07
24  2025-05-09        Roki Sasaki  LAD      ARI           NaN
25  2025-05-09  Eduardo Rodríguez  ARI      LAD           NaN
26  2025-05-09      Kevin Gausman  TOR      SEA          5.34
27  2025-05-09      Luis Castillo  SEA      TOR          4.23
28  2025-05-09        Will Warren  NYY      ATH           NaN
29  2025-05-09       Osvaldo Bido  ATH      NYY           NaN
