2025-04-18 02:16:45,613 - INFO -           Date              Player Team Opponent  Predicted_Ks
0   2025-04-18   Eduardo Rodríguez  ARI      MIA          5.31
1   2025-04-18     Trevor Williams  WSN      PIT           NaN
2   2025-04-18       Andrew Heaney  PIT      WSN          6.05
3   2025-04-18        Brady Singer  CIN      SEA          6.27
4   2025-04-18            JP Sears  ATH      CHW          4.73
5   2025-04-18        Davis Martin  CHW      ATH          3.25
6   2025-04-18        Jordan Hicks  SFG      PHI          4.37
7   2025-04-18  Cristopher Sánchez  PHI      SFG           NaN
8   2025-04-18        Tanner Bibee  CLE      BAL          4.23
9   2025-04-18     Tomoyuki Sugano  BAL      CLE          3.11
10  2025-04-18    Michael Lorenzen  KCR      DET          4.75
11  2025-04-18         Reese Olson  DET      KCR          3.96
12  2025-04-18         Will Warren  NYY      TBR          3.31
13  2025-04-18         Taj Bradley  TBR      NYY          5.10
14  2025-04-18     Griffin Canning  NYM      STL          4.41
15  2025-04-18    Jack Kochanowicz  LAA      TEX          4.05
16  2025-04-18        Kumar Rocker  TEX      LAA          3.64
2025-04-18 02:21:18,784 - INFO -           Date              Player Team Opponent  Predicted_Ks
0   2025-04-18   Eduardo Rodríguez  ARI      MIA          5.31
1   2025-04-18     Trevor Williams  WSN      PIT           NaN
2   2025-04-18       Andrew Heaney  PIT      WSN          6.05
3   2025-04-18        Brady Singer  CIN      SEA          6.27
4   2025-04-18            JP Sears  ATH      CHW          4.73
5   2025-04-18        Davis Martin  CHW      ATH          3.25
6   2025-04-18        Jordan Hicks  SFG      PHI          4.37
7   2025-04-18  Cristopher Sánchez  PHI      SFG           NaN
8   2025-04-18        Tanner Bibee  CLE      BAL          4.23
9   2025-04-18     Tomoyuki Sugano  BAL      CLE          3.11
10  2025-04-18    Michael Lorenzen  KCR      DET          4.75
11  2025-04-18         Reese Olson  DET      KCR          3.96
12  2025-04-18         Will Warren  NYY      TBR          3.31
13  2025-04-18         Taj Bradley  TBR      NYY          5.10
14  2025-04-18     Griffin Canning  NYM      STL          4.41
15  2025-04-18    Jack Kochanowicz  LAA      TEX          4.05
16  2025-04-18        Kumar Rocker  TEX      LAA          3.64
2025-04-18 08:43:09,180 - INFO -           Date              Player Team Opponent  Predicted_Ks
0   2025-04-18       Corbin Burnes  ARI      CHC           NaN
1   2025-04-18         Cole Ragans  KCR      DET           NaN
2   2025-04-18        Jackson Jobe  DET      KCR          3.02
3   2025-04-18          Luis Ortiz  CLE      PIT          4.35
4   2025-04-18   Carmen Mlodzinski  PIT      CLE          5.63
5   2025-04-18     Sandy Alcantara  MIA      PHI          4.30
6   2025-04-18        Zack Wheeler  PHI      MIA           NaN
7   2025-04-18         Cade Povich  BAL      CIN          4.86
8   2025-04-18        Carlos Rodón  NYY      TBR          4.27
9   2025-04-18      Drew Rasmussen  TBR      NYY          4.32
10  2025-04-18           Bryan Woo  SEA      TOR           NaN
11  2025-04-18      Bowden Francis  TOR      SEA          4.19
12  2025-04-18      David Peterson  NYM      STL          4.70
13  2025-04-18       Chris Paddack  MIN      ATL          4.13
14  2025-04-18         Bryce Elder  ATL      MIN          4.26
15  2025-04-18  Yoshinobu Yamamoto  LAD      TEX          6.12
16  2025-04-18        Jacob deGrom  TEX      LAD          4.82
17  2025-04-18           Kyle Hart  SDP      HOU          1.75
18  2025-04-18      Freddy Peralta  MIL      ATH           NaN
19  2025-04-18      MacKenzie Gore  WSN      COL          6.04
20  2025-04-18     Chase Dollander  COL      WSN           NaN
21  2025-04-18          Logan Webb  SFG      LAA           NaN
22  2025-04-18      Tyler Anderson  LAA      SFG          4.30
2025-04-18 08:53:50,424 - INFO -           Date              Player Team Opponent  Predicted_Ks
0   2025-04-18       Corbin Burnes  ARI      CHC           NaN
1   2025-04-18         Cole Ragans  KCR      DET           NaN
2   2025-04-18        Jackson Jobe  DET      KCR          3.02
3   2025-04-18          Luis Ortiz  CLE      PIT          4.35
4   2025-04-18   Carmen Mlodzinski  PIT      CLE          5.63
5   2025-04-18     Sandy Alcantara  MIA      PHI          4.30
6   2025-04-18        Zack Wheeler  PHI      MIA           NaN
7   2025-04-18         Cade Povich  BAL      CIN          4.86
8   2025-04-18        Carlos Rodón  NYY      TBR          4.27
9   2025-04-18      Drew Rasmussen  TBR      NYY          4.32
10  2025-04-18           Bryan Woo  SEA      TOR           NaN
11  2025-04-18      Bowden Francis  TOR      SEA          4.19
12  2025-04-18      David Peterson  NYM      STL          4.70
13  2025-04-18       Chris Paddack  MIN      ATL          4.13
14  2025-04-18         Bryce Elder  ATL      MIN          4.26
15  2025-04-18  Yoshinobu Yamamoto  LAD      TEX          6.12
16  2025-04-18        Jacob deGrom  TEX      LAD          4.82
17  2025-04-18           Kyle Hart  SDP      HOU          1.75
18  2025-04-18      Freddy Peralta  MIL      ATH           NaN
19  2025-04-18      MacKenzie Gore  WSN      COL          6.04
20  2025-04-18     Chase Dollander  COL      WSN           NaN
21  2025-04-18          Logan Webb  SFG      LAA           NaN
22  2025-04-18      Tyler Anderson  LAA      SFG          4.30
