2025-05-14 13:08:07,902 - INFO -           Date             Pitcher Team Opponent  Predicted_Ks
0   2025-05-14         Bailey Ober  MIN      BAL           NaN
1   2025-05-14         Dean Kremer  BAL      MIN          3.06
2   2025-05-14         Erick Fedde  STL      PHI          3.31
3   2025-05-14       Jesús Luzardo  PHI      STL           NaN
4   2025-05-14     Logan Henderson  MIL      CLE           NaN
5   2025-05-14      Gavin Williams  CLE      MIL           NaN
6   2025-05-14   Eduardo Rodríguez  ARI      SFG           NaN
7   2025-05-14        Jordan Hicks  SFG      ARI          4.33
8   2025-05-14         Will Warren  NYY      SEA          5.21
9   2025-05-14       Luis Castillo  SEA      NYY           NaN
10  2025-05-14          Sonny Gray  STL      PHI          5.60
11  2025-05-14          Aaron Nola  PHI      STL          6.34
12  2025-05-14      Hunter Dobbins  BOS      DET           NaN
13  2025-05-14        Tarik Skubal  DET      BOS          7.49
14  2025-05-14         Ryan Pepiot  TBR      TOR           NaN
15  2025-05-14       Chris Bassitt  TOR      TBR          3.57
16  2025-05-14       Bailey Falter  PIT      NYM          4.07
17  2025-05-14         Clay Holmes  NYM      PIT          5.15
18  2025-05-14        Davis Martin  CHW      CIN           NaN
19  2025-05-14         Nick Lodolo  CIN      CHW           NaN
20  2025-05-14     Mitchell Parker  WSN      ATL          3.55
21  2025-05-14         Bryce Elder  ATL      WSN          4.24
22  2025-05-14     Jameson Taillon  CHC      MIA           NaN
23  2025-05-14   Antonio Senzatela  COL      TEX          4.49
24  2025-05-14      Patrick Corbin  TEX      COL           NaN
25  2025-05-14    Michael Lorenzen  KCR      HOU           NaN
26  2025-05-14      Kyle Hendricks  LAA      SDP          2.87
27  2025-05-14       Randy Vásquez  SDP      LAA           NaN
28  2025-05-14      Gunnar Hoglund  ATH      LAD           NaN
29  2025-05-14  Yoshinobu Yamamoto  LAD      ATH          7.16
