2025-04-27 11:51:35,332 - INFO -           Date                Pitcher Team Opponent  Predicted_Ks
0   2025-04-27          Kevin Gausman  TOR      NYY           NaN
1   2025-04-27              Max Fried  NYY      TOR          6.29
2   2025-04-27           Tylor Megill  NYM      WSN           NaN
3   2025-04-27        Mitchell Parker  WSN      NYM           NaN
4   2025-04-27            Logan Allen  CLE      BOS           NaN
5   2025-04-27            Dean Kremer  BAL      DET          3.48
6   2025-04-27           Tarik Skubal  DET      BAL           NaN
7   2025-04-27           José Soriano  LAA      MIN          5.00
8   2025-04-27               Joe Ryan  MIN      LAA           NaN
9   2025-04-27           Hunter Brown  HOU      KCR           NaN
10  2025-04-27             Kris Bubic  KCR      HOU          4.96
11  2025-04-27          Jose Quintana  MIL      STL           NaN
12  2025-04-27            Erick Fedde  STL      MIL          3.75
13  2025-04-27            Nick Lodolo  CIN      COL           NaN
14  2025-04-27           Ryan Feltner  COL      CIN          3.85
15  2025-04-27           Davis Martin  CHW      ATH           NaN
16  2025-04-27           Osvaldo Bido  ATH      CHW           NaN
17  2025-04-27           Jordan Hicks  SFG      TEX          5.15
18  2025-04-27  Spencer Schwellenbach  ATL      ARI           NaN
19  2025-04-27         Brandon Pfaadt  ARI      ATL           NaN
20  2025-04-27          Bailey Falter  PIT      LAD           NaN
21  2025-04-27          Tyler Glasnow  LAD      PIT          3.25
22  2025-04-27           Zack Littell  TBR      SDP          4.49
23  2025-04-27          Randy Vásquez  SDP      TBR           NaN
24  2025-04-27              Max Meyer  MIA      SEA          5.93
25  2025-04-27             Aaron Nola  PHI      CHC          5.05
26  2025-04-27        Jameson Taillon  CHC      PHI           NaN
27  2025-04-27          Chris Bassitt  TOR      NYY          6.27
28  2025-04-27         Clarke Schmidt  NYY      TOR           NaN
