2025-04-23 09:03:08,421 - INFO -           Date             Pitcher Team Opponent  Predicted_Ks
0   2025-04-23         Will Warren  NYY      CLE          3.31
1   2025-04-23        Tanner Bibee  CLE      NYY          4.23
2   2025-04-23        Nick Pivetta  SDP      DET           NaN
3   2025-04-23       Jack Flaherty  DET      SDP           NaN
4   2025-04-23       Nick Martinez  CIN      MIA          4.94
5   2025-04-23         Dean Kremer  BAL      WSN          4.36
6   2025-04-23     Mitchell Parker  WSN      BAL           NaN
7   2025-04-23  Cristopher Sánchez  PHI      NYM           NaN
8   2025-04-23     Griffin Canning  NYM      PHI          4.41
9   2025-04-23          Dustin May  LAD      CHC           NaN
10  2025-04-23       Shota Imanaga  CHC      LAD          4.78
11  2025-04-23        Ryan Feltner  COL      KCR          5.86
12  2025-04-23          Kris Bubic  KCR      COL           NaN
13  2025-04-23        Davis Martin  CHW      MIN          3.25
14  2025-04-23         Bailey Ober  MIN      CHW          3.49
15  2025-04-23       Chris Bassitt  TOR      HOU          5.04
16  2025-04-23        Ronel Blanco  HOU      TOR          3.81
17  2025-04-23       Bailey Falter  PIT      LAA          4.75
18  2025-04-23        José Soriano  LAA      PIT           NaN
19  2025-04-23        Zack Littell  TBR      ARI           NaN
20  2025-04-23      Brandon Pfaadt  ARI      TBR           NaN
21  2025-04-23       Jose Quintana  MIL      SFG           NaN
22  2025-04-23        Jordan Hicks  SFG      MIL          4.37
23  2025-04-23      Patrick Corbin  TEX      ATH          3.02
24  2025-04-23        Osvaldo Bido  ATH      TEX          5.83
2025-04-23 09:10:07,815 - INFO -           Date            Pitcher Team Opponent  Predicted_Ks
0   2025-04-23        Bryce Elder  ATL      STL          4.26
1   2025-04-23       Carlos Rodón  NYY      CLE          4.27
2   2025-04-23         Luis Ortiz  CLE      NYY          4.35
3   2025-04-23          Kyle Hart  SDP      DET          1.75
4   2025-04-23        Reese Olson  DET      SDP          3.96
5   2025-04-23       Brady Singer  CIN      MIA          6.27
6   2025-04-23    Sandy Alcantara  MIA      CIN          4.30
7   2025-04-23       Zack Wheeler  PHI      NYM           NaN
8   2025-04-23     David Peterson  NYM      PHI          4.70
9   2025-04-23       Sean Newcomb  BOS      SEA          3.98
10  2025-04-23    Tomoyuki Sugano  BAL      WSN          3.11
11  2025-04-23    Trevor Williams  WSN      BAL           NaN
12  2025-04-23     Bowden Francis  TOR      HOU          4.19
13  2025-04-23     Germán Márquez  COL      KCR          2.94
14  2025-04-23   Michael Lorenzen  KCR      COL          4.75
15  2025-04-23        David Festa  MIN      CHW          3.70
16  2025-04-23      Andrew Heaney  PIT      LAA          6.05
17  2025-04-23   Jack Kochanowicz  LAA      PIT          4.05
18  2025-04-23        Taj Bradley  TBR      ARI          5.10
19  2025-04-23  Eduardo Rodríguez  ARI      TBR          5.31
20  2025-04-23     Freddy Peralta  MIL      SFG           NaN
21  2025-04-23         Logan Webb  SFG      MIL           NaN
22  2025-04-23       Kumar Rocker  TEX      ATH          3.64
23  2025-04-23           JP Sears  ATH      TEX          4.73
2025-04-23 09:13:26,289 - INFO -           Date            Pitcher Team Opponent  Predicted_Ks
0   2025-04-23        Bryce Elder  ATL      STL          4.26
1   2025-04-23       Carlos Rodón  NYY      CLE          4.27
2   2025-04-23         Luis Ortiz  CLE      NYY          4.35
3   2025-04-23          Kyle Hart  SDP      DET          1.75
4   2025-04-23        Reese Olson  DET      SDP          3.96
5   2025-04-23       Brady Singer  CIN      MIA          6.27
6   2025-04-23    Sandy Alcantara  MIA      CIN          4.30
7   2025-04-23       Zack Wheeler  PHI      NYM           NaN
8   2025-04-23     David Peterson  NYM      PHI          4.70
9   2025-04-23       Sean Newcomb  BOS      SEA          3.98
10  2025-04-23    Tomoyuki Sugano  BAL      WSN          3.11
11  2025-04-23    Trevor Williams  WSN      BAL           NaN
12  2025-04-23     Bowden Francis  TOR      HOU          4.19
13  2025-04-23     Germán Márquez  COL      KCR          2.94
14  2025-04-23   Michael Lorenzen  KCR      COL          4.75
15  2025-04-23        David Festa  MIN      CHW          3.70
16  2025-04-23      Andrew Heaney  PIT      LAA          6.05
17  2025-04-23   Jack Kochanowicz  LAA      PIT          4.05
18  2025-04-23        Taj Bradley  TBR      ARI          5.10
19  2025-04-23  Eduardo Rodríguez  ARI      TBR          5.31
20  2025-04-23     Freddy Peralta  MIL      SFG           NaN
21  2025-04-23         Logan Webb  SFG      MIL           NaN
22  2025-04-23       Kumar Rocker  TEX      ATH          3.64
23  2025-04-23           JP Sears  ATH      TEX          4.73
2025-04-23 09:14:46,473 - INFO -           Date            Pitcher Team Opponent  Predicted_Ks
0   2025-04-23        Bryce Elder  ATL      STL          4.26
1   2025-04-23       Carlos Rodón  NYY      CLE          4.27
2   2025-04-23         Luis Ortiz  CLE      NYY          4.35
3   2025-04-23          Kyle Hart  SDP      DET          1.75
4   2025-04-23        Reese Olson  DET      SDP          3.96
5   2025-04-23       Brady Singer  CIN      MIA          6.27
6   2025-04-23    Sandy Alcantara  MIA      CIN          4.30
7   2025-04-23       Zack Wheeler  PHI      NYM           NaN
8   2025-04-23     David Peterson  NYM      PHI          4.70
9   2025-04-23       Sean Newcomb  BOS      SEA          3.98
10  2025-04-23    Tomoyuki Sugano  BAL      WSN          3.11
11  2025-04-23    Trevor Williams  WSN      BAL           NaN
12  2025-04-23     Bowden Francis  TOR      HOU          4.19
13  2025-04-23     Germán Márquez  COL      KCR          2.94
14  2025-04-23   Michael Lorenzen  KCR      COL          4.75
15  2025-04-23        David Festa  MIN      CHW          3.70
16  2025-04-23      Andrew Heaney  PIT      LAA          6.05
17  2025-04-23   Jack Kochanowicz  LAA      PIT          4.05
18  2025-04-23        Taj Bradley  TBR      ARI          5.10
19  2025-04-23  Eduardo Rodríguez  ARI      TBR          5.31
20  2025-04-23     Freddy Peralta  MIL      SFG           NaN
21  2025-04-23         Logan Webb  SFG      MIL           NaN
22  2025-04-23       Kumar Rocker  TEX      ATH          3.64
23  2025-04-23           JP Sears  ATH      TEX          4.73
2025-04-23 09:16:15,840 - INFO -           Date            Pitcher Team Opponent  Predicted_Ks
0   2025-04-23        Bryce Elder  ATL      STL          4.26
1   2025-04-23       Carlos Rodón  NYY      CLE          4.27
2   2025-04-23         Luis Ortiz  CLE      NYY          4.35
3   2025-04-23          Kyle Hart  SDP      DET          1.75
4   2025-04-23        Reese Olson  DET      SDP          3.96
5   2025-04-23       Brady Singer  CIN      MIA          6.27
6   2025-04-23    Sandy Alcantara  MIA      CIN          4.30
7   2025-04-23       Zack Wheeler  PHI      NYM           NaN
8   2025-04-23     David Peterson  NYM      PHI          4.70
9   2025-04-23       Sean Newcomb  BOS      SEA          3.98
10  2025-04-23    Tomoyuki Sugano  BAL      WSN          3.11
11  2025-04-23    Trevor Williams  WSN      BAL           NaN
12  2025-04-23     Bowden Francis  TOR      HOU          4.19
13  2025-04-23     Germán Márquez  COL      KCR          2.94
14  2025-04-23   Michael Lorenzen  KCR      COL          4.75
15  2025-04-23        David Festa  MIN      CHW          3.70
16  2025-04-23      Andrew Heaney  PIT      LAA          6.05
17  2025-04-23   Jack Kochanowicz  LAA      PIT          4.05
18  2025-04-23        Taj Bradley  TBR      ARI          5.10
19  2025-04-23  Eduardo Rodríguez  ARI      TBR          5.31
20  2025-04-23     Freddy Peralta  MIL      SFG           NaN
21  2025-04-23         Logan Webb  SFG      MIL           NaN
22  2025-04-23       Kumar Rocker  TEX      ATH          3.64
23  2025-04-23           JP Sears  ATH      TEX          4.73
2025-04-23 10:28:58,284 - INFO -           Date            Pitcher Team Opponent  Predicted_Ks
0   2025-04-23        Bryce Elder  ATL      STL          4.26
1   2025-04-23       Carlos Rodón  NYY      CLE          4.27
2   2025-04-23         Luis Ortiz  CLE      NYY          4.35
3   2025-04-23          Kyle Hart  SDP      DET          1.75
4   2025-04-23        Reese Olson  DET      SDP          3.96
5   2025-04-23       Brady Singer  CIN      MIA          6.27
6   2025-04-23    Sandy Alcantara  MIA      CIN          4.30
7   2025-04-23       Zack Wheeler  PHI      NYM           NaN
8   2025-04-23     David Peterson  NYM      PHI          4.70
9   2025-04-23       Sean Newcomb  BOS      SEA          3.98
10  2025-04-23    Tomoyuki Sugano  BAL      WSN          3.11
11  2025-04-23    Trevor Williams  WSN      BAL           NaN
12  2025-04-23     Bowden Francis  TOR      HOU          4.19
13  2025-04-23     Germán Márquez  COL      KCR          2.94
14  2025-04-23   Michael Lorenzen  KCR      COL          4.75
15  2025-04-23        David Festa  MIN      CHW          3.70
16  2025-04-23      Andrew Heaney  PIT      LAA          6.05
17  2025-04-23   Jack Kochanowicz  LAA      PIT          4.05
18  2025-04-23        Taj Bradley  TBR      ARI          5.10
19  2025-04-23  Eduardo Rodríguez  ARI      TBR          5.31
20  2025-04-23     Freddy Peralta  MIL      SFG           NaN
21  2025-04-23         Logan Webb  SFG      MIL           NaN
22  2025-04-23       Kumar Rocker  TEX      ATH          3.64
23  2025-04-23           JP Sears  ATH      TEX          4.73
