2025-05-17 10:55:25,509 - INFO -           Date            Pitcher Team Opponent  Predicted_Ks
0   2025-05-17    Griffin Canning  NYM      NYY          5.27
1   2025-05-17     Clarke Schmidt  NYY      NYM          5.56
2   2025-05-17         Sean Burke  CHW      CHC           NaN
3   2025-05-17       Matthew Boyd  CHC      CHW          4.38
4   2025-05-17         Jake Irvin  WSN      BAL          4.42
5   2025-05-17        Kyle Gibson  BAL      WSN           NaN
6   2025-05-17     Drew Rasmussen  TBR      MIA           NaN
7   2025-05-17    Sandy Alcantara  MIA      TBR          3.39
8   2025-05-17  Carmen Mlodzinski  PIT      PHI           NaN
9   2025-05-17       Zack Wheeler  PHI      PIT           NaN
10  2025-05-17        Brent Suter  CIN      CLE           NaN
11  2025-05-17       Ronel Blanco  HOU      TEX           NaN
12  2025-05-17        Tyler Mahle  TEX      HOU          3.85
13  2025-05-17       Grant Holmes  ATL      BOS          5.60
14  2025-05-17      Lucas Giolito  BOS      ATL           NaN
15  2025-05-17        Pablo López  MIN      MIL          5.57
16  2025-05-17       Tobias Myers  MIL      MIN           NaN
17  2025-05-17     Germán Márquez  COL      ARI           NaN
18  2025-05-17         Zac Gallen  ARI      COL          5.57
19  2025-05-17    Emerson Hancock  SEA      SDP          5.04
20  2025-05-17       Nick Pivetta  SDP      SEA           NaN
21  2025-05-17      Luis Severino  ATH      SFG          4.32
22  2025-05-17       Landen Roupp  SFG      ATH           NaN
23  2025-05-17     Tyler Anderson  LAA      LAD           NaN
