2025-04-30 06:44:02,763 - INFO -           Date             Pitcher Team Opponent  Predicted_Ks
0   2025-04-30       Miles Mikolas  STL      CIN          4.34
1   2025-04-30        Brady Singer  CIN      STL           NaN
2   2025-04-30        Jackson Jobe  DET      HOU           NaN
3   2025-04-30          Chris Sale  ATL      COL          4.90
4   2025-04-30     Chase Dollander  COL      ATL           NaN
5   2025-04-30       Cal Quantrill  MIA      LAD          4.02
6   2025-04-30        Landen Roupp  SFG      SDP          5.36
7   2025-04-30        Michael King  SDP      SFG          6.00
8   2025-04-30      Tyler Anderson  LAA      SEA          4.63
9   2025-04-30     Emerson Hancock  SEA      LAA          3.90
10  2025-04-30         Pablo López  MIN      CLE          4.82
11  2025-04-30          Luis Ortiz  CLE      MIN          5.27
12  2025-04-30     Carlos Carrasco  NYY      BAL          4.33
13  2025-04-30         Cade Povich  BAL      NYY          4.55
14  2025-04-30        Matthew Boyd  CHC      PIT           NaN
15  2025-04-30   Carmen Mlodzinski  PIT      CHC           NaN
16  2025-04-30          Jake Irvin  WSN      PHI          4.56
17  2025-04-30  Cristopher Sánchez  PHI      WSN          6.52
18  2025-04-30      Drew Rasmussen  TBR      KCR          5.21
19  2025-04-30         Shane Smith  CHW      MIL          4.32
20  2025-04-30       Luis Severino  ATH      TEX           NaN
21  2025-04-30      Nathan Eovaldi  TEX      ATH          5.79
2025-04-30 06:57:57,547 - INFO -           Date             Pitcher Team Opponent  Predicted_Ks
0   2025-04-30       Miles Mikolas  STL      CIN           NaN
1   2025-04-30        Brady Singer  CIN      STL           NaN
2   2025-04-30        Jackson Jobe  DET      HOU          4.56
3   2025-04-30          Chris Sale  ATL      COL          6.03
4   2025-04-30     Chase Dollander  COL      ATL           NaN
5   2025-04-30       Cal Quantrill  MIA      LAD          3.75
6   2025-04-30        Landen Roupp  SFG      SDP          6.24
7   2025-04-30        Michael King  SDP      SFG          7.67
8   2025-04-30      Tyler Anderson  LAA      SEA           NaN
9   2025-04-30     Emerson Hancock  SEA      LAA           NaN
10  2025-04-30         Pablo López  MIN      CLE           NaN
11  2025-04-30          Luis Ortiz  CLE      MIN           NaN
12  2025-04-30     Carlos Carrasco  NYY      BAL           NaN
13  2025-04-30         Cade Povich  BAL      NYY           NaN
14  2025-04-30        Matthew Boyd  CHC      PIT          4.39
15  2025-04-30   Carmen Mlodzinski  PIT      CHC           NaN
16  2025-04-30          Jake Irvin  WSN      PHI          4.53
17  2025-04-30  Cristopher Sánchez  PHI      WSN           NaN
18  2025-04-30      Drew Rasmussen  TBR      KCR           NaN
19  2025-04-30        Tobias Myers  MIL      CHW          3.26
20  2025-04-30         Shane Smith  CHW      MIL          3.58
21  2025-04-30       Luis Severino  ATH      TEX           NaN
22  2025-04-30      Nathan Eovaldi  TEX      ATH           NaN
2025-04-30 07:01:24,754 - INFO -           Date             Pitcher Team Opponent  Predicted_Ks
0   2025-04-30       Miles Mikolas  STL      CIN           NaN
1   2025-04-30        Brady Singer  CIN      STL           NaN
2   2025-04-30        Jackson Jobe  DET      HOU          4.56
3   2025-04-30          Chris Sale  ATL      COL          6.03
4   2025-04-30     Chase Dollander  COL      ATL           NaN
5   2025-04-30       Cal Quantrill  MIA      LAD          3.75
6   2025-04-30        Landen Roupp  SFG      SDP          6.24
7   2025-04-30        Michael King  SDP      SFG          7.67
8   2025-04-30      Tyler Anderson  LAA      SEA           NaN
9   2025-04-30     Emerson Hancock  SEA      LAA           NaN
10  2025-04-30         Pablo López  MIN      CLE           NaN
11  2025-04-30          Luis Ortiz  CLE      MIN           NaN
12  2025-04-30     Carlos Carrasco  NYY      BAL           NaN
13  2025-04-30         Cade Povich  BAL      NYY           NaN
14  2025-04-30        Matthew Boyd  CHC      PIT          4.39
15  2025-04-30   Carmen Mlodzinski  PIT      CHC           NaN
16  2025-04-30          Jake Irvin  WSN      PHI          4.53
17  2025-04-30  Cristopher Sánchez  PHI      WSN           NaN
18  2025-04-30      Drew Rasmussen  TBR      KCR           NaN
19  2025-04-30        Tobias Myers  MIL      CHW          3.26
20  2025-04-30         Shane Smith  CHW      MIL          3.58
21  2025-04-30       Luis Severino  ATH      TEX           NaN
22  2025-04-30      Nathan Eovaldi  TEX      ATH           NaN
2025-04-30 10:41:30,755 - INFO -           Date             Pitcher Team Opponent  Predicted_Ks
0   2025-04-30       Miles Mikolas  STL      CIN           NaN
1   2025-04-30        Brady Singer  CIN      STL           NaN
2   2025-04-30        Jackson Jobe  DET      HOU          4.56
3   2025-04-30          Chris Sale  ATL      COL          6.03
4   2025-04-30     Chase Dollander  COL      ATL           NaN
5   2025-04-30       Cal Quantrill  MIA      LAD          3.75
6   2025-04-30        Landen Roupp  SFG      SDP          6.24
7   2025-04-30        Michael King  SDP      SFG          7.67
8   2025-04-30      Tyler Anderson  LAA      SEA           NaN
9   2025-04-30     Emerson Hancock  SEA      LAA           NaN
10  2025-04-30         Pablo López  MIN      CLE           NaN
11  2025-04-30          Luis Ortiz  CLE      MIN           NaN
12  2025-04-30     Carlos Carrasco  NYY      BAL           NaN
13  2025-04-30         Cade Povich  BAL      NYY           NaN
14  2025-04-30        Matthew Boyd  CHC      PIT          4.39
15  2025-04-30   Carmen Mlodzinski  PIT      CHC           NaN
16  2025-04-30          Jake Irvin  WSN      PHI          4.53
17  2025-04-30  Cristopher Sánchez  PHI      WSN           NaN
18  2025-04-30      Drew Rasmussen  TBR      KCR           NaN
19  2025-04-30        Tobias Myers  MIL      CHW          3.26
20  2025-04-30         Shane Smith  CHW      MIL          3.58
21  2025-04-30       Luis Severino  ATH      TEX           NaN
22  2025-04-30      Nathan Eovaldi  TEX      ATH           NaN
2025-04-30 13:49:25,738 - INFO -           Date             Pitcher Team Opponent  Predicted_Ks
0   2025-04-30       Miles Mikolas  STL      CIN           NaN
1   2025-04-30        Brady Singer  CIN      STL           NaN
2   2025-04-30        Jackson Jobe  DET      HOU          4.56
3   2025-04-30          Chris Sale  ATL      COL          6.03
4   2025-04-30     Chase Dollander  COL      ATL           NaN
5   2025-04-30       Cal Quantrill  MIA      LAD          3.75
6   2025-04-30        Landen Roupp  SFG      SDP          6.24
7   2025-04-30        Michael King  SDP      SFG          7.67
8   2025-04-30      Tyler Anderson  LAA      SEA           NaN
9   2025-04-30     Emerson Hancock  SEA      LAA           NaN
10  2025-04-30         Pablo López  MIN      CLE           NaN
11  2025-04-30          Luis Ortiz  CLE      MIN           NaN
12  2025-04-30     Carlos Carrasco  NYY      BAL           NaN
13  2025-04-30         Cade Povich  BAL      NYY           NaN
14  2025-04-30        Matthew Boyd  CHC      PIT          4.39
15  2025-04-30   Carmen Mlodzinski  PIT      CHC           NaN
16  2025-04-30          Jake Irvin  WSN      PHI          4.53
17  2025-04-30  Cristopher Sánchez  PHI      WSN           NaN
18  2025-04-30      Drew Rasmussen  TBR      KCR           NaN
19  2025-04-30       Corbin Burnes  ARI      NYM           NaN
20  2025-04-30        Tobias Myers  MIL      CHW          3.26
21  2025-04-30         Shane Smith  CHW      MIL          3.58
22  2025-04-30       Luis Severino  ATH      TEX           NaN
23  2025-04-30      Nathan Eovaldi  TEX      ATH           NaN
