2025-04-20 11:05:47,045 - INFO -           Date             Player Team Opponent  Predicted_Ks
0   2025-04-20           Joe Ryan  MIN      ATL           NaN
1   2025-04-20       Grant Holmes  ATL      MIN           NaN
2   2025-04-20     Charlie Morton  BAL      CIN           NaN
3   2025-04-20         Sean Burke  CHW      BOS          3.50
4   2025-04-20       Tanner Houck  BOS      CHW           NaN
5   2025-04-20   Connor Gillispie  MIA      PHI           NaN
6   2025-04-20      Jesús Luzardo  PHI      MIA           NaN
7   2025-04-20        Logan Allen  CLE      PIT          2.44
8   2025-04-20       Mitch Keller  PIT      CLE           NaN
9   2025-04-20      Luis Castillo  SEA      TOR          4.85
10  2025-04-20       Easton Lucas  TOR      SEA           NaN
11  2025-04-20      Michael Wacha  KCR      DET          3.82
12  2025-04-20       Tarik Skubal  DET      KCR          4.38
13  2025-04-20         Sonny Gray  STL      NYM           NaN
14  2025-04-20        Clay Holmes  NYM      STL          4.55
15  2025-04-20          Max Fried  NYY      TBR           NaN
16  2025-04-20        Ryan Pepiot  TBR      NYY          5.06
17  2025-04-20    Jeffrey Springs  ATH      MIL          5.76
18  2025-04-20      Merrill Kelly  ARI      CHC           NaN
19  2025-04-20    Jameson Taillon  CHC      ARI          4.57
20  2025-04-20      Tyler Glasnow  LAD      TEX          4.77
21  2025-04-20        Tyler Mahle  TEX      LAD          3.96
22  2025-04-20         Jake Irvin  WSN      COL          4.85
23  2025-04-20      Kyle Freeland  COL      WSN          4.40
24  2025-04-20   Justin Verlander  SFG      LAA           NaN
25  2025-04-20      Yusei Kikuchi  LAA      SFG           NaN
26  2025-04-20        Dylan Cease  SDP      HOU          5.42
27  2025-04-20     Framber Valdez  HOU      SDP          4.80
28  2025-04-20          Brad Lord  WSN      COL           NaN
29  2025-04-20  Antonio Senzatela  COL      WSN           NaN
