2025-04-24 09:28:00,018 - INFO -           Date            Pitcher Team Opponent  Predicted_Ks
0   2025-04-24        Bryce Elder  ATL      STL          4.26
1   2025-04-24       Carlos Rodón  NYY      CLE          4.27
2   2025-04-24         Luis Ortiz  CLE      NYY          4.35
3   2025-04-24          Kyle Hart  SDP      DET          1.75
4   2025-04-24        Reese Olson  DET      SDP          3.96
5   2025-04-24       Brady Singer  CIN      MIA          6.27
6   2025-04-24    Sandy Alcantara  MIA      CIN          4.30
7   2025-04-24       Zack Wheeler  PHI      NYM           NaN
8   2025-04-24     David Peterson  NYM      PHI          4.70
9   2025-04-24       Sean Newcomb  BOS      SEA          3.98
10  2025-04-24    Tomoyuki Sugano  BAL      WSN          3.11
11  2025-04-24    Trevor Williams  WSN      BAL           NaN
12  2025-04-24     Bowden Francis  TOR      HOU          4.19
13  2025-04-24     Germán Márquez  COL      KCR          2.94
14  2025-04-24   Michael Lorenzen  KCR      COL          4.75
15  2025-04-24        David Festa  MIN      CHW          3.70
16  2025-04-24      Andrew Heaney  PIT      LAA          6.05
17  2025-04-24   Jack Kochanowicz  LAA      PIT          4.05
18  2025-04-24        Taj Bradley  TBR      ARI          5.10
19  2025-04-24  Eduardo Rodríguez  ARI      TBR          5.31
20  2025-04-24     Freddy Peralta  MIL      SFG           NaN
21  2025-04-24         Logan Webb  SFG      MIL           NaN
22  2025-04-24       Kumar Rocker  TEX      ATH          3.64
23  2025-04-24           JP Sears  ATH      TEX          4.73
2025-04-24 09:30:48,740 - INFO -           Date            Pitcher Team Opponent  Predicted_Ks
0   2025-04-24        Shane Smith  CHW      MIN           NaN
1   2025-04-24      Chris Paddack  MIN      CHW          4.13
2   2025-04-24          Bryan Woo  SEA      BOS           NaN
3   2025-04-24    Garrett Crochet  BOS      SEA          5.41
4   2025-04-24     Germán Márquez  COL      KCR          2.94
5   2025-04-24        Cole Ragans  KCR      COL           NaN
6   2025-04-24       Landen Roupp  SFG      MIL          4.68
7   2025-04-24        Cade Povich  BAL      WSN          4.86
8   2025-04-24     MacKenzie Gore  WSN      BAL          6.04
9   2025-04-24  Carmen Mlodzinski  PIT      LAA          5.63
10  2025-04-24     Tyler Anderson  LAA      PIT          4.30
11  2025-04-24     Drew Rasmussen  TBR      ARI          4.32
12  2025-04-24      Corbin Burnes  ARI      TBR           NaN
13  2025-04-24       Jacob deGrom  TEX      ATH          4.82
14  2025-04-24    Chase Dollander  COL      KCR           NaN
15  2025-04-24   Michael Lorenzen  KCR      COL          4.75
