2025-04-21 10:18:52,530 - INFO -           Date                 Player Team Opponent  Predicted_Ks
0   2025-04-21        Jonathan Cannon  CHW      BOS          5.03
1   2025-04-21         Walker Buehler  BOS      CHW          4.86
2   2025-04-21         Gavin Williams  CLE      NYY           NaN
3   2025-04-21          Randy Vásquez  SDP      DET           NaN
4   2025-04-21            Nick Lodolo  CIN      MIA           NaN
5   2025-04-21              Max Meyer  MIA      CIN          5.43
6   2025-04-21             Aaron Nola  PHI      NYM          4.63
7   2025-04-21           Tylor Megill  NYM      PHI          4.40
8   2025-04-21            Erick Fedde  STL      ATL          2.72
9   2025-04-21  Spencer Schwellenbach  ATL      STL           NaN
10  2025-04-21          Kevin Gausman  TOR      HOU           NaN
11  2025-04-21           Hunter Brown  HOU      TOR          4.08
12  2025-04-21         Quinn Priester  MIL      SFG          3.40
13  2025-04-21             Robbie Ray  SFG      MIL          3.28
2025-04-21 11:35:35,275 - INFO -           Date                 Player Team Opponent  Predicted_Ks
0   2025-04-21        Jonathan Cannon  CHW      BOS          5.03
1   2025-04-21         Walker Buehler  BOS      CHW          4.86
2   2025-04-21         Gavin Williams  CLE      NYY           NaN
3   2025-04-21          Randy Vásquez  SDP      DET           NaN
4   2025-04-21            Nick Lodolo  CIN      MIA           NaN
5   2025-04-21              Max Meyer  MIA      CIN          5.43
6   2025-04-21             Aaron Nola  PHI      NYM          4.63
7   2025-04-21           Tylor Megill  NYM      PHI          4.40
8   2025-04-21            Erick Fedde  STL      ATL          2.72
9   2025-04-21  Spencer Schwellenbach  ATL      STL           NaN
10  2025-04-21          Kevin Gausman  TOR      HOU           NaN
11  2025-04-21           Hunter Brown  HOU      TOR          4.08
12  2025-04-21         Quinn Priester  MIL      SFG          3.40
13  2025-04-21             Robbie Ray  SFG      MIL          3.28
2025-04-21 11:36:43,656 - INFO -           Date                 Player Team Opponent  Predicted_Ks
0   2025-04-21        Jonathan Cannon  CHW      BOS          5.03
1   2025-04-21         Walker Buehler  BOS      CHW          4.86
2   2025-04-21         Gavin Williams  CLE      NYY           NaN
3   2025-04-21          Randy Vásquez  SDP      DET           NaN
4   2025-04-21            Nick Lodolo  CIN      MIA           NaN
5   2025-04-21              Max Meyer  MIA      CIN          5.43
6   2025-04-21             Aaron Nola  PHI      NYM          4.63
7   2025-04-21           Tylor Megill  NYM      PHI          4.40
8   2025-04-21            Erick Fedde  STL      ATL          2.72
9   2025-04-21  Spencer Schwellenbach  ATL      STL           NaN
10  2025-04-21          Kevin Gausman  TOR      HOU           NaN
11  2025-04-21           Hunter Brown  HOU      TOR          4.08
12  2025-04-21         Quinn Priester  MIL      SFG          3.40
13  2025-04-21             Robbie Ray  SFG      MIL          3.28
2025-04-21 11:37:45,345 - INFO -           Date                 Player Team Opponent  Predicted_Ks
0   2025-04-21        Jonathan Cannon  CHW      BOS          5.03
1   2025-04-21         Walker Buehler  BOS      CHW          4.86
2   2025-04-21         Gavin Williams  CLE      NYY           NaN
3   2025-04-21          Randy Vásquez  SDP      DET           NaN
4   2025-04-21            Nick Lodolo  CIN      MIA           NaN
5   2025-04-21              Max Meyer  MIA      CIN          5.43
6   2025-04-21             Aaron Nola  PHI      NYM          4.63
7   2025-04-21           Tylor Megill  NYM      PHI          4.40
8   2025-04-21            Erick Fedde  STL      ATL          2.72
9   2025-04-21  Spencer Schwellenbach  ATL      STL           NaN
10  2025-04-21          Kevin Gausman  TOR      HOU           NaN
11  2025-04-21           Hunter Brown  HOU      TOR          4.08
12  2025-04-21         Quinn Priester  MIL      SFG          3.40
13  2025-04-21             Robbie Ray  SFG      MIL          3.28
2025-04-21 11:39:25,312 - INFO -           Date                 Player Team Opponent  Predicted_Ks
0   2025-04-21        Jonathan Cannon  CHW      BOS          5.03
1   2025-04-21         Walker Buehler  BOS      CHW          4.86
2   2025-04-21         Gavin Williams  CLE      NYY           NaN
3   2025-04-21          Randy Vásquez  SDP      DET           NaN
4   2025-04-21            Nick Lodolo  CIN      MIA           NaN
5   2025-04-21              Max Meyer  MIA      CIN          5.43
6   2025-04-21             Aaron Nola  PHI      NYM          4.63
7   2025-04-21           Tylor Megill  NYM      PHI          4.40
8   2025-04-21            Erick Fedde  STL      ATL          2.72
9   2025-04-21  Spencer Schwellenbach  ATL      STL           NaN
10  2025-04-21          Kevin Gausman  TOR      HOU           NaN
11  2025-04-21           Hunter Brown  HOU      TOR          4.08
12  2025-04-21         Quinn Priester  MIL      SFG          3.40
13  2025-04-21             Robbie Ray  SFG      MIL          3.28
2025-04-21 11:41:56,469 - INFO -           Date                 Player Team Opponent  Predicted_Ks
0   2025-04-21        Jonathan Cannon  CHW      BOS          5.03
1   2025-04-21         Walker Buehler  BOS      CHW          4.86
2   2025-04-21         Gavin Williams  CLE      NYY           NaN
3   2025-04-21          Randy Vásquez  SDP      DET           NaN
4   2025-04-21            Nick Lodolo  CIN      MIA           NaN
5   2025-04-21              Max Meyer  MIA      CIN          5.43
6   2025-04-21             Aaron Nola  PHI      NYM          4.63
7   2025-04-21           Tylor Megill  NYM      PHI          4.40
8   2025-04-21            Erick Fedde  STL      ATL          2.72
9   2025-04-21  Spencer Schwellenbach  ATL      STL           NaN
10  2025-04-21          Kevin Gausman  TOR      HOU           NaN
11  2025-04-21           Hunter Brown  HOU      TOR          4.08
12  2025-04-21         Quinn Priester  MIL      SFG          3.40
13  2025-04-21             Robbie Ray  SFG      MIL          3.28
2025-04-21 11:42:45,100 - INFO -           Date                Pitcher Team Opponent  Predicted_Ks
0   2025-04-21        Jonathan Cannon  CHW      BOS          5.03
1   2025-04-21         Walker Buehler  BOS      CHW          4.86
2   2025-04-21         Gavin Williams  CLE      NYY           NaN
3   2025-04-21          Randy Vásquez  SDP      DET           NaN
4   2025-04-21            Nick Lodolo  CIN      MIA           NaN
5   2025-04-21              Max Meyer  MIA      CIN          5.43
6   2025-04-21             Aaron Nola  PHI      NYM          4.63
7   2025-04-21           Tylor Megill  NYM      PHI          4.40
8   2025-04-21            Erick Fedde  STL      ATL          2.72
9   2025-04-21  Spencer Schwellenbach  ATL      STL           NaN
10  2025-04-21          Kevin Gausman  TOR      HOU           NaN
11  2025-04-21           Hunter Brown  HOU      TOR          4.08
12  2025-04-21         Quinn Priester  MIL      SFG          3.40
13  2025-04-21             Robbie Ray  SFG      MIL          3.28
2025-04-21 11:44:20,040 - INFO -           Date                Pitcher Team Opponent  Predicted_Ks
0   2025-04-21        Jonathan Cannon  CHW      BOS          5.03
1   2025-04-21         Walker Buehler  BOS      CHW          4.86
2   2025-04-21         Gavin Williams  CLE      NYY           NaN
3   2025-04-21          Randy Vásquez  SDP      DET           NaN
4   2025-04-21            Nick Lodolo  CIN      MIA           NaN
5   2025-04-21              Max Meyer  MIA      CIN          5.43
6   2025-04-21             Aaron Nola  PHI      NYM          4.63
7   2025-04-21           Tylor Megill  NYM      PHI          4.40
8   2025-04-21            Erick Fedde  STL      ATL          2.72
9   2025-04-21  Spencer Schwellenbach  ATL      STL           NaN
10  2025-04-21          Kevin Gausman  TOR      HOU           NaN
11  2025-04-21           Hunter Brown  HOU      TOR          4.08
12  2025-04-21         Quinn Priester  MIL      SFG          3.40
13  2025-04-21             Robbie Ray  SFG      MIL          3.28
2025-04-21 11:45:16,468 - INFO -           Date                Pitcher Team Opponent  Predicted_Ks
0   2025-04-21        Jonathan Cannon  CHW      BOS          5.03
1   2025-04-21         Walker Buehler  BOS      CHW          4.86
2   2025-04-21         Gavin Williams  CLE      NYY           NaN
3   2025-04-21          Randy Vásquez  SDP      DET           NaN
4   2025-04-21            Nick Lodolo  CIN      MIA           NaN
5   2025-04-21              Max Meyer  MIA      CIN          5.43
6   2025-04-21             Aaron Nola  PHI      NYM          4.63
7   2025-04-21           Tylor Megill  NYM      PHI          4.40
8   2025-04-21            Erick Fedde  STL      ATL          2.72
9   2025-04-21  Spencer Schwellenbach  ATL      STL           NaN
10  2025-04-21          Kevin Gausman  TOR      HOU           NaN
11  2025-04-21           Hunter Brown  HOU      TOR          4.08
12  2025-04-21         Quinn Priester  MIL      SFG          3.40
13  2025-04-21             Robbie Ray  SFG      MIL          3.28
2025-04-21 11:45:50,973 - INFO -           Date                Pitcher Team Opponent  Predicted_Ks
0   2025-04-21        Jonathan Cannon  CHW      BOS          5.03
1   2025-04-21         Walker Buehler  BOS      CHW          4.86
2   2025-04-21         Gavin Williams  CLE      NYY           NaN
3   2025-04-21          Randy Vásquez  SDP      DET           NaN
4   2025-04-21            Nick Lodolo  CIN      MIA           NaN
5   2025-04-21              Max Meyer  MIA      CIN          5.43
6   2025-04-21             Aaron Nola  PHI      NYM          4.63
7   2025-04-21           Tylor Megill  NYM      PHI          4.40
8   2025-04-21            Erick Fedde  STL      ATL          2.72
9   2025-04-21  Spencer Schwellenbach  ATL      STL           NaN
10  2025-04-21          Kevin Gausman  TOR      HOU           NaN
11  2025-04-21           Hunter Brown  HOU      TOR          4.08
12  2025-04-21         Quinn Priester  MIL      SFG          3.40
13  2025-04-21             Robbie Ray  SFG      MIL          3.28
2025-04-21 11:47:04,563 - INFO -           Date                Pitcher Team Opponent  Predicted_Ks
0   2025-04-21        Jonathan Cannon  CHW      BOS          5.03
1   2025-04-21         Walker Buehler  BOS      CHW          4.86
2   2025-04-21         Gavin Williams  CLE      NYY           NaN
3   2025-04-21          Randy Vásquez  SDP      DET           NaN
4   2025-04-21            Nick Lodolo  CIN      MIA           NaN
5   2025-04-21              Max Meyer  MIA      CIN          5.43
6   2025-04-21             Aaron Nola  PHI      NYM          4.63
7   2025-04-21           Tylor Megill  NYM      PHI          4.40
8   2025-04-21            Erick Fedde  STL      ATL          2.72
9   2025-04-21  Spencer Schwellenbach  ATL      STL           NaN
10  2025-04-21          Kevin Gausman  TOR      HOU           NaN
11  2025-04-21           Hunter Brown  HOU      TOR          4.08
12  2025-04-21         Quinn Priester  MIL      SFG          3.40
13  2025-04-21             Robbie Ray  SFG      MIL          3.28
2025-04-21 11:47:47,204 - INFO -           Date                Pitcher Team Opponent  Predicted_Ks
0   2025-04-21        Jonathan Cannon  CHW      BOS          5.03
1   2025-04-21         Walker Buehler  BOS      CHW          4.86
2   2025-04-21         Gavin Williams  CLE      NYY           NaN
3   2025-04-21          Randy Vásquez  SDP      DET           NaN
4   2025-04-21            Nick Lodolo  CIN      MIA           NaN
5   2025-04-21              Max Meyer  MIA      CIN          5.43
6   2025-04-21             Aaron Nola  PHI      NYM          4.63
7   2025-04-21           Tylor Megill  NYM      PHI          4.40
8   2025-04-21            Erick Fedde  STL      ATL          2.72
9   2025-04-21  Spencer Schwellenbach  ATL      STL           NaN
10  2025-04-21          Kevin Gausman  TOR      HOU           NaN
11  2025-04-21           Hunter Brown  HOU      TOR          4.08
12  2025-04-21         Quinn Priester  MIL      SFG          3.40
13  2025-04-21             Robbie Ray  SFG      MIL          3.28
2025-04-21 11:48:39,523 - INFO -           Date                Pitcher Team Opponent  Predicted_Ks
0   2025-04-21        Jonathan Cannon  CHW      BOS          5.03
1   2025-04-21         Walker Buehler  BOS      CHW          4.86
2   2025-04-21         Gavin Williams  CLE      NYY           NaN
3   2025-04-21          Randy Vásquez  SDP      DET           NaN
4   2025-04-21            Nick Lodolo  CIN      MIA           NaN
5   2025-04-21              Max Meyer  MIA      CIN          5.43
6   2025-04-21             Aaron Nola  PHI      NYM          4.63
7   2025-04-21           Tylor Megill  NYM      PHI          4.40
8   2025-04-21            Erick Fedde  STL      ATL          2.72
9   2025-04-21  Spencer Schwellenbach  ATL      STL           NaN
10  2025-04-21          Kevin Gausman  TOR      HOU           NaN
11  2025-04-21           Hunter Brown  HOU      TOR          4.08
12  2025-04-21         Quinn Priester  MIL      SFG          3.40
13  2025-04-21             Robbie Ray  SFG      MIL          3.28
2025-04-21 11:49:22,878 - INFO -           Date                Pitcher Team Opponent  Predicted_Ks
0   2025-04-21        Jonathan Cannon  CHW      BOS          5.03
1   2025-04-21         Walker Buehler  BOS      CHW          4.86
2   2025-04-21         Gavin Williams  CLE      NYY           NaN
3   2025-04-21          Randy Vásquez  SDP      DET           NaN
4   2025-04-21            Nick Lodolo  CIN      MIA           NaN
5   2025-04-21              Max Meyer  MIA      CIN          5.43
6   2025-04-21             Aaron Nola  PHI      NYM          4.63
7   2025-04-21           Tylor Megill  NYM      PHI          4.40
8   2025-04-21            Erick Fedde  STL      ATL          2.72
9   2025-04-21  Spencer Schwellenbach  ATL      STL           NaN
10  2025-04-21          Kevin Gausman  TOR      HOU           NaN
11  2025-04-21           Hunter Brown  HOU      TOR          4.08
12  2025-04-21         Quinn Priester  MIL      SFG          3.40
13  2025-04-21             Robbie Ray  SFG      MIL          3.28
2025-04-21 11:51:12,020 - INFO -           Date                Pitcher Team Opponent  Predicted_Ks
0   2025-04-21        Jonathan Cannon  CHW      BOS          5.03
1   2025-04-21         Walker Buehler  BOS      CHW          4.86
2   2025-04-21         Gavin Williams  CLE      NYY           NaN
3   2025-04-21          Randy Vásquez  SDP      DET           NaN
4   2025-04-21            Nick Lodolo  CIN      MIA           NaN
5   2025-04-21              Max Meyer  MIA      CIN          5.43
6   2025-04-21             Aaron Nola  PHI      NYM          4.63
7   2025-04-21           Tylor Megill  NYM      PHI          4.40
8   2025-04-21            Erick Fedde  STL      ATL          2.72
9   2025-04-21  Spencer Schwellenbach  ATL      STL           NaN
10  2025-04-21          Kevin Gausman  TOR      HOU           NaN
11  2025-04-21           Hunter Brown  HOU      TOR          4.08
12  2025-04-21         Quinn Priester  MIL      SFG          3.40
13  2025-04-21             Robbie Ray  SFG      MIL          3.28
