2025-05-03 11:52:31,044 - INFO -           Date                Pitcher Team Opponent  Predicted_Ks
0   2025-05-03           Zack Littell  NYY      TBR          3.86
1   2025-05-03           Hunter Brown  HOU      CHW          5.62
2   2025-05-03           Davis Martin  CHW      HOU           NaN
3   2025-05-03           Tylor Megill  NYM      STL           NaN
4   2025-05-03            Erick Feede  STL      NYM           NaN
5   2025-05-03        Trevor Williams  WSN      CIN           NaN
6   2025-05-03            Nick Lodolo  CIN      WSN          4.96
7   2025-05-03          Randy Vasquez  SDP      PIT          2.61
8   2025-05-03          Bailey Falter  PIT      SDP          4.15
9   2025-05-03         Brandon Pfaadt  ARI      PHI          5.21
10  2025-05-03             Aaron Nola  PHI      ARI          6.04
11  2025-05-03             Kris Bubic  KCR      BAL           NaN
12  2025-05-03        Tomoyuki Sugano  BAL      KCR           NaN
13  2025-05-03         Gavin Williams  CLE      TOR          4.83
14  2025-05-03          Kevin Gausman  TOR      CLE           NaN
15  2025-05-03          Chris Bassitt  TOR      CLE          6.93
16  2025-05-03            Bailey Ober  MIN      BOS           NaN
17  2025-05-03         Hunter Dobbins  BOS      MIN           NaN
18  2025-05-03           Osvaldo Bido  ATH      MIA           NaN
19  2025-05-03              Max Meyer  MIA      ATH           NaN
20  2025-05-03            Roki Sasaki  LAD      ATL          3.54
21  2025-05-03  Spencer Schwellenbach  ATL      LAD          4.85
22  2025-05-03          Luis Castillo  SEA      TEX          4.19
23  2025-05-03         Patrick Corbin  TEX      SEA          4.40
24  2025-05-03        Jameson Taillon  CHC      MIL          4.80
25  2025-05-03          Jose Quintana  MIL      CHC           NaN
26  2025-05-03          Jack Flaherty  DET      LAA          5.44
27  2025-05-03         Kyle Hendricks  LAA      DET          2.66
28  2025-05-03           Jordan Hicks  SFG      COL          4.57
