2025-04-22 09:42:32,527 - INFO -           Date                Pitcher Team Opponent  Predicted_Ks
0   2025-04-22        Jonathan Cannon  CHW      BOS          5.03
1   2025-04-22         Walker Buehler  BOS      CHW          4.86
2   2025-04-22         Gavin Williams  CLE      NYY           NaN
3   2025-04-22          Randy Vásquez  SDP      DET           NaN
4   2025-04-22            Nick Lodolo  CIN      MIA           NaN
5   2025-04-22              Max Meyer  MIA      CIN          5.43
6   2025-04-22             Aaron Nola  PHI      NYM          4.63
7   2025-04-22           Tylor Megill  NYM      PHI          4.40
8   2025-04-22            Erick Fedde  STL      ATL          2.72
9   2025-04-22  Spencer Schwellenbach  ATL      STL           NaN
10  2025-04-22          Kevin Gausman  TOR      HOU           NaN
11  2025-04-22           Hunter Brown  HOU      TOR          4.08
12  2025-04-22         Quinn Priester  MIL      SFG          3.40
13  2025-04-22             Robbie Ray  SFG      MIL          3.28
2025-04-22 16:05:36,445 - INFO -           Date                Pitcher Team Opponent  Predicted_Ks
0   2025-04-22        Jonathan Cannon  CHW      BOS          5.03
1   2025-04-22         Walker Buehler  BOS      CHW          4.86
2   2025-04-22         Gavin Williams  CLE      NYY           NaN
3   2025-04-22          Randy Vásquez  SDP      DET           NaN
4   2025-04-22            Nick Lodolo  CIN      MIA           NaN
5   2025-04-22              Max Meyer  MIA      CIN          5.43
6   2025-04-22             Aaron Nola  PHI      NYM          4.63
7   2025-04-22           Tylor Megill  NYM      PHI          4.40
8   2025-04-22            Erick Fedde  STL      ATL          2.72
9   2025-04-22  Spencer Schwellenbach  ATL      STL           NaN
10  2025-04-22          Kevin Gausman  TOR      HOU           NaN
11  2025-04-22           Hunter Brown  HOU      TOR          4.08
12  2025-04-22         Quinn Priester  MIL      SFG          3.40
13  2025-04-22             Robbie Ray  SFG      MIL          3.28
2025-04-22 16:10:14,256 - INFO -           Date             Pitcher Team Opponent  Predicted_Ks
0   2025-04-22         Will Warren  NYY      CLE          3.31
1   2025-04-22        Tanner Bibee  CLE      NYY          4.23
2   2025-04-22        Nick Pivetta  SDP      DET           NaN
3   2025-04-22       Jack Flaherty  DET      SDP           NaN
4   2025-04-22       Nick Martinez  CIN      MIA          4.94
5   2025-04-22         Dean Kremer  BAL      WSN          4.36
6   2025-04-22     Mitchell Parker  WSN      BAL           NaN
7   2025-04-22  Cristopher Sánchez  PHI      NYM           NaN
8   2025-04-22     Griffin Canning  NYM      PHI          4.41
9   2025-04-22          Dustin May  LAD      CHC           NaN
10  2025-04-22       Shota Imanaga  CHC      LAD          4.78
11  2025-04-22        Ryan Feltner  COL      KCR          5.86
12  2025-04-22          Kris Bubic  KCR      COL           NaN
13  2025-04-22        Davis Martin  CHW      MIN          3.25
14  2025-04-22         Bailey Ober  MIN      CHW          3.49
15  2025-04-22       Chris Bassitt  TOR      HOU          5.04
16  2025-04-22        Ronel Blanco  HOU      TOR          3.81
17  2025-04-22       Bailey Falter  PIT      LAA          4.75
18  2025-04-22        José Soriano  LAA      PIT           NaN
19  2025-04-22        Zack Littell  TBR      ARI           NaN
20  2025-04-22      Brandon Pfaadt  ARI      TBR           NaN
21  2025-04-22       Jose Quintana  MIL      SFG           NaN
22  2025-04-22        Jordan Hicks  SFG      MIL          4.37
23  2025-04-22      Patrick Corbin  TEX      ATH          3.02
24  2025-04-22        Osvaldo Bido  ATH      TEX          5.83
