2025-05-06 10:34:51,599 - INFO -           Date            Pitcher Team Opponent  Predicted_Ks
0   2025-05-06      Ben Casparius  LAD      MIA           NaN
1   2025-05-06    Sandy Alcantara  MIA      LAD          3.81
2   2025-05-06         Luis Ortiz  CLE      WSN          6.66
3   2025-05-06         Jake Irvin  WSN      CLE          5.77
4   2025-05-06       Nick Pivetta  SDP      NYY           NaN
5   2025-05-06       Carlos Rodón  NYY      SDP           NaN
6   2025-05-06       Brady Singer  CIN      ATL           NaN
7   2025-05-06   AJ Smith-Shawver  ATL      CIN           NaN
8   2025-05-06       Landen Roupp  SFG      CHC          4.45
9   2025-05-06       Matthew Boyd  CHC      SFG          4.35
10  2025-05-06        Shane Smith  CHW      KCR          6.05
11  2025-05-06        Cole Ragans  KCR      CHW          7.13
12  2025-05-06       Ronel Blanco  HOU      MIL           NaN
13  2025-05-06       Tobias Myers  MIL      HOU           NaN
14  2025-05-06  Carmen Mlodzinski  PIT      STL           NaN
15  2025-05-06      Miles Mikolas  STL      PIT          3.07
16  2025-05-06    Griffin Canning  NYM      ARI           NaN
17  2025-05-06       Bryce Miller  SEA      ATH           NaN
18  2025-05-06      Luis Severino  ATH      SEA          4.13
2025-05-06 10:41:13,817 - INFO -           Date            Pitcher Team Opponent  Predicted_Ks
0   2025-05-06      Ben Casparius  LAD      MIA           NaN
1   2025-05-06    Sandy Alcantara  MIA      LAD          3.81
2   2025-05-06         Luis Ortiz  CLE      WSN          6.66
3   2025-05-06         Jake Irvin  WSN      CLE          5.77
4   2025-05-06       Nick Pivetta  SDP      NYY           NaN
5   2025-05-06       Carlos Rodón  NYY      SDP           NaN
6   2025-05-06       Brady Singer  CIN      ATL           NaN
7   2025-05-06   AJ Smith-Shawver  ATL      CIN           NaN
8   2025-05-06       Landen Roupp  SFG      CHC          4.45
9   2025-05-06       Matthew Boyd  CHC      SFG          4.35
10  2025-05-06        Shane Smith  CHW      KCR          6.05
11  2025-05-06        Cole Ragans  KCR      CHW          7.13
12  2025-05-06       Ronel Blanco  HOU      MIL           NaN
13  2025-05-06       Tobias Myers  MIL      HOU           NaN
14  2025-05-06  Carmen Mlodzinski  PIT      STL           NaN
15  2025-05-06      Miles Mikolas  STL      PIT          3.07
16  2025-05-06    Griffin Canning  NYM      ARI           NaN
17  2025-05-06       Bryce Miller  SEA      ATH           NaN
18  2025-05-06      Luis Severino  ATH      SEA          4.13
2025-05-06 11:07:23,227 - INFO -           Date            Pitcher Team Opponent  Predicted_Ks
0   2025-05-06      Ben Casparius  LAD      MIA           NaN
1   2025-05-06    Sandy Alcantara  MIA      LAD          3.81
2   2025-05-06         Luis Ortiz  CLE      WSN          6.66
3   2025-05-06         Jake Irvin  WSN      CLE          5.77
4   2025-05-06       Nick Pivetta  SDP      NYY           NaN
5   2025-05-06       Carlos Rodón  NYY      SDP           NaN
6   2025-05-06       Brady Singer  CIN      ATL           NaN
7   2025-05-06   AJ Smith-Shawver  ATL      CIN           NaN
8   2025-05-06       Landen Roupp  SFG      CHC          4.45
9   2025-05-06       Matthew Boyd  CHC      SFG          4.35
10  2025-05-06        Shane Smith  CHW      KCR          6.05
11  2025-05-06        Cole Ragans  KCR      CHW          7.13
12  2025-05-06       Ronel Blanco  HOU      MIL           NaN
13  2025-05-06       Tobias Myers  MIL      HOU           NaN
14  2025-05-06  Carmen Mlodzinski  PIT      STL           NaN
15  2025-05-06      Miles Mikolas  STL      PIT          3.07
16  2025-05-06    Griffin Canning  NYM      ARI           NaN
17  2025-05-06       Bryce Miller  SEA      ATH           NaN
18  2025-05-06      Luis Severino  ATH      SEA          4.13
2025-05-06 11:08:47,342 - INFO -           Date            Pitcher Team Opponent  Predicted_Ks
0   2025-05-06      Ben Casparius  LAD      MIA           NaN
1   2025-05-06    Sandy Alcantara  MIA      LAD          3.81
2   2025-05-06         Luis Ortiz  CLE      WSN          6.66
3   2025-05-06         Jake Irvin  WSN      CLE          5.77
4   2025-05-06       Nick Pivetta  SDP      NYY           NaN
5   2025-05-06       Carlos Rodón  NYY      SDP           NaN
6   2025-05-06       Brady Singer  CIN      ATL           NaN
7   2025-05-06   AJ Smith-Shawver  ATL      CIN           NaN
8   2025-05-06       Landen Roupp  SFG      CHC          4.45
9   2025-05-06       Matthew Boyd  CHC      SFG          4.35
10  2025-05-06        Shane Smith  CHW      KCR          6.05
11  2025-05-06        Cole Ragans  KCR      CHW          7.13
12  2025-05-06       Ronel Blanco  HOU      MIL           NaN
13  2025-05-06       Tobias Myers  MIL      HOU           NaN
14  2025-05-06  Carmen Mlodzinski  PIT      STL           NaN
15  2025-05-06      Miles Mikolas  STL      PIT          3.07
16  2025-05-06    Griffin Canning  NYM      ARI           NaN
17  2025-05-06       Bryce Miller  SEA      ATH           NaN
18  2025-05-06      Luis Severino  ATH      SEA          4.13
2025-05-06 11:09:42,845 - INFO -           Date            Pitcher Team Opponent  Predicted_Ks
0   2025-05-06      Ben Casparius  LAD      MIA           NaN
1   2025-05-06    Sandy Alcantara  MIA      LAD          3.81
2   2025-05-06         Luis Ortiz  CLE      WSN          6.66
3   2025-05-06         Jake Irvin  WSN      CLE          5.77
4   2025-05-06       Nick Pivetta  SDP      NYY           NaN
5   2025-05-06       Carlos Rodón  NYY      SDP           NaN
6   2025-05-06       Brady Singer  CIN      ATL           NaN
7   2025-05-06   AJ Smith-Shawver  ATL      CIN           NaN
8   2025-05-06       Landen Roupp  SFG      CHC          4.45
9   2025-05-06       Matthew Boyd  CHC      SFG          4.35
10  2025-05-06        Shane Smith  CHW      KCR          6.05
11  2025-05-06        Cole Ragans  KCR      CHW          7.13
12  2025-05-06       Ronel Blanco  HOU      MIL           NaN
13  2025-05-06       Tobias Myers  MIL      HOU           NaN
14  2025-05-06  Carmen Mlodzinski  PIT      STL           NaN
15  2025-05-06      Miles Mikolas  STL      PIT          3.07
16  2025-05-06    Griffin Canning  NYM      ARI           NaN
17  2025-05-06       Bryce Miller  SEA      ATH           NaN
18  2025-05-06      Luis Severino  ATH      SEA          4.13
2025-05-06 11:14:45,415 - INFO -           Date            Pitcher Team Opponent  Predicted_Ks
0   2025-05-06      Ben Casparius  LAD      MIA           NaN
1   2025-05-06    Sandy Alcantara  MIA      LAD          3.81
2   2025-05-06         Luis Ortiz  CLE      WSN          6.66
3   2025-05-06         Jake Irvin  WSN      CLE          5.77
4   2025-05-06       Nick Pivetta  SDP      NYY           NaN
5   2025-05-06       Carlos Rodón  NYY      SDP           NaN
6   2025-05-06       Brady Singer  CIN      ATL           NaN
7   2025-05-06   AJ Smith-Shawver  ATL      CIN           NaN
8   2025-05-06       Landen Roupp  SFG      CHC          4.45
9   2025-05-06       Matthew Boyd  CHC      SFG          4.35
10  2025-05-06        Shane Smith  CHW      KCR          6.05
11  2025-05-06        Cole Ragans  KCR      CHW          7.13
12  2025-05-06       Ronel Blanco  HOU      MIL           NaN
13  2025-05-06       Tobias Myers  MIL      HOU           NaN
14  2025-05-06  Carmen Mlodzinski  PIT      STL           NaN
15  2025-05-06      Miles Mikolas  STL      PIT          3.07
16  2025-05-06    Griffin Canning  NYM      ARI           NaN
17  2025-05-06       Bryce Miller  SEA      ATH           NaN
18  2025-05-06      Luis Severino  ATH      SEA          4.13
2025-05-06 11:22:29,335 - INFO -           Date            Pitcher Team Opponent  Predicted_Ks
0   2025-05-06      Ben Casparius  LAD      MIA           NaN
1   2025-05-06    Sandy Alcantara  MIA      LAD          3.81
2   2025-05-06         Luis Ortiz  CLE      WSN          6.66
3   2025-05-06         Jake Irvin  WSN      CLE          5.77
4   2025-05-06       Nick Pivetta  SDP      NYY           NaN
5   2025-05-06       Carlos Rodón  NYY      SDP           NaN
6   2025-05-06       Brady Singer  CIN      ATL           NaN
7   2025-05-06   AJ Smith-Shawver  ATL      CIN           NaN
8   2025-05-06       Landen Roupp  SFG      CHC          4.45
9   2025-05-06       Matthew Boyd  CHC      SFG          4.35
10  2025-05-06        Shane Smith  CHW      KCR          6.05
11  2025-05-06        Cole Ragans  KCR      CHW          7.13
12  2025-05-06       Ronel Blanco  HOU      MIL           NaN
13  2025-05-06       Tobias Myers  MIL      HOU           NaN
14  2025-05-06  Carmen Mlodzinski  PIT      STL           NaN
15  2025-05-06      Miles Mikolas  STL      PIT          3.07
16  2025-05-06    Griffin Canning  NYM      ARI           NaN
17  2025-05-06       Bryce Miller  SEA      ATH           NaN
18  2025-05-06      Luis Severino  ATH      SEA          4.13
2025-05-06 11:23:54,263 - INFO -           Date            Pitcher Team Opponent  Predicted_Ks
0   2025-05-06      Ben Casparius  LAD      MIA           NaN
1   2025-05-06    Sandy Alcantara  MIA      LAD          3.81
2   2025-05-06         Luis Ortiz  CLE      WSN          6.66
3   2025-05-06         Jake Irvin  WSN      CLE          5.77
4   2025-05-06       Nick Pivetta  SDP      NYY           NaN
5   2025-05-06       Carlos Rodón  NYY      SDP           NaN
6   2025-05-06       Brady Singer  CIN      ATL           NaN
7   2025-05-06   AJ Smith-Shawver  ATL      CIN           NaN
8   2025-05-06       Landen Roupp  SFG      CHC          4.45
9   2025-05-06       Matthew Boyd  CHC      SFG          4.35
10  2025-05-06        Shane Smith  CHW      KCR          6.05
11  2025-05-06        Cole Ragans  KCR      CHW          7.13
12  2025-05-06       Ronel Blanco  HOU      MIL           NaN
13  2025-05-06       Tobias Myers  MIL      HOU           NaN
14  2025-05-06  Carmen Mlodzinski  PIT      STL           NaN
15  2025-05-06      Miles Mikolas  STL      PIT          3.07
16  2025-05-06    Griffin Canning  NYM      ARI           NaN
17  2025-05-06       Bryce Miller  SEA      ATH           NaN
18  2025-05-06      Luis Severino  ATH      SEA          4.13
2025-05-06 11:25:45,126 - INFO -           Date            Pitcher Team Opponent  Predicted_Ks
0   2025-05-06      Ben Casparius  LAD      MIA           NaN
1   2025-05-06    Sandy Alcantara  MIA      LAD          3.81
2   2025-05-06         Luis Ortiz  CLE      WSN          6.66
3   2025-05-06         Jake Irvin  WSN      CLE          5.77
4   2025-05-06       Nick Pivetta  SDP      NYY           NaN
5   2025-05-06       Carlos Rodón  NYY      SDP           NaN
6   2025-05-06       Brady Singer  CIN      ATL           NaN
7   2025-05-06   AJ Smith-Shawver  ATL      CIN           NaN
8   2025-05-06       Landen Roupp  SFG      CHC          4.45
9   2025-05-06       Matthew Boyd  CHC      SFG          4.35
10  2025-05-06        Shane Smith  CHW      KCR          6.05
11  2025-05-06        Cole Ragans  KCR      CHW          7.13
12  2025-05-06       Ronel Blanco  HOU      MIL           NaN
13  2025-05-06       Tobias Myers  MIL      HOU           NaN
14  2025-05-06  Carmen Mlodzinski  PIT      STL           NaN
15  2025-05-06      Miles Mikolas  STL      PIT          3.07
16  2025-05-06    Griffin Canning  NYM      ARI           NaN
17  2025-05-06       Bryce Miller  SEA      ATH           NaN
18  2025-05-06      Luis Severino  ATH      SEA          4.13
2025-05-06 11:39:04,624 - INFO -           Date            Pitcher Team Opponent  Predicted_Ks
0   2025-05-06      Ben Casparius  LAD      MIA           NaN
1   2025-05-06    Sandy Alcantara  MIA      LAD          3.81
2   2025-05-06         Luis Ortiz  CLE      WSN          6.66
3   2025-05-06         Jake Irvin  WSN      CLE          5.77
4   2025-05-06       Nick Pivetta  SDP      NYY           NaN
5   2025-05-06       Carlos Rodón  NYY      SDP           NaN
6   2025-05-06       Brady Singer  CIN      ATL           NaN
7   2025-05-06   AJ Smith-Shawver  ATL      CIN           NaN
8   2025-05-06       Landen Roupp  SFG      CHC          4.45
9   2025-05-06       Matthew Boyd  CHC      SFG          4.35
10  2025-05-06        Shane Smith  CHW      KCR          6.05
11  2025-05-06        Cole Ragans  KCR      CHW          7.13
12  2025-05-06       Ronel Blanco  HOU      MIL           NaN
13  2025-05-06       Tobias Myers  MIL      HOU           NaN
14  2025-05-06  Carmen Mlodzinski  PIT      STL           NaN
15  2025-05-06      Miles Mikolas  STL      PIT          3.07
16  2025-05-06    Griffin Canning  NYM      ARI           NaN
17  2025-05-06       Bryce Miller  SEA      ATH           NaN
18  2025-05-06      Luis Severino  ATH      SEA          4.13
2025-05-06 11:41:49,745 - INFO -           Date             Pitcher Team Opponent  Predicted_Ks
0   2025-05-06          Luis Ortiz  CLE      WSN          6.66
1   2025-05-06          Jake Irvin  WSN      CLE          5.77
2   2025-05-06       Cal Quantrill  MIA      LAD           NaN
3   2025-05-06      Nathan Eovaldi  TEX      BOS          4.65
4   2025-05-06        Michael King  SDP      NYY          6.05
5   2025-05-06      Clarke Schmidt  NYY      SDP           NaN
6   2025-05-06        Zack Wheeler  PHI      TBR           NaN
7   2025-05-06      Drew Rasmussen  TBR      PHI           NaN
8   2025-05-06       Andrew Abbott  CIN      ATL           NaN
9   2025-05-06          Chris Sale  ATL      CIN          6.26
10  2025-05-06    Justin Verlander  SFG      CHC          4.91
11  2025-05-06           Colin Rea  CHC      SFG           NaN
12  2025-05-06          Sean Burke  CHW      KCR          4.42
13  2025-05-06           Seth Lugo  KCR      CHW          4.53
14  2025-05-06     Hayden Wesneski  HOU      MIL           NaN
15  2025-05-06        Chad Patrick  MIL      HOU          4.21
16  2025-05-06         Cade Povich  BAL      MIN           NaN
17  2025-05-06         Pablo López  MIN      BAL          4.37
18  2025-05-06         Paul Skenes  PIT      STL           NaN
19  2025-05-06  Matthew Liberatore  STL      PIT           NaN
20  2025-05-06        Jackson Jobe  DET      COL          3.62
21  2025-05-06     Chase Dollander  COL      DET           NaN
22  2025-05-06      David Peterson  NYM      ARI           NaN
23  2025-05-06          Zac Gallen  ARI      NYM          4.80
24  2025-05-06     Emerson Hancock  SEA      ATH          5.33
25  2025-05-06     Jeffrey Springs  ATH      SEA          3.88
26  2025-05-06          Ben Lively  CLE      WSN           NaN
27  2025-05-06           Brad Lord  WSN      CLE          3.41
