2025-04-25 11:20:57,940 - INFO -           Date            Pitcher Team Opponent  Predicted_Ks
0   2025-04-25        Shane Smith  CHW      MIN          4.32
1   2025-04-25      Chris Paddack  MIN      CHW           NaN
2   2025-04-25          Bryan Woo  SEA      BOS           NaN
3   2025-04-25    Garrett Crochet  BOS      SEA          5.87
4   2025-04-25     Germán Márquez  COL      KCR          3.18
5   2025-04-25        Cole Ragans  KCR      COL           NaN
6   2025-04-25       Landen Roupp  SFG      MIL          5.36
7   2025-04-25        Cade Povich  BAL      WSN          4.55
8   2025-04-25     MacKenzie Gore  WSN      BAL          6.24
9   2025-04-25  Carmen Mlodzinski  PIT      LAA           NaN
10  2025-04-25     Tyler Anderson  LAA      PIT          4.63
11  2025-04-25     Drew Rasmussen  TBR      ARI          5.21
12  2025-04-25      Corbin Burnes  ARI      TBR           NaN
13  2025-04-25       Jacob deGrom  TEX      ATH          4.48
14  2025-04-25          J.T. Ginn  ATH      TEX           NaN
15  2025-04-25    Chase Dollander  COL      KCR           NaN
16  2025-04-25   Michael Lorenzen  KCR      COL          5.12
2025-04-25 11:23:17,719 - INFO -           Date             Pitcher Team Opponent  Predicted_Ks
0   2025-04-25      Taijuan Walker  PHI      CHC           NaN
1   2025-04-25           Colin Rea  CHC      PHI          4.84
2   2025-04-25          Casey Mize  DET      BAL           NaN
3   2025-04-25         Kodai Senga  NYM      WSN           NaN
4   2025-04-25          Jake Irvin  WSN      NYM          4.56
5   2025-04-25        José Berríos  TOR      NYY           NaN
6   2025-04-25     Carlos Carrasco  NYY      TOR          4.33
7   2025-04-25        Tanner Houck  BOS      CLE           NaN
8   2025-04-25          Ben Lively  CLE      BOS           NaN
9   2025-04-25     Hayden Wesneski  HOU      KCR           NaN
10  2025-04-25           Seth Lugo  KCR      HOU          4.63
11  2025-04-25      Kyle Hendricks  LAA      MIN          3.88
12  2025-04-25         Pablo López  MIN      LAA          4.82
13  2025-04-25        Chad Patrick  MIL      STL          3.30
14  2025-04-25  Matthew Liberatore  STL      MIL           NaN
15  2025-04-25       Andrew Abbott  CIN      COL           NaN
16  2025-04-25       Kyle Freeland  COL      CIN           NaN
17  2025-04-25          Chris Sale  ATL      ARI          4.90
18  2025-04-25          Zac Gallen  ARI      ATL          4.91
19  2025-04-25           Shane Baz  TBR      SDP          6.30
20  2025-04-25        Michael King  SDP      TBR          6.00
21  2025-04-25       Cal Quantrill  MIA      SEA          4.02
22  2025-04-25       Logan Gilbert  SEA      MIA          6.54
23  2025-04-25          Sean Burke  CHW      ATH          3.54
24  2025-04-25       Luis Severino  ATH      CHW           NaN
25  2025-04-25         Paul Skenes  PIT      LAD           NaN
26  2025-04-25  Yoshinobu Yamamoto  LAD      PIT           NaN
27  2025-04-25      Nathan Eovaldi  TEX      SFG          5.79
28  2025-04-25    Justin Verlander  SFG      TEX          5.08
