2025-04-19 14:19:45,182 - INFO -           Date                   Player Team Opponent  Predicted_Ks
0   2025-04-19            Cal Quantrill  MIA      PHI           NaN
1   2025-04-19           Taijuan Walker  PHI      MIA           NaN
2   2025-04-19                Seth Lugo  KCR      DET           NaN
3   2025-04-19               Casey Mize  DET      KCR          4.31
4   2025-04-19               Zac Gallen  ARI      CHC           NaN
5   2025-04-19                Ben Brown  CHC      ARI           NaN
6   2025-04-19            Logan Gilbert  SEA      TOR           NaN
7   2025-04-19             José Berríos  TOR      SEA          3.48
8   2025-04-19            Hunter Greene  CIN      BAL           NaN
9   2025-04-19       Matthew Liberatore  STL      NYM           NaN
10  2025-04-19              Kodai Senga  NYM      STL          3.93
11  2025-04-19               Ben Lively  CLE      PIT           NaN
12  2025-04-19              Paul Skenes  PIT      CLE          3.96
13  2025-04-19              Roki Sasaki  LAD      TEX           NaN
14  2025-04-19           Nathan Eovaldi  TEX      LAD           NaN
15  2025-04-19              Shane Smith  CHW      BOS           NaN
16  2025-04-19          Garrett Crochet  BOS      CHW          5.41
17  2025-04-19           MacKenzie Gore  WSN      COL          6.04
18  2025-04-19          Chase Dollander  COL      WSN           NaN
19  2025-04-19          Carlos Carrasco  NYY      TBR           NaN
20  2025-04-19                Shane Baz  TBR      NYY           NaN
21  2025-04-19             Michael King  SDP      HOU           NaN
22  2025-04-19          Hayden Wesneski  HOU      SDP           NaN
23  2025-04-19            Luis Severino  ATH      MIL           NaN
24  2025-04-19             Chad Patrick  MIL      ATH           NaN
25  2025-04-19  Simeon Woods Richardson  MIN      ATL           NaN
26  2025-04-19               Chris Sale  ATL      MIN          4.19
27  2025-04-19             Landen Roupp  SFG      LAA          4.68
28  2025-04-19           Kyle Hendricks  LAA      SFG           NaN
