2025-05-11 11:51:42,861 - INFO -           Date            Pitcher Team Opponent  Predicted_Ks
0   2025-05-11       Matthew Boyd  CHC      NYM          4.35
1   2025-05-11    Griffin Canning  NYM      CHC           NaN
2   2025-05-11         Chris Sale  ATL      PIT          6.26
3   2025-05-11  Carmen Mlodzinski  PIT      ATL           NaN
4   2025-05-11      Miles Mikolas  STL      WSN          3.07
5   2025-05-11     MacKenzie Gore  WSN      STL           NaN
6   2025-05-11     Nathan Eovaldi  TEX      DET          4.65
7   2025-05-11        Reese Olson  DET      TEX           NaN
8   2025-05-11       Chad Patrick  MIL      TBR          4.21
9   2025-05-11     Drew Rasmussen  TBR      MIL           NaN
10  2025-05-11    Sandy Alcantara  MIA      CHW          3.81
11  2025-05-11         Sean Burke  CHW      MIA          4.42
12  2025-05-11       Ronel Blanco  HOU      CIN           NaN
13  2025-05-11          Seth Lugo  KCR      BOS          4.53
14  2025-05-11       Landen Roupp  SFG      MIN          4.45
15  2025-05-11        Pablo López  MIN      SFG          4.37
16  2025-05-11       Nick Pivetta  SDP      COL           NaN
17  2025-05-11     Germán Márquez  COL      SDP          2.80
18  2025-05-11         Zach Eflin  BAL      LAA           NaN
19  2025-05-11     Tyler Anderson  LAA      BAL          3.13
20  2025-05-11         Zac Gallen  ARI      LAD          4.80
21  2025-05-11       Bryce Miller  SEA      TOR           NaN
22  2025-05-11       Zack Wheeler  PHI      CLE           NaN
23  2025-05-11         Luis Ortiz  CLE      PHI          6.66
