2025-05-21 09:38:42,237 - INFO -           Date           Pitcher Team Opponent  Predicted_Ks
0   2025-05-21      Brady Singer  CIN      PIT          3.91
1   2025-05-21     Andrew Heaney  PIT      CIN          4.40
2   2025-05-21         Max Meyer  MIA      CHC          4.25
3   2025-05-21   Tomoyuki Sugano  BAL      MIL          6.02
4   2025-05-21      Chad Patrick  MIL      BAL          3.39
5   2025-05-21    Gavin Williams  CLE      MIN          5.76
6   2025-05-21     Chris Paddack  MIN      CLE          4.81
7   2025-05-21      Hunter Brown  HOU      TBR           NaN
8   2025-05-21       Taj Bradley  TBR      HOU          4.10
9   2025-05-21    Andre Pallante  STL      DET          5.05
10  2025-05-21       Logan Evans  SEA      CHW          4.87
11  2025-05-21       Shane Smith  CHW      SEA           NaN
12  2025-05-21        Logan Webb  SFG      KCR           NaN
13  2025-05-21      Tylor Megill  NYM      BOS          5.69
14  2025-05-21   Garrett Crochet  BOS      NYM          5.16
15  2025-05-21  AJ Smith-Shawver  ATL      WSN           NaN
16  2025-05-21   Trevor Williams  WSN      ATL           NaN
17  2025-05-21      Jacob deGrom  TEX      NYY          4.28
18  2025-05-21    Ryan Yarbrough  NYY      TEX          3.35
19  2025-05-21     Randy Vásquez  SDP      TOR          4.21
20  2025-05-21     Kevin Gausman  TOR      SDP          5.30
21  2025-05-21    Taijuan Walker  PHI      COL          5.81
22  2025-05-21  Jack Kochanowicz  LAA      ATH          3.87
23  2025-05-21          JP Sears  ATH      LAA          5.39
24  2025-05-21     Corbin Burnes  ARI      LAD          4.30
25  2025-05-21        Dustin May  LAD      ARI          5.93
