2025-04-26 10:54:19,743 - INFO -           Date                  Pitcher Team Opponent  Predicted_Ks
0   2025-04-26            Kevin Gausman  TOR      NYY           NaN
1   2025-04-26                Max Fried  NYY      TOR          5.30
2   2025-04-26             Tanner Houck  BOS      CLE          4.54
3   2025-04-26               Ben Lively  CLE      BOS          5.21
4   2025-04-26               Casey Mize  DET      BAL          4.38
5   2025-04-26            Yusei Kikuchi  LAA      MIN          5.51
6   2025-04-26  Simeon Woods Richardson  MIN      LAA          5.05
7   2025-04-26           Quinn Priester  MIL      STL          5.13
8   2025-04-26               Sonny Gray  STL      MIL          5.59
9   2025-04-26            Hunter Greene  CIN      COL          6.32
10  2025-04-26        Antonio Senzatela  COL      CIN          4.27
11  2025-04-26          Jonathan Cannon  CHW      ATH          4.70
12  2025-04-26          Jeffrey Springs  ATH      CHW           NaN
13  2025-04-26              Clay Holmes  NYM      WSN          5.95
14  2025-04-26                Brad Lord  WSN      NYM           NaN
15  2025-04-26              Tyler Mahle  TEX      SFG           NaN
16  2025-04-26               Robbie Ray  SFG      TEX          5.70
17  2025-04-26            Jesús Luzardo  PHI      CHC           NaN
18  2025-04-26                Ben Brown  CHC      PHI          5.51
19  2025-04-26           Walker Buehler  BOS      CLE          4.98
20  2025-04-26           Framber Valdez  HOU      KCR          4.47
21  2025-04-26            Michael Wacha  KCR      HOU          5.01
22  2025-04-26             Grant Holmes  ATL      ARI          5.39
23  2025-04-26            Merrill Kelly  ARI      ATL          6.34
24  2025-04-26              Ryan Pepiot  TBR      SDP           NaN
25  2025-04-26              Dylan Cease  SDP      TBR          4.59
26  2025-04-26             Mitch Keller  PIT      LAD          4.73
27  2025-04-26              Roki Sasaki  LAD      PIT          5.89
28  2025-04-26         Connor Gillispie  MIA      SEA          4.63
29  2025-04-26            Luis Castillo  SEA      MIA          4.36
