
2025-04-22 16:10:17,873 - INFO -           Date             Pitcher Team Opponent  Predicted_Ks
0   2025-04-22         Will Warren  NYY      CLE          4.67
1   2025-04-22        Tanner Bibee  CLE      NYY          4.33
2   2025-04-22        Nick Pivetta  SDP      DET           NaN
3   2025-04-22       Jack Flaherty  DET      SDP          5.31
4   2025-04-22       Nick Martinez  CIN      MIA          4.83
5   2025-04-22         Dean Kremer  BAL      WSN          4.15
6   2025-04-22     Mitchell Parker  WSN      BAL           NaN
7   2025-04-22  Cristopher Sánchez  PHI      NYM           NaN
8   2025-04-22     Griffin Canning  NYM      PHI          5.57
9   2025-04-22          Dustin May  LAD      CHC          6.13
10  2025-04-22       Shota Imanaga  CHC      LAD          4.79
11  2025-04-22        Ryan Feltner  COL      KCR          5.66
12  2025-04-22          Kris Bubic  KCR      COL          4.81
13  2025-04-22        Davis Martin  CHW      MIN          5.39
14  2025-04-22         Bailey Ober  MIN      CHW          4.98
15  2025-04-22       Chris Bassitt  TOR      HOU          4.67
16  2025-04-22        Ronel Blanco  HOU      TOR          4.83
17  2025-04-22       Bailey Falter  PIT      LAA          5.05
18  2025-04-22        José Soriano  LAA      PIT          4.78
19  2025-04-22        Zack Littell  TBR      ARI          4.85
20  2025-04-22      Brandon Pfaadt  ARI      TBR           NaN
21  2025-04-22       Jose Quintana  MIL      SFG          3.62
22  2025-04-22        Jordan Hicks  SFG      MIL          4.56
23  2025-04-22      Patrick Corbin  TEX      ATH          5.40
24  2025-04-22        Osvaldo Bido  ATH      TEX          5.41
