2025-04-25 11:21:01,068 - INFO -           Date            Pitcher Team Opponent  Predicted_Ks
0   2025-04-25        Shane Smith  CHW      MIN          4.93
1   2025-04-25      Chris Paddack  MIN      CHW           NaN
2   2025-04-25          Bryan Woo  SEA      BOS          5.38
3   2025-04-25    Garrett Crochet  BOS      SEA          5.17
4   2025-04-25     Germán Márquez  COL      KCR          4.98
5   2025-04-25        Cole Ragans  KCR      COL          6.71
6   2025-04-25       Landen Roupp  SFG      MIL          6.20
7   2025-04-25        Cade Povich  BAL      WSN          5.27
8   2025-04-25     MacKenzie Gore  WSN      BAL          7.73
9   2025-04-25  Carmen Mlodzinski  PIT      LAA           NaN
10  2025-04-25     Tyler Anderson  LAA      PIT          5.78
11  2025-04-25     Drew Rasmussen  TBR      ARI          5.51
12  2025-04-25      Corbin Burnes  ARI      TBR          3.56
13  2025-04-25       Jacob deGrom  TEX      ATH          6.40
14  2025-04-25          J.T. Ginn  ATH      TEX          6.44
15  2025-04-25    Chase Dollander  COL      KCR          5.38
16  2025-04-25   Michael Lorenzen  KCR      COL          5.10
2025-04-25 11:23:21,659 - INFO -           Date             Pitcher Team Opponent  Predicted_Ks
0   2025-04-25      Taijuan Walker  PHI      CHC           NaN
1   2025-04-25           Colin Rea  CHC      PHI          5.07
2   2025-04-25          Casey Mize  DET      BAL          4.38
3   2025-04-25         Kodai Senga  NYM      WSN          4.07
4   2025-04-25          Jake Irvin  WSN      NYM          5.82
5   2025-04-25        José Berríos  TOR      NYY          5.33
6   2025-04-25     Carlos Carrasco  NYY      TOR          3.95
7   2025-04-25        Tanner Houck  BOS      CLE          4.54
8   2025-04-25          Ben Lively  CLE      BOS          5.21
9   2025-04-25     Hayden Wesneski  HOU      KCR           NaN
10  2025-04-25           Seth Lugo  KCR      HOU          4.84
11  2025-04-25      Kyle Hendricks  LAA      MIN          4.53
12  2025-04-25         Pablo López  MIN      LAA          6.05
13  2025-04-25        Chad Patrick  MIL      STL          5.47
14  2025-04-25  Matthew Liberatore  STL      MIL          6.13
15  2025-04-25       Andrew Abbott  CIN      COL           NaN
16  2025-04-25       Kyle Freeland  COL      CIN          4.68
17  2025-04-25          Chris Sale  ATL      ARI          6.65
18  2025-04-25          Zac Gallen  ARI      ATL          5.54
19  2025-04-25           Shane Baz  TBR      SDP          7.29
20  2025-04-25        Michael King  SDP      TBR          5.58
21  2025-04-25       Cal Quantrill  MIA      SEA          2.88
22  2025-04-25       Logan Gilbert  SEA      MIA          5.79
23  2025-04-25          Sean Burke  CHW      ATH          5.13
24  2025-04-25       Luis Severino  ATH      CHW          5.07
25  2025-04-25         Paul Skenes  PIT      LAD          5.31
26  2025-04-25  Yoshinobu Yamamoto  LAD      PIT          6.77
27  2025-04-25      Nathan Eovaldi  TEX      SFG          5.68
28  2025-04-25    Justin Verlander  SFG      TEX          5.27
