2025-05-09 12:41:57,862 - INFO -           Date            Pitcher Team Opponent  Predicted_Ks
0   2025-05-09     Patrick Corbin  TEX      DET          4.66
1   2025-05-09       Tarik Skubal  DET      TEX          6.76
2   2025-05-09        Bryce Elder  ATL      PIT          5.00
3   2025-05-09      Bailey Falter  PIT      ATL          4.90
4   2025-05-09        Erick Fedde  STL      WSN          4.31
5   2025-05-09    Mitchell Parker  WSN      STL          3.87
6   2025-05-09      Jose Quintana  MIL      TBR          5.19
7   2025-05-09       Zack Littell  TBR      MIL          4.27
8   2025-05-09         Aaron Nola  PHI      CLE           NaN
9   2025-05-09     Gavin Williams  CLE      PHI          3.95
10  2025-05-09    Jameson Taillon  CHC      NYM          3.87
11  2025-05-09        Clay Holmes  NYM      CHC          3.52
12  2025-05-09          Max Meyer  MIA      CHW          5.05
13  2025-05-09       Bryse Wilson  CHW      MIA          3.52
14  2025-05-09     Hunter Dobbins  BOS      KCR          4.42
15  2025-05-09   Michael Lorenzen  KCR      BOS           NaN
16  2025-05-09      Nick Martinez  CIN      HOU          5.78
17  2025-05-09       Hunter Brown  HOU      CIN          5.87
18  2025-05-09       Jordan Hicks  SFG      MIN          4.83
19  2025-05-09      Chris Paddack  MIN      SFG          5.06
20  2025-05-09      Randy Vásquez  SDP      COL          2.80
21  2025-05-09  Antonio Senzatela  COL      SDP          4.42
22  2025-05-09    Tomoyuki Sugano  BAL      LAA          5.96
23  2025-05-09     Kyle Hendricks  LAA      BAL          5.80
24  2025-05-09        Roki Sasaki  LAD      ARI          4.52
25  2025-05-09  Eduardo Rodríguez  ARI      LAD          4.24
26  2025-05-09      Kevin Gausman  TOR      SEA          6.01
27  2025-05-09      Luis Castillo  SEA      TOR          4.11
28  2025-05-09        Will Warren  NYY      ATH          4.64
29  2025-05-09       Osvaldo Bido  ATH      NYY          3.70
