2025-04-18 02:17:03,996 - INFO -           Date              Player Team Opponent  Predicted_Ks
0   2025-04-18   Eduardo Rodríguez  ARI      MIA          5.79
1   2025-04-18     Trevor Williams  WSN      PIT          5.58
2   2025-04-18       Andrew Heaney  PIT      WSN          6.52
3   2025-04-18        Brady Singer  CIN      SEA          5.08
4   2025-04-18            JP Sears  ATH      CHW          4.89
5   2025-04-18        Davis Martin  CHW      ATH          5.39
6   2025-04-18        Jordan Hicks  SFG      PHI          4.56
7   2025-04-18  Cristopher Sánchez  PHI      SFG           NaN
8   2025-04-18        Tanner Bibee  CLE      BAL          4.33
9   2025-04-18     Tomoyuki Sugano  BAL      CLE          4.71
10  2025-04-18    Michael Lorenzen  KCR      DET          3.51
11  2025-04-18         Reese Olson  DET      KCR          4.69
12  2025-04-18         Will Warren  NYY      TBR          4.67
13  2025-04-18         Taj Bradley  TBR      NYY          5.53
14  2025-04-18     Griffin Canning  NYM      STL          5.57
15  2025-04-18    Jack Kochanowicz  LAA      TEX          4.29
16  2025-04-18        Kumar Rocker  TEX      LAA          4.53
2025-04-18 02:21:05,519 - INFO -           Date              Player Team Opponent  Predicted_Ks
0   2025-04-18   Eduardo Rodríguez  ARI      MIA          5.79
1   2025-04-18     Trevor Williams  WSN      PIT          5.58
2   2025-04-18       Andrew Heaney  PIT      WSN          6.52
3   2025-04-18        Brady Singer  CIN      SEA          5.08
4   2025-04-18            JP Sears  ATH      CHW          4.89
5   2025-04-18        Davis Martin  CHW      ATH          5.39
6   2025-04-18        Jordan Hicks  SFG      PHI          4.56
7   2025-04-18  Cristopher Sánchez  PHI      SFG           NaN
8   2025-04-18        Tanner Bibee  CLE      BAL          4.33
9   2025-04-18     Tomoyuki Sugano  BAL      CLE          4.71
10  2025-04-18    Michael Lorenzen  KCR      DET          3.51
11  2025-04-18         Reese Olson  DET      KCR          4.69
12  2025-04-18         Will Warren  NYY      TBR          4.67
13  2025-04-18         Taj Bradley  TBR      NYY          5.53
14  2025-04-18     Griffin Canning  NYM      STL          5.57
15  2025-04-18    Jack Kochanowicz  LAA      TEX          4.29
16  2025-04-18        Kumar Rocker  TEX      LAA          4.53
2025-04-18 08:43:27,914 - INFO -           Date              Player Team Opponent  Predicted_Ks
0   2025-04-18       Corbin Burnes  ARI      CHC          4.63
1   2025-04-18         Cole Ragans  KCR      DET          8.06
2   2025-04-18        Jackson Jobe  DET      KCR          4.68
3   2025-04-18          Luis Ortiz  CLE      PIT          5.41
4   2025-04-18   Carmen Mlodzinski  PIT      CLE          5.02
5   2025-04-18     Sandy Alcantara  MIA      PHI          4.82
6   2025-04-18        Zack Wheeler  PHI      MIA           NaN
7   2025-04-18         Cade Povich  BAL      CIN          4.89
8   2025-04-18        Carlos Rodón  NYY      TBR          4.97
9   2025-04-18      Drew Rasmussen  TBR      NYY          5.75
10  2025-04-18           Bryan Woo  SEA      TOR          4.58
11  2025-04-18      Bowden Francis  TOR      SEA          5.30
12  2025-04-18      David Peterson  NYM      STL          4.77
13  2025-04-18       Chris Paddack  MIN      ATL          4.28
14  2025-04-18         Bryce Elder  ATL      MIN          5.05
15  2025-04-18  Yoshinobu Yamamoto  LAD      TEX          5.94
16  2025-04-18        Jacob deGrom  TEX      LAD          4.95
17  2025-04-18           Kyle Hart  SDP      HOU          6.56
18  2025-04-18      Freddy Peralta  MIL      ATH          4.91
19  2025-04-18      MacKenzie Gore  WSN      COL          5.95
20  2025-04-18     Chase Dollander  COL      WSN          5.02
21  2025-04-18          Logan Webb  SFG      LAA           NaN
22  2025-04-18      Tyler Anderson  LAA      SFG          4.17
2025-04-18 08:49:51,823 - INFO -           Date              Player Team Opponent  Predicted_Ks
0   2025-04-18       Corbin Burnes  ARI      CHC          4.63
1   2025-04-18         Cole Ragans  KCR      DET          8.06
2   2025-04-18        Jackson Jobe  DET      KCR          4.68
3   2025-04-18          Luis Ortiz  CLE      PIT          5.41
4   2025-04-18   Carmen Mlodzinski  PIT      CLE          5.02
5   2025-04-18     Sandy Alcantara  MIA      PHI          4.82
6   2025-04-18        Zack Wheeler  PHI      MIA           NaN
7   2025-04-18         Cade Povich  BAL      CIN          4.89
8   2025-04-18        Carlos Rodón  NYY      TBR          4.97
9   2025-04-18      Drew Rasmussen  TBR      NYY          5.75
10  2025-04-18           Bryan Woo  SEA      TOR          4.58
11  2025-04-18      Bowden Francis  TOR      SEA          5.30
12  2025-04-18      David Peterson  NYM      STL          4.77
13  2025-04-18       Chris Paddack  MIN      ATL          4.28
14  2025-04-18         Bryce Elder  ATL      MIN          5.05
15  2025-04-18  Yoshinobu Yamamoto  LAD      TEX          5.94
16  2025-04-18        Jacob deGrom  TEX      LAD          4.95
17  2025-04-18           Kyle Hart  SDP      HOU          6.56
18  2025-04-18      Freddy Peralta  MIL      ATH          4.91
19  2025-04-18      MacKenzie Gore  WSN      COL          5.95
20  2025-04-18     Chase Dollander  COL      WSN          5.02
21  2025-04-18          Logan Webb  SFG      LAA           NaN
22  2025-04-18      Tyler Anderson  LAA      SFG          4.17
2025-04-18 08:50:04,586 - INFO -           Date              Player Team Opponent  Predicted_Ks
0   2025-04-18       Corbin Burnes  ARI      CHC          4.63
1   2025-04-18         Cole Ragans  KCR      DET          8.06
2   2025-04-18        Jackson Jobe  DET      KCR          4.68
3   2025-04-18          Luis Ortiz  CLE      PIT          5.41
4   2025-04-18   Carmen Mlodzinski  PIT      CLE          5.02
5   2025-04-18     Sandy Alcantara  MIA      PHI          4.82
6   2025-04-18        Zack Wheeler  PHI      MIA           NaN
7   2025-04-18         Cade Povich  BAL      CIN          4.89
8   2025-04-18        Carlos Rodón  NYY      TBR          4.97
9   2025-04-18      Drew Rasmussen  TBR      NYY          5.75
10  2025-04-18           Bryan Woo  SEA      TOR          4.58
11  2025-04-18      Bowden Francis  TOR      SEA          5.30
12  2025-04-18      David Peterson  NYM      STL          4.77
13  2025-04-18       Chris Paddack  MIN      ATL          4.28
14  2025-04-18         Bryce Elder  ATL      MIN          5.05
15  2025-04-18  Yoshinobu Yamamoto  LAD      TEX          5.94
16  2025-04-18        Jacob deGrom  TEX      LAD          4.95
17  2025-04-18           Kyle Hart  SDP      HOU          6.56
18  2025-04-18      Freddy Peralta  MIL      ATH          4.91
19  2025-04-18      MacKenzie Gore  WSN      COL          5.95
20  2025-04-18     Chase Dollander  COL      WSN          5.02
21  2025-04-18          Logan Webb  SFG      LAA           NaN
22  2025-04-18      Tyler Anderson  LAA      SFG          4.17
2025-04-18 08:50:36,149 - INFO -           Date              Player Team Opponent  Predicted_Ks
0   2025-04-18       Corbin Burnes  ARI      CHC          4.63
1   2025-04-18         Cole Ragans  KCR      DET          8.06
2   2025-04-18        Jackson Jobe  DET      KCR          4.68
3   2025-04-18          Luis Ortiz  CLE      PIT          5.41
4   2025-04-18   Carmen Mlodzinski  PIT      CLE          5.02
5   2025-04-18     Sandy Alcantara  MIA      PHI          4.82
6   2025-04-18        Zack Wheeler  PHI      MIA           NaN
7   2025-04-18         Cade Povich  BAL      CIN          4.89
8   2025-04-18        Carlos Rodón  NYY      TBR          4.97
9   2025-04-18      Drew Rasmussen  TBR      NYY          5.75
10  2025-04-18           Bryan Woo  SEA      TOR          4.58
11  2025-04-18      Bowden Francis  TOR      SEA          5.30
12  2025-04-18      David Peterson  NYM      STL          4.77
13  2025-04-18       Chris Paddack  MIN      ATL          4.28
14  2025-04-18         Bryce Elder  ATL      MIN          5.05
15  2025-04-18  Yoshinobu Yamamoto  LAD      TEX          5.94
16  2025-04-18        Jacob deGrom  TEX      LAD          4.95
17  2025-04-18           Kyle Hart  SDP      HOU          6.56
18  2025-04-18      Freddy Peralta  MIL      ATH          4.91
19  2025-04-18      MacKenzie Gore  WSN      COL          5.95
20  2025-04-18     Chase Dollander  COL      WSN          5.02
21  2025-04-18          Logan Webb  SFG      LAA           NaN
22  2025-04-18      Tyler Anderson  LAA      SFG          4.17
