2025-05-05 11:19:07,221 - INFO -           Date            Pitcher Team Opponent  Predicted_Ks
0   2025-05-05      Ben Casparius  LAD      MIA          4.03
1   2025-05-05    Sandy Alcantara  MIA      LAD           NaN
2   2025-05-05         Luis Ortiz  CLE      WSN          5.80
3   2025-05-05         Jake Irvin  WSN      CLE          4.92
4   2025-05-05       Nick Pivetta  SDP      NYY          4.31
5   2025-05-05       Carlos Rodón  NYY      SDP          5.72
6   2025-05-05       Brady Singer  CIN      ATL          5.97
7   2025-05-05   AJ Smith-Shawver  ATL      CIN          6.66
8   2025-05-05       Landen Roupp  SFG      CHC          2.78
9   2025-05-05       Matthew Boyd  CHC      SFG          4.80
10  2025-05-05        Shane Smith  CHW      KCR          5.86
11  2025-05-05        Cole Ragans  KCR      CHW           NaN
12  2025-05-05       Ronel Blanco  HOU      MIL          3.62
13  2025-05-05       Tobias Myers  MIL      HOU          2.47
14  2025-05-05  Carmen Mlodzinski  PIT      STL          5.60
15  2025-05-05      Miles Mikolas  STL      PIT           NaN
16  2025-05-05    Griffin Canning  NYM      ARI          4.17
17  2025-05-05       Bryce Miller  SEA      ATH           NaN
18  2025-05-05      Luis Severino  ATH      SEA          4.89
