2025-05-03 11:52:35,039 - INFO -           Date                Pitcher Team Opponent  Predicted_Ks
0   2025-05-03           Zack Littell  NYY      TBR          3.95
1   2025-05-03           Hunter Brown  HOU      CHW          6.68
2   2025-05-03           Davis Martin  CHW      HOU           NaN
3   2025-05-03           Tylor Megill  NYM      STL          6.14
4   2025-05-03            Erick Feede  STL      NYM          3.36
5   2025-05-03        Trevor Williams  WSN      CIN          4.99
6   2025-05-03            Nick Lodolo  CIN      WSN          5.92
7   2025-05-03          Randy Vasquez  SDP      PIT          2.22
8   2025-05-03          Bailey Falter  PIT      SDP          5.03
9   2025-05-03         Brandon Pfaadt  ARI      PHI          3.80
10  2025-05-03             Aaron Nola  PHI      ARI          5.87
11  2025-05-03             Kris Bubic  KCR      BAL          5.25
12  2025-05-03        Tomoyuki Sugano  BAL      KCR          4.75
13  2025-05-03         Gavin Williams  CLE      TOR          6.26
14  2025-05-03          Kevin Gausman  TOR      CLE           NaN
15  2025-05-03          Chris Bassitt  TOR      CLE          2.81
16  2025-05-03            Bailey Ober  MIN      BOS          4.55
17  2025-05-03         Hunter Dobbins  BOS      MIN          5.39
18  2025-05-03           Osvaldo Bido  ATH      MIA          5.30
19  2025-05-03              Max Meyer  MIA      ATH          9.81
20  2025-05-03            Roki Sasaki  LAD      ATL          4.00
21  2025-05-03  Spencer Schwellenbach  ATL      LAD          4.30
22  2025-05-03          Luis Castillo  SEA      TEX          4.15
23  2025-05-03         Patrick Corbin  TEX      SEA          4.55
24  2025-05-03        Jameson Taillon  CHC      MIL          5.39
25  2025-05-03          Jose Quintana  MIL      CHC          4.26
26  2025-05-03          Jack Flaherty  DET      LAA          6.15
27  2025-05-03         Kyle Hendricks  LAA      DET          4.83
28  2025-05-03           Jordan Hicks  SFG      COL          5.01
