2025-05-14 13:08:12,008 - INFO -           Date             Pitcher Team Opponent  Predicted_Ks
0   2025-05-14         Bailey Ober  MIN      BAL           NaN
1   2025-05-14         Dean Kremer  BAL      MIN          5.06
2   2025-05-14         Erick Fedde  STL      PHI          5.48
3   2025-05-14       Jesús Luzardo  PHI      STL           NaN
4   2025-05-14     Logan Henderson  MIL      CLE          6.29
5   2025-05-14      Gavin Williams  CLE      MIL          5.76
6   2025-05-14   Eduardo Rodríguez  ARI      SFG          4.12
7   2025-05-14        Jordan Hicks  SFG      ARI          5.57
8   2025-05-14         Will Warren  NYY      SEA          6.59
9   2025-05-14       Luis Castillo  SEA      NYY           NaN
10  2025-05-14          Sonny Gray  STL      PHI          5.71
11  2025-05-14          Aaron Nola  PHI      STL          5.36
12  2025-05-14      Hunter Dobbins  BOS      DET          4.16
13  2025-05-14        Tarik Skubal  DET      BOS          6.96
14  2025-05-14         Ryan Pepiot  TBR      TOR           NaN
15  2025-05-14       Chris Bassitt  TOR      TBR          5.54
16  2025-05-14       Bailey Falter  PIT      NYM          5.34
17  2025-05-14         Clay Holmes  NYM      PIT          5.86
18  2025-05-14        Davis Martin  CHW      CIN           NaN
19  2025-05-14         Nick Lodolo  CIN      CHW           NaN
20  2025-05-14     Mitchell Parker  WSN      ATL          4.34
21  2025-05-14         Bryce Elder  ATL      WSN          5.66
22  2025-05-14     Jameson Taillon  CHC      MIA          4.41
23  2025-05-14   Antonio Senzatela  COL      TEX          3.12
24  2025-05-14      Patrick Corbin  TEX      COL           NaN
25  2025-05-14    Michael Lorenzen  KCR      HOU          5.53
26  2025-05-14      Kyle Hendricks  LAA      SDP          4.24
27  2025-05-14       Randy Vásquez  SDP      LAA          4.21
28  2025-05-14      Gunnar Hoglund  ATH      LAD          4.90
29  2025-05-14  Yoshinobu Yamamoto  LAD      ATH          4.48
