2025-05-01 07:48:01,923 - INFO -           Date                  Pitcher Team Opponent  Predicted_Ks
0   2025-05-01                Colin Rea  CHC      PIT          4.12
1   2025-05-01              Paul Skenes  PIT      CHC          5.05
2   2025-05-01       Matthew Liberatore  STL      CIN          4.86
3   2025-05-01            Andrew Abbott  CIN      STL          6.96
4   2025-05-01  Simeon Woods Richardson  MIN      CLE          6.45
5   2025-05-01               Ben Lively  CLE      MIN          3.77
6   2025-05-01               Zac Gallen  ARI      NYM          3.95
7   2025-05-01              Kodai Senga  NYM      ARI          4.29
8   2025-05-01                Seth Lugo  KCR      TBR          5.66
9   2025-05-01                Shane Baz  TBR      KCR          4.86
10  2025-05-01             Chad Patrick  MIL      CHW          4.54
11  2025-05-01               Sean Burke  CHW      MIL          5.31
12  2025-05-01          Jeffrey Springs  ATH      TEX           NaN
13  2025-05-01              Tyler Mahle  TEX      ATH          3.70
14  2025-05-01                Brad Lord  WSN      PHI           NaN
15  2025-05-01           Taijuan Walker  PHI      WSN          5.28
16  2025-05-01             Tanner Houck  BOS      TOR          6.91
17  2025-05-01             José Berríos  TOR      BOS           NaN
18  2025-05-01               Casey Mize  DET      LAA          4.20
19  2025-05-01            Yusei Kikuchi  LAA      DET           NaN
20  2025-05-01            Kyle Freeland  COL      SFG          3.53
21  2025-05-01         Justin Verlander  SFG      COL          5.04
