2025-05-04 10:52:18,733 - INFO -           Date            Pitcher Team Opponent  Predicted_Ks
0   2025-05-04        Erick Fedde  STL      NYM          3.36
1   2025-05-04   Michael Lorenzen  KCR      BAL           NaN
2   2025-05-04      Chris Paddack  MIN      BOS          4.60
3   2025-05-04    Garrett Crochet  BOS      MIN          5.51
4   2025-05-04        Taj Bradley  TBR      NYY           NaN
5   2025-05-04        Will Warren  NYY      TBR          4.43
6   2025-05-04      Andrew Heaney  PIT      SDP           NaN
7   2025-05-04       Tanner Bibee  CLE      TOR           NaN
8   2025-05-04     Bowden Francis  TOR      CLE           NaN
9   2025-05-04           JP Sears  ATH      MIA          5.17
10  2025-05-04     Edward Cabrera  MIA      ATH          5.73
11  2025-05-04  Eduardo Rodríguez  ARI      PHI          4.33
12  2025-05-04       Bryse Wilson  CHW      HOU           NaN
13  2025-05-04      Shota Imanaga  CHC      MIL           NaN
14  2025-05-04     Freddy Peralta  MIL      CHC          4.88
15  2025-05-04       Jacob deGrom  TEX      SEA           NaN
16  2025-05-04     Germán Márquez  COL      SFG           NaN
17  2025-05-04         Logan Webb  SFG      COL          5.62
18  2025-05-04        Reese Olson  DET      LAA          5.94
19  2025-05-04   Jack Kochanowicz  LAA      DET           NaN
20  2025-05-04     MacKenzie Gore  WSN      CIN           NaN
21  2025-05-04      Nick Martinez  CIN      WSN          3.55
22  2025-05-04       Tylor Megill  NYM      STL          6.14
23  2025-05-04     Andre Pallante  STL      NYM          4.11
24  2025-05-04         Dustin May  LAD      ATL          5.04
25  2025-05-04        Bryce Elder  ATL      LAD          5.20
