2025-04-24 09:28:03,611 - INFO -           Date            Pitcher Team Opponent  Predicted_Ks
0   2025-04-24        Bryce Elder  ATL      STL          5.05
1   2025-04-24       Carlos Rodón  NYY      CLE          4.97
2   2025-04-24         Luis Ortiz  CLE      NYY          5.41
3   2025-04-24          Kyle Hart  SDP      DET          6.56
4   2025-04-24        Reese Olson  DET      SDP          4.69
5   2025-04-24       Brady Singer  CIN      MIA          5.08
6   2025-04-24    Sandy Alcantara  MIA      CIN          4.82
7   2025-04-24       Zack Wheeler  PHI      NYM           NaN
8   2025-04-24     David Peterson  NYM      PHI          4.77
9   2025-04-24       Sean Newcomb  BOS      SEA          5.88
10  2025-04-24    Tomoyuki Sugano  BAL      WSN          4.71
11  2025-04-24    Trevor Williams  WSN      BAL          5.58
12  2025-04-24     Bowden Francis  TOR      HOU          5.30
13  2025-04-24     Germán Márquez  COL      KCR          3.96
14  2025-04-24   Michael Lorenzen  KCR      COL          3.51
15  2025-04-24        David Festa  MIN      CHW          5.04
16  2025-04-24      Andrew Heaney  PIT      LAA          6.52
17  2025-04-24   Jack Kochanowicz  LAA      PIT          4.29
18  2025-04-24        Taj Bradley  TBR      ARI          5.53
19  2025-04-24  Eduardo Rodríguez  ARI      TBR          5.79
20  2025-04-24     Freddy Peralta  MIL      SFG          4.91
21  2025-04-24         Logan Webb  SFG      MIL           NaN
22  2025-04-24       Kumar Rocker  TEX      ATH          4.53
23  2025-04-24           JP Sears  ATH      TEX          4.89
2025-04-24 09:30:51,198 - INFO -           Date            Pitcher Team Opponent  Predicted_Ks
0   2025-04-24        Shane Smith  CHW      MIN           NaN
1   2025-04-24      Chris Paddack  MIN      CHW          4.28
2   2025-04-24          Bryan Woo  SEA      BOS          4.58
3   2025-04-24    Garrett Crochet  BOS      SEA          5.96
4   2025-04-24     Germán Márquez  COL      KCR          3.96
5   2025-04-24        Cole Ragans  KCR      COL          8.06
6   2025-04-24       Landen Roupp  SFG      MIL          4.79
7   2025-04-24        Cade Povich  BAL      WSN          4.89
8   2025-04-24     MacKenzie Gore  WSN      BAL          5.95
9   2025-04-24  Carmen Mlodzinski  PIT      LAA          5.02
10  2025-04-24     Tyler Anderson  LAA      PIT          4.17
11  2025-04-24     Drew Rasmussen  TBR      ARI          5.75
12  2025-04-24      Corbin Burnes  ARI      TBR          4.63
13  2025-04-24       Jacob deGrom  TEX      ATH          4.95
14  2025-04-24    Chase Dollander  COL      KCR          5.02
15  2025-04-24   Michael Lorenzen  KCR      COL          3.51
