2025-05-02 09:43:29,499 - INFO -           Date             Pitcher Team Opponent  Predicted_Ks
0   2025-05-02     Mitchell Parker  WSN      CIN          3.97
1   2025-05-02       Hunter Greene  CIN      WSN          5.66
2   2025-05-02         Dylan Cease  SDP      PIT          4.78
3   2025-05-02        Mitch Keller  PIT      SDP          4.98
4   2025-05-02       Merrill Kelly  ARI      PHI          4.17
5   2025-05-02       Jesús Luzardo  PHI      ARI           NaN
6   2025-05-02       Michael Wacha  KCR      BAL          5.15
7   2025-05-02         Dean Kremer  BAL      KCR          3.87
8   2025-05-02         Ryan Pepiot  TBR      NYY          5.75
9   2025-05-02           Max Fried  NYY      TBR          3.04
10  2025-05-02         Logan Allen  CLE      TOR           NaN
11  2025-05-02       Chris Bassitt  TOR      CLE          2.81
12  2025-05-02            Joe Ryan  MIN      BOS          8.01
13  2025-05-02        Brayan Bello  BOS      MIN           NaN
14  2025-05-02  Yoshinobu Yamamoto  LAD      ATL          4.76
15  2025-05-02        Grant Holmes  ATL      LAD          4.83
16  2025-05-02      Framber Valdez  HOU      CHW           NaN
17  2025-05-02     Jonathan Cannon  CHW      HOU           NaN
18  2025-05-02           Bryan Woo  SEA      TEX          6.46
19  2025-05-02         Jack Leiter  TEX      SEA          4.50
20  2025-05-02           Ben Brown  CHC      MIL          4.26
21  2025-05-02      Quinn Priester  MIL      CHC          3.72
22  2025-05-02         Clay Holmes  NYM      STL          4.69
23  2025-05-02          Sonny Gray  STL      NYM           NaN
24  2025-05-02        Tarik Skubal  DET      LAA          3.90
25  2025-05-02        José Soriano  LAA      DET          4.84
26  2025-05-02   Antonio Senzatela  COL      SFG           NaN
27  2025-05-02          Robbie Ray  SFG      COL          5.09
2025-05-02 16:52:30,791 - INFO -           Date             Pitcher Team Opponent  Predicted_Ks
0   2025-05-02     Mitchell Parker  WSN      CIN          3.97
1   2025-05-02       Hunter Greene  CIN      WSN          5.66
2   2025-05-02         Dylan Cease  SDP      PIT          4.78
3   2025-05-02        Mitch Keller  PIT      SDP          4.98
4   2025-05-02       Merrill Kelly  ARI      PHI          4.17
5   2025-05-02       Jesús Luzardo  PHI      ARI           NaN
6   2025-05-02       Michael Wacha  KCR      BAL          5.15
7   2025-05-02         Dean Kremer  BAL      KCR          3.87
8   2025-05-02         Ryan Pepiot  TBR      NYY          5.75
9   2025-05-02           Max Fried  NYY      TBR          3.04
10  2025-05-02         Logan Allen  CLE      TOR           NaN
11  2025-05-02       Chris Bassitt  TOR      CLE          2.81
12  2025-05-02            Joe Ryan  MIN      BOS          8.01
13  2025-05-02        Brayan Bello  BOS      MIN           NaN
14  2025-05-02  Yoshinobu Yamamoto  LAD      ATL          4.76
15  2025-05-02        Grant Holmes  ATL      LAD          4.83
16  2025-05-02      Framber Valdez  HOU      CHW           NaN
17  2025-05-02     Jonathan Cannon  CHW      HOU           NaN
18  2025-05-02           Bryan Woo  SEA      TEX          6.46
19  2025-05-02         Jack Leiter  TEX      SEA          4.50
20  2025-05-02           Ben Brown  CHC      MIL          4.26
21  2025-05-02      Quinn Priester  MIL      CHC          3.72
22  2025-05-02         Clay Holmes  NYM      STL          4.69
23  2025-05-02          Sonny Gray  STL      NYM           NaN
24  2025-05-02        Tarik Skubal  DET      LAA          3.90
25  2025-05-02        José Soriano  LAA      DET          4.84
26  2025-05-02   Antonio Senzatela  COL      SFG           NaN
27  2025-05-02          Robbie Ray  SFG      COL          5.09
