2025-04-23 09:03:13,120 - INFO -           Date             Pitcher Team Opponent  Predicted_Ks
0   2025-04-23         Will Warren  NYY      CLE          4.67
1   2025-04-23        Tanner Bibee  CLE      NYY          4.33
2   2025-04-23        Nick Pivetta  SDP      DET           NaN
3   2025-04-23       Jack Flaherty  DET      SDP          5.31
4   2025-04-23       Nick Martinez  CIN      MIA          4.83
5   2025-04-23         Dean Kremer  BAL      WSN          4.15
6   2025-04-23     Mitchell Parker  WSN      BAL           NaN
7   2025-04-23  Cristopher Sánchez  PHI      NYM           NaN
8   2025-04-23     Griffin Canning  NYM      PHI          5.57
9   2025-04-23          Dustin May  LAD      CHC          6.13
10  2025-04-23       Shota Imanaga  CHC      LAD          4.79
11  2025-04-23        Ryan Feltner  COL      KCR          5.66
12  2025-04-23          Kris Bubic  KCR      COL          4.81
13  2025-04-23        Davis Martin  CHW      MIN          5.39
14  2025-04-23         Bailey Ober  MIN      CHW          4.98
15  2025-04-23       Chris Bassitt  TOR      HOU          4.67
16  2025-04-23        Ronel Blanco  HOU      TOR          4.83
17  2025-04-23       Bailey Falter  PIT      LAA          5.05
18  2025-04-23        José Soriano  LAA      PIT          4.78
19  2025-04-23        Zack Littell  TBR      ARI          4.85
20  2025-04-23      Brandon Pfaadt  ARI      TBR           NaN
21  2025-04-23       Jose Quintana  MIL      SFG          3.62
22  2025-04-23        Jordan Hicks  SFG      MIL          4.56
23  2025-04-23      Patrick Corbin  TEX      ATH          5.40
24  2025-04-23        Osvaldo Bido  ATH      TEX          5.41
2025-04-23 09:10:11,470 - INFO -           Date            Pitcher Team Opponent  Predicted_Ks
0   2025-04-23        Bryce Elder  ATL      STL          5.05
1   2025-04-23       Carlos Rodón  NYY      CLE          4.97
2   2025-04-23         Luis Ortiz  CLE      NYY          5.41
3   2025-04-23          Kyle Hart  SDP      DET          6.56
4   2025-04-23        Reese Olson  DET      SDP          4.69
5   2025-04-23       Brady Singer  CIN      MIA          5.08
6   2025-04-23    Sandy Alcantara  MIA      CIN          4.82
7   2025-04-23       Zack Wheeler  PHI      NYM           NaN
8   2025-04-23     David Peterson  NYM      PHI          4.77
9   2025-04-23       Sean Newcomb  BOS      SEA          5.88
10  2025-04-23    Tomoyuki Sugano  BAL      WSN          4.71
11  2025-04-23    Trevor Williams  WSN      BAL          5.58
12  2025-04-23     Bowden Francis  TOR      HOU          5.30
13  2025-04-23     Germán Márquez  COL      KCR          3.96
14  2025-04-23   Michael Lorenzen  KCR      COL          3.51
15  2025-04-23        David Festa  MIN      CHW          5.04
16  2025-04-23      Andrew Heaney  PIT      LAA          6.52
17  2025-04-23   Jack Kochanowicz  LAA      PIT          4.29
18  2025-04-23        Taj Bradley  TBR      ARI          5.53
19  2025-04-23  Eduardo Rodríguez  ARI      TBR          5.79
20  2025-04-23     Freddy Peralta  MIL      SFG          4.91
21  2025-04-23         Logan Webb  SFG      MIL           NaN
22  2025-04-23       Kumar Rocker  TEX      ATH          4.53
23  2025-04-23           JP Sears  ATH      TEX          4.89
2025-04-23 09:13:29,845 - INFO -           Date            Pitcher Team Opponent  Predicted_Ks
0   2025-04-23        Bryce Elder  ATL      STL          5.05
1   2025-04-23       Carlos Rodón  NYY      CLE          4.97
2   2025-04-23         Luis Ortiz  CLE      NYY          5.41
3   2025-04-23          Kyle Hart  SDP      DET          6.56
4   2025-04-23        Reese Olson  DET      SDP          4.69
5   2025-04-23       Brady Singer  CIN      MIA          5.08
6   2025-04-23    Sandy Alcantara  MIA      CIN          4.82
7   2025-04-23       Zack Wheeler  PHI      NYM           NaN
8   2025-04-23     David Peterson  NYM      PHI          4.77
9   2025-04-23       Sean Newcomb  BOS      SEA          5.88
10  2025-04-23    Tomoyuki Sugano  BAL      WSN          4.71
11  2025-04-23    Trevor Williams  WSN      BAL          5.58
12  2025-04-23     Bowden Francis  TOR      HOU          5.30
13  2025-04-23     Germán Márquez  COL      KCR          3.96
14  2025-04-23   Michael Lorenzen  KCR      COL          3.51
15  2025-04-23        David Festa  MIN      CHW          5.04
16  2025-04-23      Andrew Heaney  PIT      LAA          6.52
17  2025-04-23   Jack Kochanowicz  LAA      PIT          4.29
18  2025-04-23        Taj Bradley  TBR      ARI          5.53
19  2025-04-23  Eduardo Rodríguez  ARI      TBR          5.79
20  2025-04-23     Freddy Peralta  MIL      SFG          4.91
21  2025-04-23         Logan Webb  SFG      MIL           NaN
22  2025-04-23       Kumar Rocker  TEX      ATH          4.53
23  2025-04-23           JP Sears  ATH      TEX          4.89
2025-04-23 09:14:50,088 - INFO -           Date            Pitcher Team Opponent  Predicted_Ks
0   2025-04-23        Bryce Elder  ATL      STL          5.05
1   2025-04-23       Carlos Rodón  NYY      CLE          4.97
2   2025-04-23         Luis Ortiz  CLE      NYY          5.41
3   2025-04-23          Kyle Hart  SDP      DET          6.56
4   2025-04-23        Reese Olson  DET      SDP          4.69
5   2025-04-23       Brady Singer  CIN      MIA          5.08
6   2025-04-23    Sandy Alcantara  MIA      CIN          4.82
7   2025-04-23       Zack Wheeler  PHI      NYM           NaN
8   2025-04-23     David Peterson  NYM      PHI          4.77
9   2025-04-23       Sean Newcomb  BOS      SEA          5.88
10  2025-04-23    Tomoyuki Sugano  BAL      WSN          4.71
11  2025-04-23    Trevor Williams  WSN      BAL          5.58
12  2025-04-23     Bowden Francis  TOR      HOU          5.30
13  2025-04-23     Germán Márquez  COL      KCR          3.96
14  2025-04-23   Michael Lorenzen  KCR      COL          3.51
15  2025-04-23        David Festa  MIN      CHW          5.04
16  2025-04-23      Andrew Heaney  PIT      LAA          6.52
17  2025-04-23   Jack Kochanowicz  LAA      PIT          4.29
18  2025-04-23        Taj Bradley  TBR      ARI          5.53
19  2025-04-23  Eduardo Rodríguez  ARI      TBR          5.79
20  2025-04-23     Freddy Peralta  MIL      SFG          4.91
21  2025-04-23         Logan Webb  SFG      MIL           NaN
22  2025-04-23       Kumar Rocker  TEX      ATH          4.53
23  2025-04-23           JP Sears  ATH      TEX          4.89
2025-04-23 09:16:19,197 - INFO -           Date            Pitcher Team Opponent  Predicted_Ks
0   2025-04-23        Bryce Elder  ATL      STL          5.05
1   2025-04-23       Carlos Rodón  NYY      CLE          4.97
2   2025-04-23         Luis Ortiz  CLE      NYY          5.41
3   2025-04-23          Kyle Hart  SDP      DET          6.56
4   2025-04-23        Reese Olson  DET      SDP          4.69
5   2025-04-23       Brady Singer  CIN      MIA          5.08
6   2025-04-23    Sandy Alcantara  MIA      CIN          4.82
7   2025-04-23       Zack Wheeler  PHI      NYM           NaN
8   2025-04-23     David Peterson  NYM      PHI          4.77
9   2025-04-23       Sean Newcomb  BOS      SEA          5.88
10  2025-04-23    Tomoyuki Sugano  BAL      WSN          4.71
11  2025-04-23    Trevor Williams  WSN      BAL          5.58
12  2025-04-23     Bowden Francis  TOR      HOU          5.30
13  2025-04-23     Germán Márquez  COL      KCR          3.96
14  2025-04-23   Michael Lorenzen  KCR      COL          3.51
15  2025-04-23        David Festa  MIN      CHW          5.04
16  2025-04-23      Andrew Heaney  PIT      LAA          6.52
17  2025-04-23   Jack Kochanowicz  LAA      PIT          4.29
18  2025-04-23        Taj Bradley  TBR      ARI          5.53
19  2025-04-23  Eduardo Rodríguez  ARI      TBR          5.79
20  2025-04-23     Freddy Peralta  MIL      SFG          4.91
21  2025-04-23         Logan Webb  SFG      MIL           NaN
22  2025-04-23       Kumar Rocker  TEX      ATH          4.53
23  2025-04-23           JP Sears  ATH      TEX          4.89
2025-04-23 10:29:02,247 - INFO -           Date            Pitcher Team Opponent  Predicted_Ks
0   2025-04-23        Bryce Elder  ATL      STL          5.05
1   2025-04-23       Carlos Rodón  NYY      CLE          4.97
2   2025-04-23         Luis Ortiz  CLE      NYY          5.41
3   2025-04-23          Kyle Hart  SDP      DET          6.56
4   2025-04-23        Reese Olson  DET      SDP          4.69
5   2025-04-23       Brady Singer  CIN      MIA          5.08
6   2025-04-23    Sandy Alcantara  MIA      CIN          4.82
7   2025-04-23       Zack Wheeler  PHI      NYM           NaN
8   2025-04-23     David Peterson  NYM      PHI          4.77
9   2025-04-23       Sean Newcomb  BOS      SEA          5.88
10  2025-04-23    Tomoyuki Sugano  BAL      WSN          4.71
11  2025-04-23    Trevor Williams  WSN      BAL          5.58
12  2025-04-23     Bowden Francis  TOR      HOU          5.30
13  2025-04-23     Germán Márquez  COL      KCR          3.96
14  2025-04-23   Michael Lorenzen  KCR      COL          3.51
15  2025-04-23        David Festa  MIN      CHW          5.04
16  2025-04-23      Andrew Heaney  PIT      LAA          6.52
17  2025-04-23   Jack Kochanowicz  LAA      PIT          4.29
18  2025-04-23        Taj Bradley  TBR      ARI          5.53
19  2025-04-23  Eduardo Rodríguez  ARI      TBR          5.79
20  2025-04-23     Freddy Peralta  MIL      SFG          4.91
21  2025-04-23         Logan Webb  SFG      MIL           NaN
22  2025-04-23       Kumar Rocker  TEX      ATH          4.53
23  2025-04-23           JP Sears  ATH      TEX          4.89
