2025-05-06 10:34:54,928 - INFO -           Date            Pitcher Team Opponent  Predicted_Ks
0   2025-05-06      Ben Casparius  LAD      MIA          2.15
1   2025-05-06    Sandy Alcantara  MIA      LAD          2.81
2   2025-05-06         Luis Ortiz  CLE      WSN          5.28
3   2025-05-06         Jake Irvin  WSN      CLE          4.72
4   2025-05-06       Nick Pivetta  SDP      NYY           NaN
5   2025-05-06       Carlos Rodón  NYY      SDP           NaN
6   2025-05-06       Brady Singer  CIN      ATL           NaN
7   2025-05-06   AJ Smith-Shawver  ATL      CIN           NaN
8   2025-05-06       Landen Roupp  SFG      CHC          4.70
9   2025-05-06       Matthew Boyd  CHC      SFG          4.42
10  2025-05-06        Shane Smith  CHW      KCR          5.31
11  2025-05-06        Cole Ragans  KCR      CHW          5.57
12  2025-05-06       Ronel Blanco  HOU      MIL          5.15
13  2025-05-06       Tobias Myers  MIL      HOU          4.28
14  2025-05-06  Carmen Mlodzinski  PIT      STL          4.75
15  2025-05-06      Miles Mikolas  STL      PIT          4.93
16  2025-05-06    Griffin Canning  NYM      ARI          5.04
17  2025-05-06       Bryce Miller  SEA      ATH           NaN
18  2025-05-06      Luis Severino  ATH      SEA          5.48
2025-05-06 10:41:16,628 - INFO -           Date            Pitcher Team Opponent  Predicted_Ks
0   2025-05-06      Ben Casparius  LAD      MIA          4.09
1   2025-05-06    Sandy Alcantara  MIA      LAD          3.93
2   2025-05-06         Luis Ortiz  CLE      WSN          5.43
3   2025-05-06         Jake Irvin  WSN      CLE          4.27
4   2025-05-06       Nick Pivetta  SDP      NYY           NaN
5   2025-05-06       Carlos Rodón  NYY      SDP           NaN
6   2025-05-06       Brady Singer  CIN      ATL           NaN
7   2025-05-06   AJ Smith-Shawver  ATL      CIN           NaN
8   2025-05-06       Landen Roupp  SFG      CHC          2.53
9   2025-05-06       Matthew Boyd  CHC      SFG          3.60
10  2025-05-06        Shane Smith  CHW      KCR          5.00
11  2025-05-06        Cole Ragans  KCR      CHW          4.98
12  2025-05-06       Ronel Blanco  HOU      MIL          5.23
13  2025-05-06       Tobias Myers  MIL      HOU          3.82
14  2025-05-06  Carmen Mlodzinski  PIT      STL          4.33
15  2025-05-06      Miles Mikolas  STL      PIT          4.27
16  2025-05-06    Griffin Canning  NYM      ARI          6.05
17  2025-05-06       Bryce Miller  SEA      ATH           NaN
18  2025-05-06      Luis Severino  ATH      SEA          4.34
2025-05-06 11:09:45,680 - INFO -           Date            Pitcher Team Opponent  Predicted_Ks
0   2025-05-06      Ben Casparius  LAD      MIA          4.32
1   2025-05-06    Sandy Alcantara  MIA      LAD          4.90
2   2025-05-06         Luis Ortiz  CLE      WSN          5.07
3   2025-05-06         Jake Irvin  WSN      CLE          4.35
4   2025-05-06       Nick Pivetta  SDP      NYY           NaN
5   2025-05-06       Carlos Rodón  NYY      SDP           NaN
6   2025-05-06       Brady Singer  CIN      ATL           NaN
7   2025-05-06   AJ Smith-Shawver  ATL      CIN           NaN
8   2025-05-06       Landen Roupp  SFG      CHC          2.70
9   2025-05-06       Matthew Boyd  CHC      SFG          4.16
10  2025-05-06        Shane Smith  CHW      KCR          5.36
11  2025-05-06        Cole Ragans  KCR      CHW          5.28
12  2025-05-06       Ronel Blanco  HOU      MIL          5.28
13  2025-05-06       Tobias Myers  MIL      HOU          3.24
14  2025-05-06  Carmen Mlodzinski  PIT      STL          4.22
15  2025-05-06      Miles Mikolas  STL      PIT          3.58
16  2025-05-06    Griffin Canning  NYM      ARI          4.67
17  2025-05-06       Bryce Miller  SEA      ATH           NaN
18  2025-05-06      Luis Severino  ATH      SEA          4.70
2025-05-06 11:14:48,431 - INFO -           Date            Pitcher Team Opponent  Predicted_Ks
0   2025-05-06      Ben Casparius  LAD      MIA          5.64
1   2025-05-06    Sandy Alcantara  MIA      LAD          4.73
2   2025-05-06         Luis Ortiz  CLE      WSN          6.09
3   2025-05-06         Jake Irvin  WSN      CLE          4.61
4   2025-05-06       Nick Pivetta  SDP      NYY           NaN
5   2025-05-06       Carlos Rodón  NYY      SDP           NaN
6   2025-05-06       Brady Singer  CIN      ATL           NaN
7   2025-05-06   AJ Smith-Shawver  ATL      CIN           NaN
8   2025-05-06       Landen Roupp  SFG      CHC          3.57
9   2025-05-06       Matthew Boyd  CHC      SFG          3.42
10  2025-05-06        Shane Smith  CHW      KCR          4.84
11  2025-05-06        Cole Ragans  KCR      CHW          4.73
12  2025-05-06       Ronel Blanco  HOU      MIL          4.90
13  2025-05-06       Tobias Myers  MIL      HOU          3.69
14  2025-05-06  Carmen Mlodzinski  PIT      STL          5.07
15  2025-05-06      Miles Mikolas  STL      PIT          3.94
16  2025-05-06    Griffin Canning  NYM      ARI          5.22
17  2025-05-06       Bryce Miller  SEA      ATH           NaN
18  2025-05-06      Luis Severino  ATH      SEA          4.31
2025-05-06 11:22:32,533 - INFO -           Date            Pitcher Team Opponent  Predicted_Ks
0   2025-05-06      Ben Casparius  LAD      MIA          2.21
1   2025-05-06    Sandy Alcantara  MIA      LAD          4.20
2   2025-05-06         Luis Ortiz  CLE      WSN          2.77
3   2025-05-06         Jake Irvin  WSN      CLE          2.85
4   2025-05-06       Nick Pivetta  SDP      NYY           NaN
5   2025-05-06       Carlos Rodón  NYY      SDP           NaN
6   2025-05-06       Brady Singer  CIN      ATL           NaN
7   2025-05-06   AJ Smith-Shawver  ATL      CIN           NaN
8   2025-05-06       Landen Roupp  SFG      CHC          3.36
9   2025-05-06       Matthew Boyd  CHC      SFG          1.69
10  2025-05-06        Shane Smith  CHW      KCR          2.59
11  2025-05-06        Cole Ragans  KCR      CHW          4.11
12  2025-05-06       Ronel Blanco  HOU      MIL          3.76
13  2025-05-06       Tobias Myers  MIL      HOU          0.86
14  2025-05-06  Carmen Mlodzinski  PIT      STL          3.21
15  2025-05-06      Miles Mikolas  STL      PIT          1.80
16  2025-05-06    Griffin Canning  NYM      ARI          3.87
17  2025-05-06       Bryce Miller  SEA      ATH           NaN
18  2025-05-06      Luis Severino  ATH      SEA          3.60
2025-05-06 11:23:57,048 - INFO -           Date            Pitcher Team Opponent  Predicted_Ks
0   2025-05-06      Ben Casparius  LAD      MIA         -0.93
1   2025-05-06    Sandy Alcantara  MIA      LAD         -2.28
2   2025-05-06         Luis Ortiz  CLE      WSN         -2.91
3   2025-05-06         Jake Irvin  WSN      CLE         -4.23
4   2025-05-06       Nick Pivetta  SDP      NYY           NaN
5   2025-05-06       Carlos Rodón  NYY      SDP           NaN
6   2025-05-06       Brady Singer  CIN      ATL           NaN
7   2025-05-06   AJ Smith-Shawver  ATL      CIN           NaN
8   2025-05-06       Landen Roupp  SFG      CHC         -4.05
9   2025-05-06       Matthew Boyd  CHC      SFG         -5.27
10  2025-05-06        Shane Smith  CHW      KCR         -3.11
11  2025-05-06        Cole Ragans  KCR      CHW         -1.34
12  2025-05-06       Ronel Blanco  HOU      MIL         -1.59
13  2025-05-06       Tobias Myers  MIL      HOU         -1.52
14  2025-05-06  Carmen Mlodzinski  PIT      STL         -2.86
15  2025-05-06      Miles Mikolas  STL      PIT         -3.47
16  2025-05-06    Griffin Canning  NYM      ARI         -1.22
17  2025-05-06       Bryce Miller  SEA      ATH           NaN
18  2025-05-06      Luis Severino  ATH      SEA         -4.35
2025-05-06 11:25:48,238 - INFO -           Date            Pitcher Team Opponent  Predicted_Ks
0   2025-05-06      Ben Casparius  LAD      MIA          2.88
1   2025-05-06    Sandy Alcantara  MIA      LAD          4.60
2   2025-05-06         Luis Ortiz  CLE      WSN          5.60
3   2025-05-06         Jake Irvin  WSN      CLE          4.32
4   2025-05-06       Nick Pivetta  SDP      NYY           NaN
5   2025-05-06       Carlos Rodón  NYY      SDP           NaN
6   2025-05-06       Brady Singer  CIN      ATL           NaN
7   2025-05-06   AJ Smith-Shawver  ATL      CIN           NaN
8   2025-05-06       Landen Roupp  SFG      CHC          3.84
9   2025-05-06       Matthew Boyd  CHC      SFG          4.05
10  2025-05-06        Shane Smith  CHW      KCR          6.40
11  2025-05-06        Cole Ragans  KCR      CHW          5.09
12  2025-05-06       Ronel Blanco  HOU      MIL          5.36
13  2025-05-06       Tobias Myers  MIL      HOU          2.19
14  2025-05-06  Carmen Mlodzinski  PIT      STL          3.90
15  2025-05-06      Miles Mikolas  STL      PIT          4.15
16  2025-05-06    Griffin Canning  NYM      ARI          5.95
17  2025-05-06       Bryce Miller  SEA      ATH           NaN
18  2025-05-06      Luis Severino  ATH      SEA          5.80
2025-05-06 11:39:07,889 - INFO -           Date            Pitcher Team Opponent  Predicted_Ks
0   2025-05-06      Ben Casparius  LAD      MIA          3.24
1   2025-05-06    Sandy Alcantara  MIA      LAD          3.97
2   2025-05-06         Luis Ortiz  CLE      WSN          6.24
3   2025-05-06         Jake Irvin  WSN      CLE          4.90
4   2025-05-06       Nick Pivetta  SDP      NYY           NaN
5   2025-05-06       Carlos Rodón  NYY      SDP           NaN
6   2025-05-06       Brady Singer  CIN      ATL           NaN
7   2025-05-06   AJ Smith-Shawver  ATL      CIN           NaN
8   2025-05-06       Landen Roupp  SFG      CHC          3.81
9   2025-05-06       Matthew Boyd  CHC      SFG          3.53
10  2025-05-06        Shane Smith  CHW      KCR          5.44
11  2025-05-06        Cole Ragans  KCR      CHW          5.07
12  2025-05-06       Ronel Blanco  HOU      MIL          5.73
13  2025-05-06       Tobias Myers  MIL      HOU          1.56
14  2025-05-06  Carmen Mlodzinski  PIT      STL          3.98
15  2025-05-06      Miles Mikolas  STL      PIT          4.46
16  2025-05-06    Griffin Canning  NYM      ARI          5.61
17  2025-05-06       Bryce Miller  SEA      ATH           NaN
18  2025-05-06      Luis Severino  ATH      SEA          4.54
2025-05-06 11:41:53,182 - INFO -           Date             Pitcher Team Opponent  Predicted_Ks
0   2025-05-06          Luis Ortiz  CLE      WSN          6.24
1   2025-05-06          Jake Irvin  WSN      CLE          4.90
2   2025-05-06       Cal Quantrill  MIA      LAD           NaN
3   2025-05-06      Nathan Eovaldi  TEX      BOS          6.32
4   2025-05-06        Michael King  SDP      NYY          6.92
5   2025-05-06      Clarke Schmidt  NYY      SDP           NaN
6   2025-05-06        Zack Wheeler  PHI      TBR           NaN
7   2025-05-06      Drew Rasmussen  TBR      PHI           NaN
8   2025-05-06       Andrew Abbott  CIN      ATL           NaN
9   2025-05-06          Chris Sale  ATL      CIN          6.57
10  2025-05-06    Justin Verlander  SFG      CHC          6.06
11  2025-05-06           Colin Rea  CHC      SFG           NaN
12  2025-05-06          Sean Burke  CHW      KCR          5.04
13  2025-05-06           Seth Lugo  KCR      CHW          5.62
14  2025-05-06     Hayden Wesneski  HOU      MIL          3.80
15  2025-05-06        Chad Patrick  MIL      HOU          4.06
16  2025-05-06         Cade Povich  BAL      MIN          3.93
17  2025-05-06         Pablo López  MIN      BAL          5.91
18  2025-05-06         Paul Skenes  PIT      STL           NaN
19  2025-05-06  Matthew Liberatore  STL      PIT           NaN
20  2025-05-06        Jackson Jobe  DET      COL          4.17
21  2025-05-06     Chase Dollander  COL      DET          5.50
22  2025-05-06      David Peterson  NYM      ARI          4.73
23  2025-05-06          Zac Gallen  ARI      NYM          5.90
24  2025-05-06     Emerson Hancock  SEA      ATH          4.92
25  2025-05-06     Jeffrey Springs  ATH      SEA          4.02
26  2025-05-06          Ben Lively  CLE      WSN           NaN
27  2025-05-06           Brad Lord  WSN      CLE          4.21
