2025-04-30 06:44:06,391 - INFO -           Date             Pitcher Team Opponent  Predicted_Ks
0   2025-04-30       Miles Mikolas  STL      CIN          5.88
1   2025-04-30        Brady Singer  CIN      STL          4.43
2   2025-04-30        Jackson Jobe  DET      HOU          5.11
3   2025-04-30          Chris Sale  ATL      COL          6.65
4   2025-04-30     Chase Dollander  COL      ATL          5.38
5   2025-04-30       Cal Quantrill  MIA      LAD          2.88
6   2025-04-30        Landen Roupp  SFG      SDP          6.20
7   2025-04-30        Michael King  SDP      SFG          5.58
8   2025-04-30      Tyler Anderson  LAA      SEA          5.78
9   2025-04-30     Emerson Hancock  SEA      LAA          4.18
10  2025-04-30         Pablo López  MIN      CLE          6.05
11  2025-04-30          Luis Ortiz  CLE      MIN          5.85
12  2025-04-30     Carlos Carrasco  NYY      BAL          3.95
13  2025-04-30         Cade Povich  BAL      NYY          5.27
14  2025-04-30        Matthew Boyd  CHC      PIT          5.54
15  2025-04-30   Carmen Mlodzinski  PIT      CHC           NaN
16  2025-04-30          Jake Irvin  WSN      PHI          5.82
17  2025-04-30  Cristopher Sánchez  PHI      WSN          7.14
18  2025-04-30      Drew Rasmussen  TBR      KCR          5.51
19  2025-04-30         Shane Smith  CHW      MIL          4.93
20  2025-04-30       Luis Severino  ATH      TEX          5.07
21  2025-04-30      Nathan Eovaldi  TEX      ATH          5.68
2025-04-30 06:58:01,184 - INFO -           Date             Pitcher Team Opponent  Predicted_Ks
0   2025-04-30       Miles Mikolas  STL      CIN           NaN
1   2025-04-30        Brady Singer  CIN      STL          4.83
2   2025-04-30        Jackson Jobe  DET      HOU          4.61
3   2025-04-30          Chris Sale  ATL      COL          6.68
4   2025-04-30     Chase Dollander  COL      ATL           NaN
5   2025-04-30       Cal Quantrill  MIA      LAD          3.49
6   2025-04-30        Landen Roupp  SFG      SDP          4.96
7   2025-04-30        Michael King  SDP      SFG          4.99
8   2025-04-30      Tyler Anderson  LAA      SEA           NaN
9   2025-04-30     Emerson Hancock  SEA      LAA          6.10
10  2025-04-30         Pablo López  MIN      CLE          7.12
11  2025-04-30          Luis Ortiz  CLE      MIN          6.38
12  2025-04-30     Carlos Carrasco  NYY      BAL           NaN
13  2025-04-30         Cade Povich  BAL      NYY          5.15
14  2025-04-30        Matthew Boyd  CHC      PIT          5.27
15  2025-04-30   Carmen Mlodzinski  PIT      CHC          5.41
16  2025-04-30          Jake Irvin  WSN      PHI          6.24
17  2025-04-30  Cristopher Sánchez  PHI      WSN           NaN
18  2025-04-30      Drew Rasmussen  TBR      KCR          5.70
19  2025-04-30        Tobias Myers  MIL      CHW          4.52
20  2025-04-30         Shane Smith  CHW      MIL          6.14
21  2025-04-30       Luis Severino  ATH      TEX          4.66
22  2025-04-30      Nathan Eovaldi  TEX      ATH           NaN
2025-04-30 07:01:28,205 - INFO -           Date             Pitcher Team Opponent  Predicted_Ks
0   2025-04-30       Miles Mikolas  STL      CIN           NaN
1   2025-04-30        Brady Singer  CIN      STL          4.83
2   2025-04-30        Jackson Jobe  DET      HOU          4.61
3   2025-04-30          Chris Sale  ATL      COL          6.68
4   2025-04-30     Chase Dollander  COL      ATL           NaN
5   2025-04-30       Cal Quantrill  MIA      LAD          3.49
6   2025-04-30        Landen Roupp  SFG      SDP          4.96
7   2025-04-30        Michael King  SDP      SFG          4.99
8   2025-04-30      Tyler Anderson  LAA      SEA           NaN
9   2025-04-30     Emerson Hancock  SEA      LAA          6.10
10  2025-04-30         Pablo López  MIN      CLE          7.12
11  2025-04-30          Luis Ortiz  CLE      MIN          6.38
12  2025-04-30     Carlos Carrasco  NYY      BAL           NaN
13  2025-04-30         Cade Povich  BAL      NYY          5.15
14  2025-04-30        Matthew Boyd  CHC      PIT          5.27
15  2025-04-30   Carmen Mlodzinski  PIT      CHC          5.41
16  2025-04-30          Jake Irvin  WSN      PHI          6.24
17  2025-04-30  Cristopher Sánchez  PHI      WSN           NaN
18  2025-04-30      Drew Rasmussen  TBR      KCR          5.70
19  2025-04-30        Tobias Myers  MIL      CHW          4.52
20  2025-04-30         Shane Smith  CHW      MIL          6.14
21  2025-04-30       Luis Severino  ATH      TEX          4.66
22  2025-04-30      Nathan Eovaldi  TEX      ATH           NaN
2025-04-30 10:41:34,221 - INFO -           Date             Pitcher Team Opponent  Predicted_Ks
0   2025-04-30       Miles Mikolas  STL      CIN           NaN
1   2025-04-30        Brady Singer  CIN      STL          5.97
2   2025-04-30        Jackson Jobe  DET      HOU          5.14
3   2025-04-30          Chris Sale  ATL      COL          4.86
4   2025-04-30     Chase Dollander  COL      ATL           NaN
5   2025-04-30       Cal Quantrill  MIA      LAD          4.08
6   2025-04-30        Landen Roupp  SFG      SDP          2.78
7   2025-04-30        Michael King  SDP      SFG          4.54
8   2025-04-30      Tyler Anderson  LAA      SEA           NaN
9   2025-04-30     Emerson Hancock  SEA      LAA          5.30
10  2025-04-30         Pablo López  MIN      CLE          7.73
11  2025-04-30          Luis Ortiz  CLE      MIN          5.80
12  2025-04-30     Carlos Carrasco  NYY      BAL           NaN
13  2025-04-30         Cade Povich  BAL      NYY          4.80
14  2025-04-30        Matthew Boyd  CHC      PIT          4.80
15  2025-04-30   Carmen Mlodzinski  PIT      CHC          5.60
16  2025-04-30          Jake Irvin  WSN      PHI          4.92
17  2025-04-30  Cristopher Sánchez  PHI      WSN           NaN
18  2025-04-30      Drew Rasmussen  TBR      KCR          3.99
19  2025-04-30        Tobias Myers  MIL      CHW          2.47
20  2025-04-30         Shane Smith  CHW      MIL          5.86
21  2025-04-30       Luis Severino  ATH      TEX          4.89
22  2025-04-30      Nathan Eovaldi  TEX      ATH           NaN
2025-04-30 13:49:29,325 - INFO -           Date             Pitcher Team Opponent  Predicted_Ks
0   2025-04-30       Miles Mikolas  STL      CIN           NaN
1   2025-04-30        Brady Singer  CIN      STL          5.97
2   2025-04-30        Jackson Jobe  DET      HOU          5.14
3   2025-04-30          Chris Sale  ATL      COL          4.86
4   2025-04-30     Chase Dollander  COL      ATL           NaN
5   2025-04-30       Cal Quantrill  MIA      LAD          4.08
6   2025-04-30        Landen Roupp  SFG      SDP          2.78
7   2025-04-30        Michael King  SDP      SFG          4.54
8   2025-04-30      Tyler Anderson  LAA      SEA           NaN
9   2025-04-30     Emerson Hancock  SEA      LAA          5.30
10  2025-04-30         Pablo López  MIN      CLE          7.73
11  2025-04-30          Luis Ortiz  CLE      MIN          5.80
12  2025-04-30     Carlos Carrasco  NYY      BAL           NaN
13  2025-04-30         Cade Povich  BAL      NYY          4.80
14  2025-04-30        Matthew Boyd  CHC      PIT          4.80
15  2025-04-30   Carmen Mlodzinski  PIT      CHC          5.60
16  2025-04-30          Jake Irvin  WSN      PHI          4.92
17  2025-04-30  Cristopher Sánchez  PHI      WSN           NaN
18  2025-04-30      Drew Rasmussen  TBR      KCR          3.99
19  2025-04-30       Corbin Burnes  ARI      NYM           NaN
20  2025-04-30        Tobias Myers  MIL      CHW          2.47
21  2025-04-30         Shane Smith  CHW      MIL          5.86
22  2025-04-30       Luis Severino  ATH      TEX          4.89
23  2025-04-30      Nathan Eovaldi  TEX      ATH           NaN
