2025-05-11 11:51:46,462 - INFO -           Date            Pitcher Team Opponent  Predicted_Ks
0   2025-05-11       Matthew Boyd  CHC      NYM          3.53
1   2025-05-11    Griffin Canning  NYM      CHC          5.61
2   2025-05-11         Chris Sale  ATL      PIT          6.57
3   2025-05-11  Carmen Mlodzinski  PIT      ATL          3.98
4   2025-05-11      Miles Mikolas  STL      WSN          4.46
5   2025-05-11     MacKenzie Gore  WSN      STL           NaN
6   2025-05-11     Nathan Eovaldi  TEX      DET          6.32
7   2025-05-11        Reese Olson  DET      TEX          5.82
8   2025-05-11       Chad Patrick  MIL      TBR          4.06
9   2025-05-11     Drew Rasmussen  TBR      MIL           NaN
10  2025-05-11    Sandy Alcantara  MIA      CHW          3.97
11  2025-05-11         Sean Burke  CHW      MIA          5.04
12  2025-05-11       Ronel Blanco  HOU      CIN          5.73
13  2025-05-11          Seth Lugo  KCR      BOS          5.62
14  2025-05-11       Landen Roupp  SFG      MIN          3.81
15  2025-05-11        Pablo López  MIN      SFG          5.91
16  2025-05-11       Nick Pivetta  SDP      COL           NaN
17  2025-05-11     Germán Márquez  COL      SDP          2.94
18  2025-05-11         Zach Eflin  BAL      LAA           NaN
19  2025-05-11     Tyler Anderson  LAA      BAL          4.36
20  2025-05-11         Zac Gallen  ARI      LAD          5.90
21  2025-05-11       Bryce Miller  SEA      TOR           NaN
22  2025-05-11       Zack Wheeler  PHI      CLE           NaN
23  2025-05-11         Luis Ortiz  CLE      PHI          6.24
