2025-04-29 05:36:54,544 - INFO -           Date            Pitcher Team Opponent  Predicted_Ks
0   2025-04-29      Chris Paddack  MIN      CLE           NaN
1   2025-04-29       Tanner Bibee  CLE      MIN           NaN
2   2025-04-29       Carlos Rodón  NYY      BAL          6.67
3   2025-04-29      Miles Mikolas  STL      CIN          5.88
4   2025-04-29       Brady Singer  CIN      STL          4.43
5   2025-04-29      Shota Imanaga  CHC      PIT          6.09
6   2025-04-29      Andrew Heaney  PIT      CHC          5.38
7   2025-04-29     MacKenzie Gore  WSN      PHI          7.73
8   2025-04-29       Zack Wheeler  PHI      WSN          7.32
9   2025-04-29   Michael Lorenzen  KCR      TBR          5.10
10  2025-04-29        Taj Bradley  TBR      KCR          4.71
11  2025-04-29  Eduardo Rodríguez  ARI      NYM          5.09
12  2025-04-29     David Peterson  NYM      ARI          5.07
13  2025-04-29     Freddy Peralta  MIL      CHW          5.48
14  2025-04-29       Jacob deGrom  TEX      ATH          6.40
15  2025-04-29        Reese Olson  DET      HOU          4.91
16  2025-04-29         Ryan Gusto  HOU      DET          3.79
17  2025-04-29         Logan Webb  SFG      SDP          6.78
18  2025-04-29       Nick Pivetta  SDP      SFG          5.55
19  2025-04-29   Jack Kochanowicz  LAA      SEA          4.63
20  2025-04-29       Bryce Miller  SEA      LAA          6.60
2025-04-29 17:55:46,967 - INFO -           Date            Pitcher Team Opponent  Predicted_Ks
0   2025-04-29      Chris Paddack  MIN      CLE           NaN
1   2025-04-29       Tanner Bibee  CLE      MIN           NaN
2   2025-04-29       Carlos Rodón  NYY      BAL          6.67
3   2025-04-29      Miles Mikolas  STL      CIN          5.88
4   2025-04-29       Brady Singer  CIN      STL          4.43
5   2025-04-29      Shota Imanaga  CHC      PIT          6.09
6   2025-04-29      Andrew Heaney  PIT      CHC          5.38
7   2025-04-29     MacKenzie Gore  WSN      PHI          7.73
8   2025-04-29       Zack Wheeler  PHI      WSN          7.32
9   2025-04-29   Michael Lorenzen  KCR      TBR          5.10
10  2025-04-29        Taj Bradley  TBR      KCR          4.71
11  2025-04-29    Garrett Crochet  BOS      TOR          5.17
12  2025-04-29     Bowden Francis  TOR      BOS          4.21
13  2025-04-29  Eduardo Rodríguez  ARI      NYM          5.09
14  2025-04-29     David Peterson  NYM      ARI          5.07
15  2025-04-29     Freddy Peralta  MIL      CHW          5.48
16  2025-04-29       Jacob deGrom  TEX      ATH          6.40
17  2025-04-29        Reese Olson  DET      HOU          4.91
18  2025-04-29         Ryan Gusto  HOU      DET          3.79
19  2025-04-29   AJ Smith-Shawver  ATL      COL          5.76
20  2025-04-29     Germán Márquez  COL      ATL          4.98
21  2025-04-29         Logan Webb  SFG      SDP          6.78
22  2025-04-29       Nick Pivetta  SDP      SFG          5.55
23  2025-04-29   Jack Kochanowicz  LAA      SEA          4.63
24  2025-04-29       Bryce Miller  SEA      LAA          6.60
