2025-05-07 10:23:56,919 - INFO -           Date                  Pitcher Team Opponent  Predicted_Ks
0   2025-05-07              Logan Allen  CLE      WSN          4.53
1   2025-05-07           Framber Valdez  HOU      MIL          4.34
2   2025-05-07           Quinn Priester  MIL      HOU          3.95
3   2025-05-07             Mitch Keller  PIT      STL          4.43
4   2025-05-07               Sonny Gray  STL      PIT          4.23
5   2025-05-07               Robbie Ray  SFG      CHC          6.75
6   2025-05-07                Ben Brown  CHC      SFG          4.84
7   2025-05-07                Bryan Woo  SEA      ATH          5.54
8   2025-05-07              Kodai Senga  NYM      ARI           NaN
9   2025-05-07            Merrill Kelly  ARI      NYM          4.13
10  2025-05-07              Tyler Mahle  TEX      BOS          5.32
11  2025-05-07             Tanner Houck  BOS      TEX          6.06
12  2025-05-07              Dylan Cease  SDP      NYY          3.32
13  2025-05-07                Max Fried  NYY      SDP          5.14
14  2025-05-07       Cristopher Sánchez  PHI      TBR          5.12
15  2025-05-07                Shane Baz  TBR      PHI           NaN
16  2025-05-07            Hunter Greene  CIN      ATL          5.87
17  2025-05-07             Grant Holmes  ATL      CIN          5.32
18  2025-05-07          Jonathan Cannon  CHW      KCR          4.41
19  2025-05-07            Michael Wacha  KCR      CHW          5.05
20  2025-05-07           Charlie Morton  BAL      MIN          3.39
21  2025-05-07  Simeon Woods Richardson  MIN      BAL          5.23
22  2025-05-07             Jackson Jobe  DET      COL          4.17
23  2025-05-07          Chase Dollander  COL      DET          5.50
24  2025-05-07             José Berríos  TOR      LAA          5.79
25  2025-05-07            Yusei Kikuchi  LAA      TOR           NaN
