2025-04-20 11:05:27,759 - INFO -           Date             Player Team Opponent  Predicted_Ks
0   2025-04-20           Joe Ryan  MIN      ATL          4.71
1   2025-04-20       Grant Holmes  ATL      MIN          5.16
2   2025-04-20     Charlie Morton  BAL      CIN          4.17
3   2025-04-20         Sean Burke  CHW      BOS          4.67
4   2025-04-20       Tanner Houck  BOS      CHW          4.97
5   2025-04-20   Connor Gillispie  MIA      PHI          4.43
6   2025-04-20      Jesús Luzardo  PHI      MIA          4.59
7   2025-04-20        Logan Allen  CLE      PIT          4.65
8   2025-04-20       Mitch Keller  PIT      CLE           NaN
9   2025-04-20      Luis Castillo  SEA      TOR          4.70
10  2025-04-20       Easton Lucas  TOR      SEA          4.93
11  2025-04-20      Michael Wacha  KCR      DET          4.80
12  2025-04-20       Tarik Skubal  DET      KCR          5.58
13  2025-04-20         Sonny Gray  STL      NYM          3.93
14  2025-04-20        Clay Holmes  NYM      STL          5.35
15  2025-04-20          Max Fried  NYY      TBR          6.43
16  2025-04-20        Ryan Pepiot  TBR      NYY          5.28
17  2025-04-20    Jeffrey Springs  ATH      MIL          5.45
18  2025-04-20      Merrill Kelly  ARI      CHC           NaN
19  2025-04-20    Jameson Taillon  CHC      ARI          5.05
20  2025-04-20      Tyler Glasnow  LAD      TEX          5.16
21  2025-04-20        Tyler Mahle  TEX      LAD          5.32
22  2025-04-20         Jake Irvin  WSN      COL          5.19
23  2025-04-20      Kyle Freeland  COL      WSN          4.52
24  2025-04-20   Justin Verlander  SFG      LAA          4.84
25  2025-04-20      Yusei Kikuchi  LAA      SFG           NaN
26  2025-04-20        Dylan Cease  SDP      HOU          5.02
27  2025-04-20     Framber Valdez  HOU      SDP          5.49
28  2025-04-20          Brad Lord  WSN      COL          5.12
29  2025-04-20  Antonio Senzatela  COL      WSN          3.91
