2025-04-21 10:19:10,741 - INFO -           Date                 Player Team Opponent  Predicted_Ks
0   2025-04-21        Jonathan Cannon  CHW      BOS          4.96
1   2025-04-21         Walker Buehler  BOS      CHW          4.71
2   2025-04-21         Gavin Williams  CLE      NYY          5.54
3   2025-04-21          Randy Vásquez  SDP      DET          5.62
4   2025-04-21            Nick Lodolo  CIN      MIA           NaN
5   2025-04-21              Max Meyer  MIA      CIN          4.84
6   2025-04-21             Aaron Nola  PHI      NYM          5.41
7   2025-04-21           Tylor Megill  NYM      PHI          4.94
8   2025-04-21            Erick Fedde  STL      ATL          3.66
9   2025-04-21  Spencer Schwellenbach  ATL      STL          4.69
10  2025-04-21          Kevin Gausman  TOR      HOU          5.30
11  2025-04-21           Hunter Brown  HOU      TOR          4.70
12  2025-04-21         Quinn Priester  MIL      SFG          4.34
13  2025-04-21             Robbie Ray  SFG      MIL          5.76
2025-04-21 11:35:38,248 - INFO -           Date                 Player Team Opponent  Predicted_Ks
0   2025-04-21        Jonathan Cannon  CHW      BOS          4.96
1   2025-04-21         Walker Buehler  BOS      CHW          4.71
2   2025-04-21         Gavin Williams  CLE      NYY          5.54
3   2025-04-21          Randy Vásquez  SDP      DET          5.62
4   2025-04-21            Nick Lodolo  CIN      MIA           NaN
5   2025-04-21              Max Meyer  MIA      CIN          4.84
6   2025-04-21             Aaron Nola  PHI      NYM          5.41
7   2025-04-21           Tylor Megill  NYM      PHI          4.94
8   2025-04-21            Erick Fedde  STL      ATL          3.66
9   2025-04-21  Spencer Schwellenbach  ATL      STL          4.69
10  2025-04-21          Kevin Gausman  TOR      HOU          5.30
11  2025-04-21           Hunter Brown  HOU      TOR          4.70
12  2025-04-21         Quinn Priester  MIL      SFG          4.34
13  2025-04-21             Robbie Ray  SFG      MIL          5.76
2025-04-21 11:36:46,444 - INFO -           Date                 Player Team Opponent  Predicted_Ks
0   2025-04-21        Jonathan Cannon  CHW      BOS          4.96
1   2025-04-21         Walker Buehler  BOS      CHW          4.71
2   2025-04-21         Gavin Williams  CLE      NYY          5.54
3   2025-04-21          Randy Vásquez  SDP      DET          5.62
4   2025-04-21            Nick Lodolo  CIN      MIA           NaN
5   2025-04-21              Max Meyer  MIA      CIN          4.84
6   2025-04-21             Aaron Nola  PHI      NYM          5.41
7   2025-04-21           Tylor Megill  NYM      PHI          4.94
8   2025-04-21            Erick Fedde  STL      ATL          3.66
9   2025-04-21  Spencer Schwellenbach  ATL      STL          4.69
10  2025-04-21          Kevin Gausman  TOR      HOU          5.30
11  2025-04-21           Hunter Brown  HOU      TOR          4.70
12  2025-04-21         Quinn Priester  MIL      SFG          4.34
13  2025-04-21             Robbie Ray  SFG      MIL          5.76
2025-04-21 11:37:47,767 - INFO -           Date                 Player Team Opponent  Predicted_Ks
0   2025-04-21        Jonathan Cannon  CHW      BOS          4.96
1   2025-04-21         Walker Buehler  BOS      CHW          4.71
2   2025-04-21         Gavin Williams  CLE      NYY          5.54
3   2025-04-21          Randy Vásquez  SDP      DET          5.62
4   2025-04-21            Nick Lodolo  CIN      MIA           NaN
5   2025-04-21              Max Meyer  MIA      CIN          4.84
6   2025-04-21             Aaron Nola  PHI      NYM          5.41
7   2025-04-21           Tylor Megill  NYM      PHI          4.94
8   2025-04-21            Erick Fedde  STL      ATL          3.66
9   2025-04-21  Spencer Schwellenbach  ATL      STL          4.69
10  2025-04-21          Kevin Gausman  TOR      HOU          5.30
11  2025-04-21           Hunter Brown  HOU      TOR          4.70
12  2025-04-21         Quinn Priester  MIL      SFG          4.34
13  2025-04-21             Robbie Ray  SFG      MIL          5.76
2025-04-21 11:39:27,725 - INFO -           Date                 Player Team Opponent  Predicted_Ks
0   2025-04-21        Jonathan Cannon  CHW      BOS          4.96
1   2025-04-21         Walker Buehler  BOS      CHW          4.71
2   2025-04-21         Gavin Williams  CLE      NYY          5.54
3   2025-04-21          Randy Vásquez  SDP      DET          5.62
4   2025-04-21            Nick Lodolo  CIN      MIA           NaN
5   2025-04-21              Max Meyer  MIA      CIN          4.84
6   2025-04-21             Aaron Nola  PHI      NYM          5.41
7   2025-04-21           Tylor Megill  NYM      PHI          4.94
8   2025-04-21            Erick Fedde  STL      ATL          3.66
9   2025-04-21  Spencer Schwellenbach  ATL      STL          4.69
10  2025-04-21          Kevin Gausman  TOR      HOU          5.30
11  2025-04-21           Hunter Brown  HOU      TOR          4.70
12  2025-04-21         Quinn Priester  MIL      SFG          4.34
13  2025-04-21             Robbie Ray  SFG      MIL          5.76
2025-04-21 11:41:59,418 - INFO -           Date                 Player Team Opponent  Predicted_Ks
0   2025-04-21        Jonathan Cannon  CHW      BOS          4.96
1   2025-04-21         Walker Buehler  BOS      CHW          4.71
2   2025-04-21         Gavin Williams  CLE      NYY          5.54
3   2025-04-21          Randy Vásquez  SDP      DET          5.62
4   2025-04-21            Nick Lodolo  CIN      MIA           NaN
5   2025-04-21              Max Meyer  MIA      CIN          4.84
6   2025-04-21             Aaron Nola  PHI      NYM          5.41
7   2025-04-21           Tylor Megill  NYM      PHI          4.94
8   2025-04-21            Erick Fedde  STL      ATL          3.66
9   2025-04-21  Spencer Schwellenbach  ATL      STL          4.69
10  2025-04-21          Kevin Gausman  TOR      HOU          5.30
11  2025-04-21           Hunter Brown  HOU      TOR          4.70
12  2025-04-21         Quinn Priester  MIL      SFG          4.34
13  2025-04-21             Robbie Ray  SFG      MIL          5.76
2025-04-21 11:42:47,923 - INFO -           Date                 Player Team Opponent  Predicted_Ks
0   2025-04-21        Jonathan Cannon  CHW      BOS          4.96
1   2025-04-21         Walker Buehler  BOS      CHW          4.71
2   2025-04-21         Gavin Williams  CLE      NYY          5.54
3   2025-04-21          Randy Vásquez  SDP      DET          5.62
4   2025-04-21            Nick Lodolo  CIN      MIA           NaN
5   2025-04-21              Max Meyer  MIA      CIN          4.84
6   2025-04-21             Aaron Nola  PHI      NYM          5.41
7   2025-04-21           Tylor Megill  NYM      PHI          4.94
8   2025-04-21            Erick Fedde  STL      ATL          3.66
9   2025-04-21  Spencer Schwellenbach  ATL      STL          4.69
10  2025-04-21          Kevin Gausman  TOR      HOU          5.30
11  2025-04-21           Hunter Brown  HOU      TOR          4.70
12  2025-04-21         Quinn Priester  MIL      SFG          4.34
13  2025-04-21             Robbie Ray  SFG      MIL          5.76
2025-04-21 11:44:22,870 - INFO -           Date                 Player Team Opponent  Predicted_Ks
0   2025-04-21        Jonathan Cannon  CHW      BOS          4.96
1   2025-04-21         Walker Buehler  BOS      CHW          4.71
2   2025-04-21         Gavin Williams  CLE      NYY          5.54
3   2025-04-21          Randy Vásquez  SDP      DET          5.62
4   2025-04-21            Nick Lodolo  CIN      MIA           NaN
5   2025-04-21              Max Meyer  MIA      CIN          4.84
6   2025-04-21             Aaron Nola  PHI      NYM          5.41
7   2025-04-21           Tylor Megill  NYM      PHI          4.94
8   2025-04-21            Erick Fedde  STL      ATL          3.66
9   2025-04-21  Spencer Schwellenbach  ATL      STL          4.69
10  2025-04-21          Kevin Gausman  TOR      HOU          5.30
11  2025-04-21           Hunter Brown  HOU      TOR          4.70
12  2025-04-21         Quinn Priester  MIL      SFG          4.34
13  2025-04-21             Robbie Ray  SFG      MIL          5.76
2025-04-21 11:45:19,289 - INFO -           Date                Pitcher Team Opponent  Predicted_Ks
0   2025-04-21        Jonathan Cannon  CHW      BOS          4.96
1   2025-04-21         Walker Buehler  BOS      CHW          4.71
2   2025-04-21         Gavin Williams  CLE      NYY          5.54
3   2025-04-21          Randy Vásquez  SDP      DET          5.62
4   2025-04-21            Nick Lodolo  CIN      MIA           NaN
5   2025-04-21              Max Meyer  MIA      CIN          4.84
6   2025-04-21             Aaron Nola  PHI      NYM          5.41
7   2025-04-21           Tylor Megill  NYM      PHI          4.94
8   2025-04-21            Erick Fedde  STL      ATL          3.66
9   2025-04-21  Spencer Schwellenbach  ATL      STL          4.69
10  2025-04-21          Kevin Gausman  TOR      HOU          5.30
11  2025-04-21           Hunter Brown  HOU      TOR          4.70
12  2025-04-21         Quinn Priester  MIL      SFG          4.34
13  2025-04-21             Robbie Ray  SFG      MIL          5.76
2025-04-21 11:45:53,774 - INFO -           Date                Pitcher Team Opponent  Predicted_Ks
0   2025-04-21        Jonathan Cannon  CHW      BOS          4.96
1   2025-04-21         Walker Buehler  BOS      CHW          4.71
2   2025-04-21         Gavin Williams  CLE      NYY          5.54
3   2025-04-21          Randy Vásquez  SDP      DET          5.62
4   2025-04-21            Nick Lodolo  CIN      MIA           NaN
5   2025-04-21              Max Meyer  MIA      CIN          4.84
6   2025-04-21             Aaron Nola  PHI      NYM          5.41
7   2025-04-21           Tylor Megill  NYM      PHI          4.94
8   2025-04-21            Erick Fedde  STL      ATL          3.66
9   2025-04-21  Spencer Schwellenbach  ATL      STL          4.69
10  2025-04-21          Kevin Gausman  TOR      HOU          5.30
11  2025-04-21           Hunter Brown  HOU      TOR          4.70
12  2025-04-21         Quinn Priester  MIL      SFG          4.34
13  2025-04-21             Robbie Ray  SFG      MIL          5.76
2025-04-21 11:47:07,484 - INFO -           Date                Pitcher Team Opponent  Predicted_Ks
0   2025-04-21        Jonathan Cannon  CHW      BOS          4.96
1   2025-04-21         Walker Buehler  BOS      CHW          4.71
2   2025-04-21         Gavin Williams  CLE      NYY          5.54
3   2025-04-21          Randy Vásquez  SDP      DET          5.62
4   2025-04-21            Nick Lodolo  CIN      MIA           NaN
5   2025-04-21              Max Meyer  MIA      CIN          4.84
6   2025-04-21             Aaron Nola  PHI      NYM          5.41
7   2025-04-21           Tylor Megill  NYM      PHI          4.94
8   2025-04-21            Erick Fedde  STL      ATL          3.66
9   2025-04-21  Spencer Schwellenbach  ATL      STL          4.69
10  2025-04-21          Kevin Gausman  TOR      HOU          5.30
11  2025-04-21           Hunter Brown  HOU      TOR          4.70
12  2025-04-21         Quinn Priester  MIL      SFG          4.34
13  2025-04-21             Robbie Ray  SFG      MIL          5.76
2025-04-21 11:47:49,642 - INFO -           Date                Pitcher Team Opponent  Predicted_Ks
0   2025-04-21        Jonathan Cannon  CHW      BOS          4.96
1   2025-04-21         Walker Buehler  BOS      CHW          4.71
2   2025-04-21         Gavin Williams  CLE      NYY          5.54
3   2025-04-21          Randy Vásquez  SDP      DET          5.62
4   2025-04-21            Nick Lodolo  CIN      MIA           NaN
5   2025-04-21              Max Meyer  MIA      CIN          4.84
6   2025-04-21             Aaron Nola  PHI      NYM          5.41
7   2025-04-21           Tylor Megill  NYM      PHI          4.94
8   2025-04-21            Erick Fedde  STL      ATL          3.66
9   2025-04-21  Spencer Schwellenbach  ATL      STL          4.69
10  2025-04-21          Kevin Gausman  TOR      HOU          5.30
11  2025-04-21           Hunter Brown  HOU      TOR          4.70
12  2025-04-21         Quinn Priester  MIL      SFG          4.34
13  2025-04-21             Robbie Ray  SFG      MIL          5.76
2025-04-21 11:48:42,075 - INFO -           Date                Pitcher Team Opponent  Predicted_Ks
0   2025-04-21        Jonathan Cannon  CHW      BOS          4.96
1   2025-04-21         Walker Buehler  BOS      CHW          4.71
2   2025-04-21         Gavin Williams  CLE      NYY          5.54
3   2025-04-21          Randy Vásquez  SDP      DET          5.62
4   2025-04-21            Nick Lodolo  CIN      MIA           NaN
5   2025-04-21              Max Meyer  MIA      CIN          4.84
6   2025-04-21             Aaron Nola  PHI      NYM          5.41
7   2025-04-21           Tylor Megill  NYM      PHI          4.94
8   2025-04-21            Erick Fedde  STL      ATL          3.66
9   2025-04-21  Spencer Schwellenbach  ATL      STL          4.69
10  2025-04-21          Kevin Gausman  TOR      HOU          5.30
11  2025-04-21           Hunter Brown  HOU      TOR          4.70
12  2025-04-21         Quinn Priester  MIL      SFG          4.34
13  2025-04-21             Robbie Ray  SFG      MIL          5.76
2025-04-21 11:49:25,755 - INFO -           Date                Pitcher Team Opponent  Predicted_Ks
0   2025-04-21        Jonathan Cannon  CHW      BOS          4.96
1   2025-04-21         Walker Buehler  BOS      CHW          4.71
2   2025-04-21         Gavin Williams  CLE      NYY          5.54
3   2025-04-21          Randy Vásquez  SDP      DET          5.62
4   2025-04-21            Nick Lodolo  CIN      MIA           NaN
5   2025-04-21              Max Meyer  MIA      CIN          4.84
6   2025-04-21             Aaron Nola  PHI      NYM          5.41
7   2025-04-21           Tylor Megill  NYM      PHI          4.94
8   2025-04-21            Erick Fedde  STL      ATL          3.66
9   2025-04-21  Spencer Schwellenbach  ATL      STL          4.69
10  2025-04-21          Kevin Gausman  TOR      HOU          5.30
11  2025-04-21           Hunter Brown  HOU      TOR          4.70
12  2025-04-21         Quinn Priester  MIL      SFG          4.34
13  2025-04-21             Robbie Ray  SFG      MIL          5.76
2025-04-21 11:51:14,863 - INFO -           Date                Pitcher Team Opponent  Predicted_Ks
0   2025-04-21        Jonathan Cannon  CHW      BOS          4.96
1   2025-04-21         Walker Buehler  BOS      CHW          4.71
2   2025-04-21         Gavin Williams  CLE      NYY          5.54
3   2025-04-21          Randy Vásquez  SDP      DET          5.62
4   2025-04-21            Nick Lodolo  CIN      MIA           NaN
5   2025-04-21              Max Meyer  MIA      CIN          4.84
6   2025-04-21             Aaron Nola  PHI      NYM          5.41
7   2025-04-21           Tylor Megill  NYM      PHI          4.94
8   2025-04-21            Erick Fedde  STL      ATL          3.66
9   2025-04-21  Spencer Schwellenbach  ATL      STL          4.69
10  2025-04-21          Kevin Gausman  TOR      HOU          5.30
11  2025-04-21           Hunter Brown  HOU      TOR          4.70
12  2025-04-21         Quinn Priester  MIL      SFG          4.34
13  2025-04-21             Robbie Ray  SFG      MIL          5.76
