2025-04-27 11:51:39,260 - INFO -           Date                Pitcher Team Opponent  Predicted_Ks
0   2025-04-27          Kevin Gausman  TOR      NYY           NaN
1   2025-04-27              Max Fried  NYY      TOR          5.30
2   2025-04-27           Tylor Megill  NYM      WSN           NaN
3   2025-04-27        Mitchell Parker  WSN      NYM          5.40
4   2025-04-27            Logan Allen  CLE      BOS          5.57
5   2025-04-27            Dean Kremer  BAL      DET          5.05
6   2025-04-27           Tarik Skubal  DET      BAL           NaN
7   2025-04-27           José Soriano  LAA      MIN          4.42
8   2025-04-27               Joe Ryan  MIN      LAA           NaN
9   2025-04-27           Hunter Brown  HOU      KCR          4.26
10  2025-04-27             Kris Bubic  KCR      HOU          4.86
11  2025-04-27          Jose Quintana  MIL      STL          5.32
12  2025-04-27            Erick Fedde  STL      MIL          5.35
13  2025-04-27            Nick Lodolo  CIN      COL           NaN
14  2025-04-27           Ryan Feltner  COL      CIN          5.12
15  2025-04-27           Davis Martin  CHW      ATH          4.52
16  2025-04-27           Osvaldo Bido  ATH      CHW           NaN
17  2025-04-27           Jordan Hicks  SFG      TEX          4.23
18  2025-04-27  Spencer Schwellenbach  ATL      ARI          3.91
19  2025-04-27         Brandon Pfaadt  ARI      ATL          4.29
20  2025-04-27          Bailey Falter  PIT      LAD          5.74
21  2025-04-27          Tyler Glasnow  LAD      PIT          6.42
22  2025-04-27           Zack Littell  TBR      SDP          5.26
23  2025-04-27          Randy Vásquez  SDP      TBR          4.50
24  2025-04-27              Max Meyer  MIA      SEA          5.14
25  2025-04-27             Aaron Nola  PHI      CHC          6.09
26  2025-04-27        Jameson Taillon  CHC      PHI          4.55
27  2025-04-27          Chris Bassitt  TOR      NYY          6.08
28  2025-04-27         Clarke Schmidt  NYY      TOR          4.97
