2025-08-15 16:57:49,109 - INFO -         Date     Matchup Team_1    Runs_1 Team_2    Runs_2  Total_Runs DK_Line
2 2025-08-14  BAL vs SEA    SEA  5.349021    BAL  6.928961   12.277982    <NA>
4 2025-08-14  CLE vs MIA    MIA  7.883856    CLE  3.135457   11.019313    <NA>
0 2025-08-14  ARI vs COL    ARI  3.767239    COL  3.314225    7.081464    <NA>
6 2025-08-14  PHI vs WSN    PHI  2.848916    WSN  4.161300    7.010216    <NA>
3 2025-08-14  CHC vs TOR    CHC  3.592595    TOR  3.124406    6.717002    <NA>
5 2025-08-14  DET vs MIN    DET  2.610110    MIN  3.966845    6.576954    <NA>
1 2025-08-14  ATL vs NYM    ATL  2.910772    NYM  2.286128    5.196900    <NA>
2025-08-15 17:01:05,912 - INFO -          Date     Matchup Team_1    Runs_1 Team_2    Runs_2  Total_Runs DK_Line
4  2025-08-15  BOS vs MIA    MIA  8.018043    BOS  2.889791   10.907834    <NA>
9  2025-08-15  LAD vs SDP    SDP  2.329518    LAD  7.819126   10.148644    <NA>
3  2025-08-15  BAL vs HOU    BAL  6.888559    HOU  2.378476    9.267035    <NA>
11 2025-08-15  NYY vs STL    NYY  4.075088    STL  5.187150    9.262238    <NA>
14 2025-08-15  TEX vs TOR    TOR  2.777634    TEX  5.004910    7.782544    <NA>
8  2025-08-15  DET vs MIN    DET  3.797483    MIN  3.770498    7.567981    <NA>
5  2025-08-15  CHC vs PIT    PIT  3.836509    CHC  3.414536    7.251045    <NA>
6  2025-08-15  CHW vs KCR    CHW  3.851168    KCR  3.110521    6.961689    <NA>
1  2025-08-15  ATH vs LAA    ATH  3.965697    LAA  2.764444    6.730141    <NA>
0  2025-08-15  ARI vs COL    COL  2.807657    ARI  3.810551    6.618208    <NA>
12 2025-08-15  PHI vs WSN    WSN  3.676094    PHI  2.909065    6.585159    <NA>
10 2025-08-15  NYM vs SEA    SEA  3.910368    NYM  2.076780    5.987148    <NA>
7  2025-08-15  CIN vs MIL    MIL  4.911094    CIN  0.856955    5.768048    <NA>
2  2025-08-15  ATL vs CLE    CLE  2.121124    ATL  2.892027    5.013150    <NA>
13 2025-08-15  SFG vs TBR    TBR  2.058512    SFG  2.724604    4.783115    <NA>
