2025-06-20 11:38:00,999 - INFO -          Date     Matchup Team_1    Runs_1 Team_2    Runs_2  Total_Runs
2  2025-06-20  ATL vs MIA    MIA  8.132739    ATL  4.198361   12.331100
3  2025-06-20  BAL vs NYY    BAL  7.008237    NYY  4.304589   11.312826
11 2025-06-20  LAD vs WSN    WSN  2.890260    LAD  7.551417   10.441677
12 2025-06-20  MIL vs MIN    MIL  4.613006    MIN  4.289200    8.902206
14 2025-06-20  PIT vs TEX    PIT  3.974228    TEX  4.669692    8.643920
5  2025-06-20  CHC vs SEA    SEA  4.195989    CHC  3.656978    7.852966
4  2025-06-20  BOS vs SFG    SFG  4.154909    BOS  2.947639    7.102548
7  2025-06-20  CIN vs STL    STL  5.438105    CIN  1.526874    6.964979
6  2025-06-20  CHW vs TOR    CHW  3.966889    TOR  2.985499    6.952389
13 2025-06-20  NYM vs PHI    PHI  2.870456    NYM  3.065707    5.936162
0  2025-06-20  ARI vs COL    COL  2.240332    ARI  3.686939    5.927271
9  2025-06-20  HOU vs LAA    LAA  2.481969    HOU  2.917221    5.399190
8  2025-06-20  DET vs TBR    DET  2.855981    TBR  2.338120    5.194102
1  2025-06-20  ATH vs CLE    ATH  2.337130    CLE  2.079809    4.416939
10 2025-06-20  KCR vs SDP    KCR  1.919820    SDP  2.316624    4.236444
2025-06-20 11:39:37,336 - INFO -          Date     Matchup Team_1    Runs_1 Team_2    Runs_2  Total_Runs Matchup_Key home_team away_team  DK_Line          Last_Updated
2  2025-06-20  ATL vs MIA    MIA  7.403849    ATL  3.874399   11.278248  (ATL, MIA)       MIA       ATL      9.0  2025-06-20T15:39:10Z
11 2025-06-20  LAD vs WSN    WSN  3.269788    LAD  7.187779   10.457567  (LAD, WSN)       LAD       WSN      8.0  2025-06-20T15:39:10Z
3  2025-06-20  BAL vs NYY    BAL  6.696198    NYY  3.688701   10.384899  (BAL, NYY)       NYY       BAL      9.0  2025-06-20T15:39:10Z
14 2025-06-20  PIT vs TEX    PIT  4.015024    TEX  4.660437    8.675461  (PIT, TEX)       PIT       TEX      7.5  2025-06-20T15:39:10Z
12 2025-06-20  MIL vs MIN    MIL  4.556452    MIN  3.678781    8.235233  (MIL, MIN)       MIN       MIL      8.0  2025-06-20T15:39:10Z
7  2025-06-20  CIN vs STL    STL  5.219798    CIN  1.926166    7.145964  (STL, CIN)       STL       CIN      9.0  2025-06-20T15:39:10Z
5  2025-06-20  CHC vs SEA    SEA  3.925510    CHC  3.131367    7.056877  (CHC, SEA)       CHC       SEA     10.0  2025-06-20T15:39:10Z
4  2025-06-20  BOS vs SFG    SFG  3.901603    BOS  3.131303    7.032907  (BOS, SFG)       SFG       BOS      7.5  2025-06-20T15:39:10Z
6  2025-06-20  CHW vs TOR    CHW  3.655261    TOR  3.014236    6.669497  (TOR, CHW)       TOR       CHW      9.0  2025-06-20T15:39:10Z
0  2025-06-20  ARI vs COL    COL  3.127233    ARI  3.146092    6.273324  (ARI, COL)       COL       ARI     12.0  2025-06-20T15:39:10Z
13 2025-06-20  NYM vs PHI    PHI  2.895802    NYM  2.957243    5.853045  (PHI, NYM)       PHI       NYM      8.5  2025-06-20T15:39:10Z
8  2025-06-20  DET vs TBR    DET  3.158777    TBR  2.138811    5.297587  (DET, TBR)       TBR       DET      8.5  2025-06-20T15:39:10Z
1  2025-06-20  ATH vs CLE    ATH  2.983678    CLE  2.235247    5.218925  (CLE, ATH)       ATH       CLE      9.0  2025-06-20T15:39:10Z
9  2025-06-20  HOU vs LAA    LAA  2.675357    HOU  2.364647    5.040004  (HOU, LAA)       LAA       HOU      8.0  2025-06-20T15:39:10Z
10 2025-06-20  KCR vs SDP    KCR  2.145448    SDP  2.133045    4.278493  (KCR, SDP)       SDP       KCR      7.5  2025-06-20T15:39:10Z
