2025-09-19 15:37:55,539 - INFO -          Date     Matchup Team_1    Runs_1 Team_2    Runs_2  Total_Runs Matchup_Key home_team away_team  DK_Line          Last_Updated
24 2025-09-19  MIA vs TEX    MIA  8.053234    TEX  4.784638   12.837872  (MIA, TEX)       TEX       MIA      9.0  2025-09-19T19:36:47Z
23 2025-09-19  MIA vs TEX    MIA  8.053234    TEX  4.784638   12.837872  (MIA, TEX)       TEX       MIA      8.0  2025-09-19T19:36:47Z
22 2025-09-19  LAD vs SFG    LAD  7.139521    SFG  3.262063   10.401584  (SFG, LAD)       LAD       SFG      8.5  2025-09-19T19:36:47Z
21 2025-09-19  LAD vs SFG    LAD  7.139521    SFG  3.262063   10.401584  (SFG, LAD)       LAD       SFG      8.5  2025-09-19T19:36:47Z
26 2025-09-19  MIL vs STL    MIL  4.587396    STL  4.799316    9.386712  (MIL, STL)       STL       MIL      8.5  2025-09-19T19:36:47Z
25 2025-09-19  MIL vs STL    MIL  4.587396    STL  4.799316    9.386712  (MIL, STL)       STL       MIL      7.5  2025-09-19T19:36:47Z
6  2025-09-19  BAL vs NYY    BAL  5.254659    NYY  3.575513    8.830172  (BAL, NYY)       BAL       NYY      9.0  2025-09-19T19:36:47Z
7  2025-09-19  BAL vs NYY    BAL  5.254659    NYY  3.575513    8.830172  (BAL, NYY)       BAL       NYY      9.0  2025-09-19T19:36:47Z
28 2025-09-19  NYM vs WSN    NYM  3.206659    WSN  4.451729    7.658388  (NYM, WSN)       NYM       WSN      8.5  2025-09-19T19:36:47Z
27 2025-09-19  NYM vs WSN    NYM  3.206659    WSN  4.451729    7.658388  (NYM, WSN)       NYM       WSN      8.5  2025-09-19T19:36:47Z
17 2025-09-19  HOU vs SEA    HOU  2.815662    SEA  4.091214    6.906876  (HOU, SEA)       HOU       SEA      7.5  2025-09-19T19:36:47Z
18 2025-09-19  HOU vs SEA    HOU  2.815662    SEA  4.091214    6.906876  (HOU, SEA)       HOU       SEA      7.5  2025-09-19T19:36:47Z
12 2025-09-19  CHW vs SDP    CHW  4.437912    SDP  2.182702    6.620614  (CHW, SDP)       CHW       SDP      8.0  2025-09-19T19:36:47Z
13 2025-09-19  CHW vs SDP    CHW  4.437912    SDP  2.182702    6.620614  (CHW, SDP)       CHW       SDP      8.5  2025-09-19T19:36:47Z
14 2025-09-19  CLE vs MIN    CLE  3.112617    MIN  3.431373    6.543990  (MIN, CLE)       MIN       CLE      7.5  2025-09-19T19:36:47Z
5  2025-09-19  ATL vs DET    ATL  2.991073    DET  2.979213    5.970287  (DET, ATL)       DET       ATL      9.0  2025-09-19T19:36:47Z
4  2025-09-19  ATL vs DET    ATL  2.991073    DET  2.979213    5.970287  (DET, ATL)       DET       ATL      9.0  2025-09-19T19:36:47Z
11 2025-09-19  CHC vs CIN    CHC  3.848352    CIN  1.305477    5.153829  (CHC, CIN)       CIN       CHC      9.0  2025-09-19T19:36:47Z
10 2025-09-19  CHC vs CIN    CHC  3.848352    CIN  1.305477    5.153829  (CHC, CIN)       CIN       CHC      8.5  2025-09-19T19:36:47Z
1  2025-09-19  ARI vs PHI    ARI  3.150294    PHI  1.775934    4.926229  (ARI, PHI)       ARI       PHI      9.0  2025-09-19T19:36:47Z
0  2025-09-19  ARI vs PHI    ARI  3.150294    PHI  1.775934    4.926229  (ARI, PHI)       ARI       PHI      9.0  2025-09-19T19:36:47Z
19 2025-09-19  KCR vs TOR    KCR  2.180582    TOR  2.485003    4.665586  (KCR, TOR)       KCR       TOR      9.0  2025-09-19T19:36:47Z
20 2025-09-19  KCR vs TOR    KCR  2.180582    TOR  2.485003    4.665586  (KCR, TOR)       KCR       TOR      8.5  2025-09-19T19:36:47Z
15 2025-09-19  COL vs LAA    COL  1.923849    LAA  2.706992    4.630841  (COL, LAA)       COL       LAA     12.0  2025-09-19T19:36:47Z
16 2025-09-19  COL vs LAA    COL  1.923849    LAA  2.706992    4.630841  (COL, LAA)       COL       LAA     11.5  2025-09-19T19:36:47Z
3  2025-09-19  ATH vs PIT    ATH  1.736198    PIT  2.825805    4.562003  (ATH, PIT)       PIT       ATH      8.5  2025-09-19T19:36:47Z
2  2025-09-19  ATH vs PIT    ATH  1.736198    PIT  2.825805    4.562003  (ATH, PIT)       PIT       ATH      8.5  2025-09-19T19:36:47Z
9  2025-09-19  BOS vs TBR    BOS  1.573637    TBR  2.228259    3.801896  (TBR, BOS)       TBR       BOS      8.5  2025-09-19T19:36:47Z
8  2025-09-19  BOS vs TBR    BOS  1.573637    TBR  2.228259    3.801896  (TBR, BOS)       TBR       BOS      7.0  2025-09-19T19:36:47Z
