2025-08-01 15:04:10,762 - INFO -          Date     Matchup Team_1    Runs_1 Team_2    Runs_2  Total_Runs Matchup_Key home_team away_team  DK_Line          Last_Updated
16 2025-08-01  MIA vs NYY    NYY  3.914225    MIA  7.249084   11.163309  (MIA, NYY)       MIA       NYY      8.0  2025-08-01T19:04:01Z
15 2025-08-01  MIA vs NYY    NYY  3.914225    MIA  7.249084   11.163309  (MIA, NYY)       MIA       NYY      7.5  2025-08-01T19:04:01Z
2  2025-08-01  BAL vs CHC    BAL  5.292941    CHC  4.804820   10.097761  (BAL, CHC)       CHC       BAL      5.5  2025-08-01T19:01:39Z
3  2025-08-01  BAL vs CHC    BAL  5.292941    CHC  4.804820   10.097761  (BAL, CHC)       CHC       BAL      8.5  2025-08-01T19:04:01Z
13 2025-08-01  LAD vs TBR    LAD  7.418546    TBR  1.836210    9.254755  (LAD, TBR)       TBR       LAD      9.0  2025-08-01T19:04:01Z
14 2025-08-01  LAD vs TBR    LAD  7.418546    TBR  1.836210    9.254755  (LAD, TBR)       TBR       LAD      8.5  2025-08-01T19:04:01Z
23 2025-08-01  SEA vs TEX    TEX  4.518101    SEA  3.920856    8.438956  (TEX, SEA)       SEA       TEX      7.0  2025-08-01T19:04:01Z
22 2025-08-01  SEA vs TEX    TEX  4.518101    SEA  3.920856    8.438956  (TEX, SEA)       SEA       TEX      7.5  2025-08-01T19:04:01Z
7  2025-08-01  CHW vs LAA    CHW  5.114561    LAA  2.220211    7.334771  (CHW, LAA)       LAA       CHW      9.5  2025-08-01T19:04:01Z
6  2025-08-01  CHW vs LAA    CHW  5.114561    LAA  2.220211    7.334771  (CHW, LAA)       LAA       CHW      9.5  2025-08-01T19:04:01Z
21 2025-08-01  SDP vs STL    STL  4.680467    SDP  2.491013    7.171480  (SDP, STL)       SDP       STL      8.5  2025-08-01T19:04:01Z
20 2025-08-01  SDP vs STL    STL  4.680467    SDP  2.491013    7.171480  (SDP, STL)       SDP       STL      7.5  2025-08-01T19:04:01Z
17 2025-08-01  MIL vs WSN    WSN  3.310058    MIL  3.218180    6.528237  (MIL, WSN)       WSN       MIL      8.5  2025-08-01T19:01:39Z
18 2025-08-01  MIL vs WSN    WSN  3.310058    MIL  3.218180    6.528237  (MIL, WSN)       WSN       MIL      8.5  2025-08-01T19:04:01Z
19 2025-08-01  NYM vs SFG    NYM  1.790942    SFG  3.671493    5.462436  (SFG, NYM)       NYM       SFG      7.5  2025-08-01T19:04:01Z
9  2025-08-01  COL vs PIT    COL  2.606581    PIT  2.770554    5.377136  (PIT, COL)       COL       PIT     11.5  2025-08-01T19:04:01Z
10 2025-08-01  COL vs PIT    COL  2.606581    PIT  2.770554    5.377136  (PIT, COL)       COL       PIT     10.5  2025-08-01T19:04:01Z
12 2025-08-01  DET vs PHI    PHI  2.352414    DET  2.937865    5.290279  (DET, PHI)       PHI       DET      7.0  2025-08-01T19:04:01Z
11 2025-08-01  DET vs PHI    PHI  2.352414    DET  2.937865    5.290279  (DET, PHI)       PHI       DET      7.5  2025-08-01T19:01:39Z
8  2025-08-01  CLE vs MIN    MIN  2.558618    CLE  2.692780    5.251397  (CLE, MIN)       CLE       MIN      7.0  2025-08-01T19:04:01Z
5  2025-08-01  BOS vs HOU    BOS  1.479736    HOU  2.744519    4.224254  (BOS, HOU)       BOS       HOU      9.0  2025-08-01T19:04:01Z
4  2025-08-01  BOS vs HOU    BOS  1.479736    HOU  2.744519    4.224254  (BOS, HOU)       BOS       HOU      8.0  2025-08-01T19:04:01Z
1  2025-08-01  ATL vs CIN    ATL  1.996000    CIN  1.298344    3.294343  (CIN, ATL)       CIN       ATL      8.5  2025-08-01T19:04:01Z
0  2025-08-01  ATL vs CIN    ATL  1.996000    CIN  1.298344    3.294343  (CIN, ATL)       CIN       ATL      5.5  2025-08-01T18:56:35Z
