2025-06-17 11:04:47,073 - INFO -          Date     Matchup Team_1    Runs_1 Team_2    Runs_2  Total_Runs Matchup_Key home_team away_team  DK_Line          Last_Updated
13 2025-06-17  LAD vs SDP    SDP  3.856348    LAD  8.628568   12.484915  (SDP, LAD)       LAD       SDP      9.5  2025-06-17T15:04:35Z
6  2025-06-17  CHW vs STL    STL  4.675108    CHW  5.457590   10.132698  (STL, CHW)       CHW       STL      8.5  2025-06-17T15:04:35Z
14 2025-06-17  MIA vs PHI    MIA  6.901467    PHI  1.796110    8.697577  (MIA, PHI)       MIA       PHI      8.5  2025-06-17T15:04:35Z
5  2025-06-17  CHC vs MIL    CHC  3.359014    MIL  4.307886    7.666900  (MIL, CHC)       CHC       MIL      9.0  2025-06-17T15:04:35Z
11 2025-06-17  KCR vs TEX    KCR  2.388319    TEX  5.175610    7.563929  (KCR, TEX)       TEX       KCR      8.5  2025-06-17T15:04:35Z
3  2025-06-17  BAL vs TBR    TBR  1.543252    BAL  5.931293    7.474545  (BAL, TBR)       TBR       BAL      9.5  2025-06-17T15:04:35Z
4  2025-06-17  BOS vs SEA    SEA  4.602761    BOS  1.989761    6.592522  (SEA, BOS)       SEA       BOS      7.5  2025-06-17T15:04:35Z
10 2025-06-17  DET vs PIT    PIT  2.526972    DET  3.531984    6.058956  (DET, PIT)       DET       PIT      8.0  2025-06-17T15:04:35Z
9  2025-06-17  COL vs WSN    COL  2.934390    WSN  3.051288    5.985678  (COL, WSN)       WSN       COL      9.5  2025-06-17T15:04:35Z
0  2025-06-17  ARI vs TOR    TOR  2.657206    ARI  3.266340    5.923546  (TOR, ARI)       TOR       ARI      9.0  2025-06-17T15:04:35Z
1  2025-06-17  ATH vs HOU    ATH  1.832078    HOU  3.909898    5.741976  (HOU, ATH)       ATH       HOU     11.0  2025-06-17T15:04:35Z
2  2025-06-17  ATL vs NYM    NYM  1.995458    ATL  3.587987    5.583445  (ATL, NYM)       ATL       NYM      8.5  2025-06-17T15:04:35Z
12 2025-06-17  LAA vs NYY    NYY  4.143942    LAA  1.180356    5.324299  (LAA, NYY)       NYY       LAA      9.0  2025-06-17T15:04:35Z
8  2025-06-17  CLE vs SFG    SFG  3.718477    CLE  1.454568    5.173045  (CLE, SFG)       SFG       CLE      7.0  2025-06-17T15:04:35Z
7  2025-06-17  CIN vs MIN    MIN  3.447024    CIN  0.414612    3.861636  (MIN, CIN)       CIN       MIN      9.0  2025-06-17T15:04:35Z
2025-06-17 14:52:55,399 - INFO -          Date     Matchup Team_1    Runs_1 Team_2    Runs_2  Total_Runs
13 2025-06-17  LAD vs SDP    SDP  3.554735    LAD  7.304888   10.859624
6  2025-06-17  CHW vs STL    STL  5.026902    CHW  4.935249    9.962151
14 2025-06-17  MIA vs PHI    MIA  6.701866    PHI  2.263969    8.965835
5  2025-06-17  CHC vs MIL    CHC  3.495007    MIL  4.701179    8.196185
3  2025-06-17  BAL vs TBR    TBR  1.530206    BAL  5.491165    7.021371
1  2025-06-17  ATH vs HOU    ATH  3.287231    HOU  3.324792    6.612023
10 2025-06-17  DET vs PIT    PIT  3.015863    DET  3.019457    6.035320
8  2025-06-17  CLE vs SFG    SFG  3.727723    CLE  2.252253    5.979976
11 2025-06-17  KCR vs TEX    KCR  1.322337    TEX  4.396629    5.718966
9  2025-06-17  COL vs WSN    COL  3.018033    WSN  2.674890    5.692923
4  2025-06-17  BOS vs SEA    SEA  3.862414    BOS  1.749318    5.611732
0  2025-06-17  ARI vs TOR    TOR  2.227407    ARI  3.319451    5.546858
12 2025-06-17  LAA vs NYY    NYY  3.356961    LAA  1.836832    5.193793
2  2025-06-17  ATL vs NYM    NYM  1.563636    ATL  3.041353    4.604989
7  2025-06-17  CIN vs MIN    MIN  2.891496    CIN -0.127226    2.764270
