2025-09-05 14:15:26,535 - INFO -          Date     Matchup Team_1    Runs_1 Team_2    Runs_2  Total_Runs Matchup_Key home_team away_team  DK_Line          Last_Updated
5  2025-09-05  BAL vs LAD    BAL  6.007408    LAD  7.163645   13.171053  (BAL, LAD)       BAL       LAD      9.0  2025-09-05T18:14:33Z
6  2025-09-05  BAL vs LAD    BAL  6.007408    LAD  7.163645   13.171053  (BAL, LAD)       BAL       LAD      7.5  2025-09-05T18:14:33Z
20 2025-09-05  MIA vs PHI    MIA  7.177472    PHI  2.638011    9.815483  (PHI, MIA)       MIA       PHI      8.5  2025-09-05T18:14:33Z
19 2025-09-05  MIA vs PHI    MIA  7.177472    PHI  2.638011    9.815483  (PHI, MIA)       MIA       PHI      8.0  2025-09-05T18:14:33Z
26 2025-09-05  SFG vs STL    STL  5.052625    SFG  4.404162    9.456787  (SFG, STL)       STL       SFG      8.5  2025-09-05T18:14:33Z
25 2025-09-05  SFG vs STL    STL  5.052625    SFG  4.404162    9.456787  (SFG, STL)       STL       SFG      8.5  2025-09-05T18:14:33Z
16 2025-09-05  HOU vs TEX    HOU  2.930148    TEX  5.894803    8.824951  (TEX, HOU)       TEX       HOU      7.5  2025-09-05T18:14:33Z
24 2025-09-05  NYY vs TOR    NYY  5.037898    TOR  3.025518    8.063416  (TOR, NYY)       NYY       TOR      9.5  2025-09-05T18:14:33Z
23 2025-09-05  NYY vs TOR    NYY  5.037898    TOR  3.025518    8.063416  (TOR, NYY)       NYY       TOR      9.0  2025-09-05T18:14:33Z
9  2025-09-05  CHW vs DET    DET  2.719566    CHW  5.026899    7.746466  (DET, CHW)       DET       CHW      8.5  2025-09-05T18:14:33Z
10 2025-09-05  CHW vs DET    DET  2.719566    CHW  5.026899    7.746466  (DET, CHW)       DET       CHW      7.5  2025-09-05T18:14:33Z
3  2025-09-05  ATL vs SEA    SEA  4.367718    ATL  3.269386    7.637104  (ATL, SEA)       ATL       SEA      7.5  2025-09-05T18:14:33Z
4  2025-09-05  ATL vs SEA    SEA  4.367718    ATL  3.269386    7.637104  (ATL, SEA)       ATL       SEA      8.5  2025-09-05T18:14:33Z
0  2025-09-05  ARI vs BOS    ARI  3.880682    BOS  2.975363    6.856044  (BOS, ARI)       ARI       BOS      9.0  2025-09-05T18:14:33Z
1  2025-09-05  ARI vs BOS    ARI  3.880682    BOS  2.975363    6.856044  (BOS, ARI)       ARI       BOS      8.5  2025-09-05T18:14:33Z
21 2025-09-05  MIL vs PIT    PIT  3.841323    MIL  2.986826    6.828149  (PIT, MIL)       PIT       MIL      8.5  2025-09-05T18:14:33Z
22 2025-09-05  MIL vs PIT    PIT  3.841323    MIL  2.986826    6.828149  (PIT, MIL)       PIT       MIL      8.0  2025-09-05T18:14:33Z
8  2025-09-05  CHC vs WSN    WSN  3.030195    CHC  3.545885    6.576080  (WSN, CHC)       CHC       WSN      9.5  2025-09-05T18:14:33Z
7  2025-09-05  CHC vs WSN    WSN  3.030195    CHC  3.545885    6.576080  (WSN, CHC)       CHC       WSN     10.5  2025-09-05T18:14:33Z
2  2025-09-05  ATH vs LAA    LAA  2.445819    ATH  3.764082    6.209901  (LAA, ATH)       LAA       ATH      9.5  2025-09-05T18:14:33Z
14 2025-09-05  CLE vs TBR    CLE  2.587582    TBR  3.135770    5.723351  (CLE, TBR)       TBR       CLE      8.5  2025-09-05T18:14:33Z
13 2025-09-05  CLE vs TBR    CLE  2.587582    TBR  3.135770    5.723351  (CLE, TBR)       TBR       CLE      7.5  2025-09-05T18:14:33Z
15 2025-09-05  COL vs SDP    COL  2.879912    SDP  2.494546    5.374458  (COL, SDP)       COL       SDP     10.5  2025-09-05T18:14:33Z
17 2025-09-05  KCR vs MIN    KCR  1.391494    MIN  3.478618    4.870112  (KCR, MIN)       KCR       MIN      8.0  2025-09-05T18:14:33Z
18 2025-09-05  KCR vs MIN    KCR  1.391494    MIN  3.478618    4.870112  (KCR, MIN)       KCR       MIN      8.5  2025-09-05T18:14:33Z
12 2025-09-05  CIN vs NYM    NYM  2.098206    CIN  1.463144    3.561350  (CIN, NYM)       CIN       NYM      8.0  2025-09-05T18:14:33Z
11 2025-09-05  CIN vs NYM    NYM  2.098206    CIN  1.463144    3.561350  (CIN, NYM)       CIN       NYM      9.0  2025-09-05T18:14:33Z
