2025-09-14 11:56:26,043 - INFO -          Date     Matchup Team_1    Runs_1 Team_2    Runs_2  Total_Runs Matchup_Key home_team away_team  DK_Line          Last_Updated
10 2025-09-14  LAD vs SFG    LAD  6.830436    SFG  3.029789    9.860225  (SFG, LAD)       SFG       LAD      7.5  2025-09-14T15:55:18Z
0  2025-09-14  ARI vs MIN    MIN  3.618572    ARI  4.753362    8.371933  (MIN, ARI)       MIN       ARI      9.5  2025-09-14T15:55:18Z
12 2025-09-14  NYM vs TEX    NYM  2.838398    TEX  5.358209    8.196608  (TEX, NYM)       NYM       TEX      8.0  2025-09-14T15:55:18Z
3  2025-09-14  BAL vs TOR    BAL  5.717583    TOR  2.373765    8.091349  (TOR, BAL)       TOR       BAL      8.0  2025-09-14T15:55:18Z
13 2025-09-14  PIT vs WSN    WSN  4.523038    PIT  3.560502    8.083541  (PIT, WSN)       WSN       PIT     10.5  2025-09-14T15:55:17Z
11 2025-09-14  MIL vs STL    MIL  3.067106    STL  4.864857    7.931963  (MIL, STL)       MIL       STL      8.5  2025-09-14T15:55:18Z
6  2025-09-14  CHW vs CLE    CLE  2.130575    CHW  4.773284    6.903859  (CHW, CLE)       CLE       CHW      8.0  2025-09-14T15:55:18Z
2  2025-09-14  ATL vs HOU    HOU  2.436995    ATL  3.740842    6.177836  (ATL, HOU)       ATL       HOU      9.0  2025-09-14T15:55:17Z
5  2025-09-14  CHC vs TBR    CHC  3.578689    TBR  2.395150    5.973839  (TBR, CHC)       CHC       TBR      7.0  2025-09-14T15:55:18Z
9  2025-09-14  LAA vs SEA    LAA  1.245074    SEA  3.873881    5.118955  (SEA, LAA)       SEA       LAA      7.5  2025-09-14T15:55:18Z
4  2025-09-14  BOS vs NYY    BOS  1.796498    NYY  3.043972    4.840470  (BOS, NYY)       BOS       NYY      7.5  2025-09-14T15:55:18Z
8  2025-09-14  KCR vs PHI    PHI  2.530903    KCR  2.210144    4.741047  (KCR, PHI)       PHI       KCR      8.5  2025-09-14T15:55:17Z
7  2025-09-14  COL vs SDP    SDP  2.168136    COL  2.260012    4.428147  (SDP, COL)       SDP       COL      8.5  2025-09-14T15:55:18Z
1  2025-09-14  ATH vs CIN    ATH  3.556645    CIN  0.689110    4.245756  (ATH, CIN)       ATH       CIN      9.5  2025-09-14T15:55:18Z
2025-09-14 11:58:13,351 - INFO -          Date     Matchup Team_1    Runs_1 Team_2    Runs_2  Total_Runs Matchup_Key home_team away_team  DK_Line          Last_Updated
11 2025-09-14  LAD vs SFG    LAD  7.412825    SFG  3.574984   10.987809  (LAD, SFG)       SFG       LAD      7.5  2025-09-14T15:57:51Z
8  2025-09-14  DET vs MIA    DET  3.385171    MIA  6.825841   10.211012  (MIA, DET)       MIA       DET      9.0  2025-09-14T15:57:51Z
13 2025-09-14  NYM vs TEX    NYM  3.075944    TEX  5.897619    8.973563  (NYM, TEX)       NYM       TEX      8.0  2025-09-14T15:57:51Z
0  2025-09-14  ARI vs MIN    ARI  4.731842    MIN  3.754114    8.485956  (MIN, ARI)       MIN       ARI      9.5  2025-09-14T15:57:51Z
14 2025-09-14  PIT vs WSN    WSN  4.225041    PIT  4.224309    8.449350  (PIT, WSN)       WSN       PIT     10.5  2025-09-14T15:57:51Z
12 2025-09-14  MIL vs STL    MIL  3.297767    STL  5.072410    8.370177  (STL, MIL)       MIL       STL      8.5  2025-09-14T15:57:51Z
3  2025-09-14  BAL vs TOR    BAL  5.213571    TOR  2.740299    7.953870  (BAL, TOR)       TOR       BAL      8.0  2025-09-14T15:57:51Z
6  2025-09-14  CHW vs CLE    CHW  5.074250    CLE  1.996942    7.071192  (CHW, CLE)       CLE       CHW      8.0  2025-09-14T15:57:51Z
2  2025-09-14  ATL vs HOU    HOU  2.563880    ATL  4.346745    6.910625  (ATL, HOU)       ATL       HOU      9.0  2025-09-14T15:57:51Z
4  2025-09-14  BOS vs NYY    BOS  2.430457    NYY  3.515561    5.946018  (NYY, BOS)       BOS       NYY      7.5  2025-09-14T15:57:51Z
10 2025-09-14  LAA vs SEA    LAA  1.554318    SEA  4.082026    5.636344  (LAA, SEA)       SEA       LAA      7.5  2025-09-14T15:57:51Z
5  2025-09-14  CHC vs TBR    CHC  4.094385    TBR  1.469534    5.563919  (CHC, TBR)       CHC       TBR      7.0  2025-09-14T15:57:51Z
7  2025-09-14  COL vs SDP    SDP  2.299421    COL  3.061662    5.361084  (COL, SDP)       SDP       COL      8.5  2025-09-14T15:57:51Z
9  2025-09-14  KCR vs PHI    PHI  2.499154    KCR  2.778733    5.277887  (PHI, KCR)       PHI       KCR      8.5  2025-09-14T15:57:51Z
1  2025-09-14  ATH vs CIN    ATH  2.958938    CIN  1.412259    4.371197  (ATH, CIN)       ATH       CIN      9.5  2025-09-14T15:57:51Z
