2025-09-26 18:38:48,258 - INFO -          Date     Matchup Team_1    Runs_1 Team_2    Runs_2  Total_Runs Matchup_Key home_team away_team  DK_Line          Last_Updated
17 2025-09-26  LAD vs SEA    LAD  8.274282    SEA  3.817730   12.092011  (LAD, SEA)       SEA       LAD      7.0  2025-09-26T22:38:15Z
18 2025-09-26  MIA vs NYM    MIA  8.140145    NYM  3.704528   11.844673  (NYM, MIA)       MIA       NYM      8.5  2025-09-26T22:38:15Z
11 2025-09-26  CHW vs WSN    CHW  5.334272    WSN  4.976917   10.311190  (WSN, CHW)       WSN       CHW      8.5  2025-09-26T22:38:15Z
10 2025-09-26  CHW vs WSN    CHW  5.334272    WSN  4.976917   10.311190  (WSN, CHW)       WSN       CHW      8.5  2025-09-26T22:38:15Z
6  2025-09-26  BAL vs NYY    BAL  5.242613    NYY  3.576183    8.818796  (NYY, BAL)       NYY       BAL      8.5  2025-09-26T22:38:15Z
7  2025-09-26  BAL vs NYY    BAL  5.242613    NYY  3.576183    8.818796  (NYY, BAL)       NYY       BAL      9.0  2025-09-26T22:38:15Z
9  2025-09-26  CHC vs STL    CHC  3.737745    STL  4.841699    8.579444  (STL, CHC)       CHC       STL      9.0  2025-09-26T22:38:15Z
14 2025-09-26  COL vs SFG    COL  3.112892    SFG  4.831409    7.944301  (COL, SFG)       SFG       COL      8.5  2025-09-26T22:38:15Z
15 2025-09-26  COL vs SFG    COL  3.112892    SFG  4.831409    7.944301  (COL, SFG)       SFG       COL      8.0  2025-09-26T22:38:15Z
2  2025-09-26  ATH vs KCR    ATH  4.632241    KCR  2.694299    7.326540  (ATH, KCR)       ATH       KCR     10.0  2025-09-26T22:38:15Z
3  2025-09-26  ATH vs KCR    ATH  4.632241    KCR  2.694299    7.326540  (ATH, KCR)       ATH       KCR     10.0  2025-09-26T22:38:15Z
4  2025-09-26  ATL vs PIT    ATL  4.148147    PIT  2.715436    6.863583  (PIT, ATL)       ATL       PIT      8.5  2025-09-26T22:38:15Z
5  2025-09-26  ATL vs PIT    ATL  4.148147    PIT  2.715436    6.863583  (PIT, ATL)       ATL       PIT      8.5  2025-09-26T22:38:15Z
13 2025-09-26  CLE vs TEX    CLE  1.958671    TEX  4.687640    6.646312  (TEX, CLE)       CLE       TEX      7.5  2025-09-26T22:38:15Z
16 2025-09-26  HOU vs LAA    HOU  3.752261    LAA  2.406709    6.158970  (HOU, LAA)       LAA       HOU      9.0  2025-09-26T22:38:15Z
21 2025-09-26  TBR vs TOR    TBR  2.685210    TOR  3.343108    6.028317  (TBR, TOR)       TOR       TBR      8.0  2025-09-26T22:38:15Z
22 2025-09-26  TBR vs TOR    TBR  2.685210    TOR  3.343108    6.028317  (TBR, TOR)       TOR       TBR      8.5  2025-09-26T22:38:15Z
1  2025-09-26  ARI vs SDP    ARI  3.936011    SDP  2.082864    6.018875  (ARI, SDP)       SDP       ARI      7.5  2025-09-26T22:38:15Z
0  2025-09-26  ARI vs SDP    ARI  3.936011    SDP  2.082864    6.018875  (ARI, SDP)       SDP       ARI      7.5  2025-09-26T22:38:15Z
19 2025-09-26  MIN vs PHI    MIN  3.404002    PHI  2.608723    6.012725  (PHI, MIN)       PHI       MIN      8.5  2025-09-26T22:38:15Z
20 2025-09-26  MIN vs PHI    MIN  3.404002    PHI  2.608723    6.012725  (PHI, MIN)       PHI       MIN      8.5  2025-09-26T22:38:15Z
12 2025-09-26  CIN vs MIL    CIN  1.865463    MIL  3.474171    5.339634  (MIL, CIN)       MIL       CIN      8.0  2025-09-26T22:38:15Z
8  2025-09-26  BOS vs DET    BOS  1.758648    DET  2.918520    4.677168  (DET, BOS)       BOS       DET      8.5  2025-09-26T22:38:15Z
