2025-08-08 15:45:57,294 - INFO -          Date     Matchup Team_1    Runs_1 Team_2    Runs_2  Total_Runs Matchup_Key home_team away_team  DK_Line          Last_Updated
19 2025-08-08  LAD vs TOR    LAD  7.278240    TOR  2.415196    9.693436  (LAD, TOR)       LAD       TOR      9.0  2025-08-08T19:44:55Z
8  2025-08-08  CHC vs STL    CHC  3.751472    STL  5.662648    9.414120  (CHC, STL)       STL       CHC      8.5  2025-08-08T19:44:55Z
9  2025-08-08  CHC vs STL    CHC  3.751472    STL  5.662648    9.414120  (CHC, STL)       STL       CHC      9.0  2025-08-08T19:44:55Z
2  2025-08-08  ATH vs BAL    ATH  2.478151    BAL  6.582267    9.060418  (ATH, BAL)       BAL       ATH     10.0  2025-08-08T19:44:55Z
3  2025-08-08  ATH vs BAL    ATH  2.478151    BAL  6.582267    9.060418  (ATH, BAL)       BAL       ATH     10.0  2025-08-08T19:44:55Z
4  2025-08-08  ATL vs MIA    ATL  2.493504    MIA  6.415098    8.908602  (ATL, MIA)       ATL       MIA      8.0  2025-08-08T19:44:55Z
5  2025-08-08  ATL vs MIA    ATL  2.493504    MIA  6.415098    8.908602  (ATL, MIA)       ATL       MIA      8.5  2025-08-08T19:44:55Z
15 2025-08-08  HOU vs NYY    NYY  4.918840    HOU  2.819134    7.737974  (HOU, NYY)       NYY       HOU      7.5  2025-08-08T19:44:55Z
16 2025-08-08  HOU vs NYY    NYY  4.918840    HOU  2.819134    7.737974  (HOU, NYY)       NYY       HOU      8.0  2025-08-08T19:44:55Z
10 2025-08-08  CHW vs CLE    CLE  2.376788    CHW  5.003777    7.380565  (CLE, CHW)       CHW       CLE      8.0  2025-08-08T19:44:55Z
11 2025-08-08  CHW vs CLE    CLE  2.376788    CHW  5.003777    7.380565  (CLE, CHW)       CHW       CLE      8.5  2025-08-08T19:44:55Z
20 2025-08-08  MIL vs NYM    NYM  2.560961    MIL  4.472404    7.033365  (NYM, MIL)       MIL       NYM      7.5  2025-08-08T19:44:55Z
1  2025-08-08  ARI vs COL    COL  2.760450    ARI  4.258097    7.018548  (ARI, COL)       ARI       COL      9.5  2025-08-08T19:44:55Z
0  2025-08-08  ARI vs COL    COL  2.760450    ARI  4.258097    7.018548  (ARI, COL)       ARI       COL      9.0  2025-08-08T19:44:55Z
22 2025-08-08  PHI vs TEX    PHI  2.577359    TEX  4.343631    6.920990  (TEX, PHI)       TEX       PHI      7.5  2025-08-08T19:44:55Z
21 2025-08-08  PHI vs TEX    PHI  2.577359    TEX  4.343631    6.920990  (TEX, PHI)       TEX       PHI      7.0  2025-08-08T19:44:55Z
23 2025-08-08  SEA vs TBR    TBR  2.688602    SEA  3.778425    6.467027  (TBR, SEA)       SEA       TBR      7.5  2025-08-08T19:44:55Z
24 2025-08-08  SEA vs TBR    TBR  2.688602    SEA  3.778425    6.467027  (TBR, SEA)       SEA       TBR      8.0  2025-08-08T19:44:55Z
14 2025-08-08  DET vs LAA    LAA  1.921455    DET  3.013581    4.935036  (DET, LAA)       DET       LAA      8.0  2025-08-08T19:44:55Z
13 2025-08-08  DET vs LAA    LAA  1.921455    DET  3.013581    4.935036  (DET, LAA)       DET       LAA      7.5  2025-08-08T19:44:55Z
12 2025-08-08  CIN vs PIT    PIT  2.865391    CIN  1.974102    4.839493  (PIT, CIN)       PIT       CIN      7.5  2025-08-08T19:44:55Z
18 2025-08-08  KCR vs MIN    KCR  1.892063    MIN  2.933411    4.825474  (KCR, MIN)       MIN       KCR      8.5  2025-08-08T19:44:55Z
17 2025-08-08  KCR vs MIN    KCR  1.892063    MIN  2.933411    4.825474  (KCR, MIN)       MIN       KCR      8.5  2025-08-08T19:44:55Z
7  2025-08-08  BOS vs SDP    BOS  1.887923    SDP  2.404035    4.291958  (BOS, SDP)       SDP       BOS      8.0  2025-08-08T19:44:55Z
6  2025-08-08  BOS vs SDP    BOS  1.887923    SDP  2.404035    4.291958  (BOS, SDP)       SDP       BOS      8.0  2025-08-08T19:44:55Z
