2025-07-29 16:14:57,152 - INFO -          Date     Matchup Team_1    Runs_1 Team_2    Runs_2  Total_Runs Matchup_Key home_team away_team  DK_Line          Last_Updated
19 2025-07-29  MIA vs STL    STL  6.259697    MIA  7.664733   13.924430  (MIA, STL)       STL       MIA      8.5  2025-07-29T20:13:35Z
18 2025-07-29  MIA vs STL    STL  6.259697    MIA  7.664733   13.924430  (MIA, STL)       STL       MIA      7.5  2025-07-29T20:13:35Z
5  2025-07-29  BAL vs TOR    TOR  4.106459    BAL  5.876834    9.983294  (TOR, BAL)       BAL       TOR     10.0  2025-07-29T20:13:35Z
6  2025-07-29  BAL vs TOR    TOR  4.106459    BAL  5.876834    9.983294  (TOR, BAL)       BAL       TOR      9.5  2025-07-29T20:13:35Z
13 2025-07-29  CIN vs LAD    LAD  7.519284    CIN  1.372576    8.891860  (LAD, CIN)       CIN       LAD      9.5  2025-07-29T20:13:35Z
12 2025-07-29  CIN vs LAD    LAD  7.519284    CIN  1.372576    8.891860  (LAD, CIN)       CIN       LAD      9.0  2025-07-29T20:13:35Z
2  2025-07-29  ATH vs SEA    ATH  2.881042    SEA  5.162521    8.043564  (SEA, ATH)       ATH       SEA     10.5  2025-07-29T20:13:35Z
3  2025-07-29  ATH vs SEA    ATH  2.881042    SEA  5.162521    8.043564  (SEA, ATH)       ATH       SEA      9.5  2025-07-29T20:13:35Z
17 2025-07-29  LAA vs TEX    LAA  2.760545    TEX  5.245795    8.006340  (LAA, TEX)       LAA       TEX      8.0  2025-07-29T20:13:35Z
16 2025-07-29  LAA vs TEX    LAA  2.760545    TEX  5.245795    8.006340  (LAA, TEX)       LAA       TEX      9.0  2025-07-29T20:13:35Z
1  2025-07-29  ARI vs DET    ARI  4.286505    DET  3.708048    7.994553  (DET, ARI)       DET       ARI      9.0  2025-07-29T20:13:35Z
0  2025-07-29  ARI vs DET    ARI  4.286505    DET  3.708048    7.994553  (DET, ARI)       DET       ARI      8.5  2025-07-29T20:13:35Z
15 2025-07-29  HOU vs WSN    HOU  3.697406    WSN  4.070885    7.768291  (WSN, HOU)       HOU       WSN      8.5  2025-07-29T20:13:35Z
9  2025-07-29  CHC vs MIL    CHC  3.515928    MIL  3.892085    7.408013  (CHC, MIL)       MIL       CHC      7.5  2025-07-29T20:13:35Z
8  2025-07-29  CHC vs MIL    CHC  3.515928    MIL  3.892085    7.408013  (CHC, MIL)       MIL       CHC      8.0  2025-07-29T20:13:35Z
11 2025-07-29  CHW vs PHI    PHI  2.950682    CHW  4.301254    7.251936  (CHW, PHI)       CHW       PHI      9.0  2025-07-29T20:13:35Z
10 2025-07-29  CHW vs PHI    PHI  2.950682    CHW  4.301254    7.251936  (CHW, PHI)       CHW       PHI      9.0  2025-07-29T20:13:35Z
7  2025-07-29  BOS vs MIN    BOS  2.711907    MIN  4.237114    6.949022  (BOS, MIN)       MIN       BOS      9.0  2025-07-29T20:13:35Z
22 2025-07-29  NYY vs TBR    TBR  2.223037    NYY  4.365446    6.588484  (NYY, TBR)       NYY       TBR      8.5  2025-07-29T20:13:35Z
23 2025-07-29  NYY vs TBR    TBR  2.223037    NYY  4.365446    6.588484  (NYY, TBR)       NYY       TBR      9.0  2025-07-29T20:13:35Z
24 2025-07-29  PIT vs SFG    PIT  2.839644    SFG  3.697184    6.536829  (PIT, SFG)       SFG       PIT      8.0  2025-07-29T20:13:35Z
25 2025-07-29  PIT vs SFG    PIT  2.839644    SFG  3.697184    6.536829  (PIT, SFG)       SFG       PIT      7.5  2025-07-29T20:13:35Z
4  2025-07-29  ATL vs KCR    KCR  2.445031    ATL  3.646024    6.091056  (KCR, ATL)       KCR       ATL      9.5  2025-07-29T20:13:35Z
20 2025-07-29  NYM vs SDP    NYM  2.588083    SDP  3.461937    6.050020  (SDP, NYM)       SDP       NYM      8.5  2025-07-29T20:13:35Z
21 2025-07-29  NYM vs SDP    NYM  2.588083    SDP  3.461937    6.050020  (SDP, NYM)       SDP       NYM      8.5  2025-07-29T20:13:35Z
14 2025-07-29  CLE vs COL    COL  3.057721    CLE  2.449893    5.507614  (COL, CLE)       CLE       COL      8.5  2025-07-29T20:13:35Z
