2025-06-27 15:05:32,472 - INFO -          Date     Matchup Team_1    Runs_1 Team_2    Runs_2  Total_Runs Matchup_Key home_team away_team  DK_Line          Last_Updated
22 2025-06-27  KCR vs LAD    KCR  3.385460    LAD  8.775762   12.161222  (KCR, LAD)       KCR       LAD     10.0  2025-06-27T19:04:32Z
21 2025-06-27  KCR vs LAD    KCR  3.385460    LAD  8.775762   12.161222  (KCR, LAD)       KCR       LAD      9.5  2025-06-27T19:04:32Z
0  2025-06-27  ARI vs MIA    ARI  3.259276    MIA  7.353838   10.613115  (ARI, MIA)       ARI       MIA      8.5  2025-06-27T19:04:32Z
1  2025-06-27  ARI vs MIA    ARI  3.259276    MIA  7.353838   10.613115  (ARI, MIA)       ARI       MIA      8.5  2025-06-27T19:04:32Z
27 2025-06-27  SEA vs TEX    TEX  4.822488    SEA  3.852976    8.675464  (SEA, TEX)       TEX       SEA      7.0  2025-06-27T19:04:32Z
10 2025-06-27  CHC vs HOU    HOU  3.749962    CHC  4.699310    8.449272  (CHC, HOU)       HOU       CHC      8.0  2025-06-27T19:04:32Z
6  2025-06-27  BAL vs TBR    TBR  2.034425    BAL  6.022894    8.057319  (TBR, BAL)       BAL       TBR      8.5  2025-06-27T19:04:32Z
7  2025-06-27  BAL vs TBR    TBR  2.034425    BAL  6.022894    8.057319  (TBR, BAL)       BAL       TBR     10.0  2025-06-27T19:04:32Z
20 2025-06-27  DET vs MIN    DET  5.124557    MIN  2.810424    7.934981  (MIN, DET)       DET       MIN      8.5  2025-06-27T19:04:32Z
19 2025-06-27  DET vs MIN    DET  5.124557    MIN  2.810424    7.934981  (MIN, DET)       DET       MIN      8.5  2025-06-27T19:04:32Z
16 2025-06-27  CLE vs STL    STL  6.068184    CLE  1.861858    7.930042  (CLE, STL)       CLE       STL      8.5  2025-06-27T19:04:32Z
15 2025-06-27  CLE vs STL    STL  6.068184    CLE  1.861858    7.930042  (CLE, STL)       CLE       STL      8.5  2025-06-27T19:04:32Z
11 2025-06-27  CHW vs SFG    CHW  3.905163    SFG  2.819044    6.724206  (SFG, CHW)       CHW       SFG      9.0  2025-06-27T19:04:32Z
12 2025-06-27  CHW vs SFG    CHW  3.905163    SFG  2.819044    6.724206  (SFG, CHW)       CHW       SFG      8.5  2025-06-27T19:04:32Z
2  2025-06-27  ATH vs NYY    ATH  2.423722    NYY  3.749744    6.173466  (ATH, NYY)       NYY       ATH      8.5  2025-06-27T19:04:32Z
3  2025-06-27  ATH vs NYY    ATH  2.423722    NYY  3.749744    6.173466  (ATH, NYY)       NYY       ATH      9.0  2025-06-27T19:04:32Z
5  2025-06-27  ATL vs PHI    ATL  2.416572    PHI  3.397494    5.814065  (PHI, ATL)       ATL       PHI      8.5  2025-06-27T19:04:32Z
4  2025-06-27  ATL vs PHI    ATL  2.416572    PHI  3.397494    5.814065  (PHI, ATL)       ATL       PHI      9.5  2025-06-27T19:04:32Z
17 2025-06-27  COL vs MIL    MIL  3.413832    COL  2.351155    5.764987  (MIL, COL)       MIL       COL      8.5  2025-06-27T19:04:32Z
18 2025-06-27  COL vs MIL    MIL  3.413832    COL  2.351155    5.764987  (MIL, COL)       MIL       COL      9.5  2025-06-27T19:04:32Z
23 2025-06-27  LAA vs WSN    WSN  2.767397    LAA  2.166019    4.933416  (LAA, WSN)       LAA       WSN      8.5  2025-06-27T19:04:32Z
24 2025-06-27  LAA vs WSN    WSN  2.767397    LAA  2.166019    4.933416  (LAA, WSN)       LAA       WSN      9.5  2025-06-27T19:04:32Z
9  2025-06-27  BOS vs TOR    TOR  2.010051    BOS  1.960307    3.970357  (BOS, TOR)       BOS       TOR      9.0  2025-06-27T19:04:32Z
8  2025-06-27  BOS vs TOR    TOR  2.010051    BOS  1.960307    3.970357  (BOS, TOR)       BOS       TOR      8.5  2025-06-27T19:04:32Z
25 2025-06-27  NYM vs PIT    PIT  2.207959    NYM  1.673603    3.881563  (NYM, PIT)       PIT       NYM      8.0  2025-06-27T19:04:32Z
26 2025-06-27  NYM vs PIT    PIT  2.207959    NYM  1.673603    3.881563  (NYM, PIT)       PIT       NYM      9.0  2025-06-27T19:04:32Z
13 2025-06-27  CIN vs SDP    SDP  2.092657    CIN  1.231529    3.324186  (CIN, SDP)       CIN       SDP      9.0  2025-06-27T19:04:32Z
14 2025-06-27  CIN vs SDP    SDP  2.092657    CIN  1.231529    3.324186  (CIN, SDP)       CIN       SDP     10.0  2025-06-27T19:04:32Z
