2025-09-17 11:00:57,757 - INFO -          Date     Matchup Team_1    Runs_1 Team_2    Runs_2  Total_Runs Matchup_Key home_team away_team  DK_Line          Last_Updated
7  2025-09-17  COL vs MIA    COL  3.910068    MIA  6.812655   10.722723  (COL, MIA)       COL       MIA     10.5  2025-09-17T14:59:35Z
11 2025-09-17  LAD vs PHI    LAD  7.051190    PHI  2.434049    9.485239  (LAD, PHI)       LAD       PHI      7.5  2025-09-17T14:59:35Z
3  2025-09-17  BAL vs CHW    BAL  4.837934    CHW  3.636371    8.474305  (CHW, BAL)       CHW       BAL      8.5  2025-09-17T14:59:35Z
8  2025-09-17  HOU vs TEX    HOU  2.941782    TEX  4.609174    7.550956  (HOU, TEX)       HOU       TEX      7.5  2025-09-17T14:59:35Z
2  2025-09-17  ATL vs WSN    ATL  3.057140    WSN  4.439945    7.497084  (WSN, ATL)       WSN       ATL      8.5  2025-09-17T14:59:35Z
4  2025-09-17  CHC vs PIT    CHC  2.844110    PIT  4.121773    6.965883  (PIT, CHC)       PIT       CHC      7.5  2025-09-17T14:59:35Z
12 2025-09-17  MIN vs NYY    MIN  2.706716    NYY  3.778666    6.485382  (MIN, NYY)       MIN       NYY      9.0  2025-09-17T14:59:35Z
0  2025-09-17  ARI vs SFG    ARI  3.149659    SFG  3.242490    6.392149  (SFG, ARI)       ARI       SFG      9.0  2025-09-17T14:59:35Z
1  2025-09-17  ATH vs BOS    ATH  3.779804    BOS  2.515073    6.294877  (BOS, ATH)       BOS       ATH      9.0  2025-09-17T14:59:35Z
10 2025-09-17  LAA vs MIL    LAA  1.656538    MIL  4.475153    6.131691  (LAA, MIL)       MIL       LAA      7.5  2025-09-17T14:59:35Z
6  2025-09-17  CLE vs DET    CLE  2.679809    DET  3.409773    6.089582  (DET, CLE)       DET       CLE      8.0  2025-09-17T14:59:35Z
5  2025-09-17  CIN vs STL    CIN  0.462581    STL  5.214945    5.677527  (STL, CIN)       STL       CIN      8.5  2025-09-17T14:59:35Z
14 2025-09-17  TBR vs TOR    TBR  2.957637    TOR  2.494384    5.452021  (TBR, TOR)       TBR       TOR      7.5  2025-09-17T14:59:35Z
9  2025-09-17  KCR vs SEA    KCR  1.067822    SEA  4.156003    5.223825  (KCR, SEA)       KCR       SEA      8.5  2025-09-17T14:59:35Z
13 2025-09-17  NYM vs SDP    NYM  1.343588    SDP  2.539715    3.883303  (NYM, SDP)       NYM       SDP      7.5  2025-09-17T14:59:35Z
2025-09-17 11:14:48,869 - INFO -          Date     Matchup Team_1    Runs_1 Team_2    Runs_2  Total_Runs Matchup_Key home_team away_team  DK_Line          Last_Updated
7  2025-09-17  COL vs MIA    COL  3.823011    MIA  6.063487    9.886498  (COL, MIA)       COL       MIA     10.5  2025-09-17T15:14:40Z
11 2025-09-17  LAD vs PHI    LAD  6.574765    PHI  2.622328    9.197093  (LAD, PHI)       LAD       PHI      7.5  2025-09-17T15:14:40Z
2  2025-09-17  ATL vs WSN    ATL  2.834705    WSN  5.211474    8.046180  (WSN, ATL)       WSN       ATL      8.5  2025-09-17T15:14:40Z
14 2025-09-17  TBR vs TOR    TBR  3.607501    TOR  3.694042    7.301543  (TOR, TBR)       TBR       TOR      7.5  2025-09-17T15:14:40Z
3  2025-09-17  BAL vs CHW    BAL  4.042785    CHW  3.243659    7.286443  (BAL, CHW)       CHW       BAL      8.5  2025-09-17T15:14:40Z
0  2025-09-17  ARI vs SFG    ARI  4.037529    SFG  3.195583    7.233112  (ARI, SFG)       ARI       SFG      9.0  2025-09-17T15:14:40Z
5  2025-09-17  CIN vs STL    CIN  1.733332    STL  5.470959    7.204291  (CIN, STL)       STL       CIN      8.5  2025-09-17T15:13:12Z
1  2025-09-17  ATH vs BOS    ATH  4.211035    BOS  2.948648    7.159684  (BOS, ATH)       BOS       ATH      9.0  2025-09-17T15:14:40Z
12 2025-09-17  MIN vs NYY    MIN  3.510817    NYY  3.617575    7.128392  (NYY, MIN)       MIN       NYY      9.0  2025-09-17T15:14:40Z
8  2025-09-17  HOU vs TEX    HOU  2.647639    TEX  4.468179    7.115817  (TEX, HOU)       HOU       TEX      7.5  2025-09-17T15:14:40Z
4  2025-09-17  CHC vs PIT    CHC  3.233227    PIT  3.839525    7.072752  (PIT, CHC)       PIT       CHC      7.5  2025-09-17T15:13:12Z
10 2025-09-17  LAA vs MIL    LAA  1.979695    MIL  4.792034    6.771729  (MIL, LAA)       MIL       LAA      7.5  2025-09-17T15:14:40Z
9  2025-09-17  KCR vs SEA    KCR  2.170029    SEA  4.168333    6.338361  (SEA, KCR)       KCR       SEA      8.5  2025-09-17T15:14:40Z
6  2025-09-17  CLE vs DET    CLE  3.012938    DET  2.881131    5.894069  (CLE, DET)       DET       CLE      8.0  2025-09-17T15:14:40Z
13 2025-09-17  NYM vs SDP    NYM  2.047668    SDP  2.811802    4.859470  (NYM, SDP)       NYM       SDP      7.5  2025-09-17T15:14:40Z
