2025-08-12 15:54:58,133 - INFO -          Date     Matchup Team_1    Runs_1 Team_2    Runs_2  Total_Runs Matchup_Key home_team away_team  DK_Line          Last_Updated
22 2025-08-12  LAA vs LAD    LAD  8.150179    LAA  3.574597   11.724775  (LAD, LAA)       LAA       LAD      9.0  2025-08-12T19:53:55Z
21 2025-08-12  LAA vs LAD    LAD  8.150179    LAA  3.574597   11.724775  (LAD, LAA)       LAA       LAD     10.0  2025-08-12T19:53:55Z
6  2025-08-12  BAL vs SEA    SEA  4.091309    BAL  6.599501   10.690810  (SEA, BAL)       BAL       SEA      9.0  2025-08-12T19:53:55Z
7  2025-08-12  BAL vs SEA    SEA  4.091309    BAL  6.599501   10.690810  (SEA, BAL)       BAL       SEA      9.0  2025-08-12T19:53:55Z
15 2025-08-12  CLE vs MIA    CLE  2.759325    MIA  7.879301   10.638626  (CLE, MIA)       CLE       MIA      8.5  2025-08-12T19:53:55Z
16 2025-08-12  CLE vs MIA    CLE  2.759325    MIA  7.879301   10.638626  (CLE, MIA)       CLE       MIA      7.5  2025-08-12T19:53:55Z
1  2025-08-12  ARI vs TEX    TEX  4.640147    ARI  4.802536    9.442683  (ARI, TEX)       TEX       ARI      8.0  2025-08-12T19:53:55Z
0  2025-08-12  ARI vs TEX    TEX  4.640147    ARI  4.802536    9.442683  (ARI, TEX)       TEX       ARI      8.5  2025-08-12T19:53:55Z
12 2025-08-12  CHW vs DET    DET  2.778321    CHW  5.019611    7.797932  (DET, CHW)       CHW       DET      8.5  2025-08-12T19:53:55Z
25 2025-08-12  MIN vs NYY    NYY  3.884279    MIN  3.866832    7.751111  (NYY, MIN)       NYY       MIN      9.0  2025-08-12T19:53:55Z
26 2025-08-12  MIN vs NYY    NYY  3.884279    MIN  3.866832    7.751111  (NYY, MIN)       NYY       MIN      8.5  2025-08-12T19:53:55Z
17 2025-08-12  COL vs STL    COL  2.594714    STL  5.074251    7.668964  (STL, COL)       STL       COL      8.5  2025-08-12T19:53:55Z
18 2025-08-12  COL vs STL    COL  2.594714    STL  5.074251    7.668964  (STL, COL)       STL       COL      9.0  2025-08-12T19:53:55Z
3  2025-08-12  ATH vs TBR    ATH  3.686835    TBR  2.916091    6.602926  (ATH, TBR)       ATH       TBR      9.5  2025-08-12T19:53:55Z
2  2025-08-12  ATH vs TBR    ATH  3.686835    TBR  2.916091    6.602926  (ATH, TBR)       ATH       TBR      9.5  2025-08-12T19:53:55Z
10 2025-08-12  CHC vs TOR    CHC  3.614529    TOR  2.709554    6.324082  (CHC, TOR)       TOR       CHC      9.0  2025-08-12T19:53:55Z
11 2025-08-12  CHC vs TOR    CHC  3.614529    TOR  2.709554    6.324082  (CHC, TOR)       TOR       CHC      8.5  2025-08-12T19:53:55Z
27 2025-08-12  SDP vs SFG    SDP  2.536802    SFG  3.756678    6.293480  (SFG, SDP)       SFG       SDP      7.5  2025-08-12T19:53:55Z
23 2025-08-12  MIL vs PIT    MIL  3.327864    PIT  2.904958    6.232822  (PIT, MIL)       MIL       PIT      6.5  2025-08-12T19:53:55Z
24 2025-08-12  MIL vs PIT    MIL  3.327864    PIT  2.904958    6.232822  (PIT, MIL)       MIL       PIT      7.5  2025-08-12T19:53:55Z
19 2025-08-12  KCR vs WSN    WSN  4.275519    KCR  1.931617    6.207136  (KCR, WSN)       KCR       WSN      9.0  2025-08-12T19:53:55Z
20 2025-08-12  KCR vs WSN    WSN  4.275519    KCR  1.931617    6.207136  (KCR, WSN)       KCR       WSN      9.0  2025-08-12T19:53:55Z
9  2025-08-12  BOS vs HOU    HOU  2.475357    BOS  3.443646    5.919003  (BOS, HOU)       HOU       BOS      8.0  2025-08-12T19:53:55Z
8  2025-08-12  BOS vs HOU    HOU  2.475357    BOS  3.443646    5.919003  (BOS, HOU)       HOU       BOS      8.5  2025-08-12T19:53:55Z
5  2025-08-12  ATL vs NYM    ATL  2.602797    NYM  3.167017    5.769814  (ATL, NYM)       NYM       ATL      8.5  2025-08-12T19:53:55Z
4  2025-08-12  ATL vs NYM    ATL  2.602797    NYM  3.167017    5.769814  (ATL, NYM)       NYM       ATL      8.0  2025-08-12T19:53:55Z
13 2025-08-12  CIN vs PHI    CIN  1.960707    PHI  1.708934    3.669641  (CIN, PHI)       CIN       PHI      9.5  2025-08-12T19:53:55Z
14 2025-08-12  CIN vs PHI    CIN  1.960707    PHI  1.708934    3.669641  (CIN, PHI)       CIN       PHI      8.5  2025-08-12T19:53:55Z
