2025-08-14 16:19:48,912 - INFO -         Date     Matchup Team_1    Runs_1 Team_2    Runs_2  Total_Runs DK_Line
2 2025-08-14  BAL vs SEA    SEA  5.202407    BAL  6.938129   12.140535    <NA>
4 2025-08-14  CLE vs MIA    MIA  6.734392    CLE  2.540812    9.275205    <NA>
6 2025-08-14  PHI vs WSN    PHI  2.862827    WSN  4.843431    7.706258    <NA>
5 2025-08-14  DET vs MIN    DET  3.344217    MIN  3.164217    6.508434    <NA>
0 2025-08-14  ARI vs COL    ARI  3.611127    COL  2.737151    6.348277    <NA>
3 2025-08-14  CHC vs TOR    CHC  2.380783    TOR  2.683618    5.064401    <NA>
1 2025-08-14  ATL vs NYM    ATL  2.269706    NYM  2.063373    4.333079    <NA>
2025-08-14 16:24:59,311 - INFO -         Date     Matchup Team_1    Runs_1 Team_2    Runs_2  Total_Runs DK_Line
2 2025-08-14  BAL vs SEA    SEA  4.867185    BAL  6.309241   11.176426    <NA>
4 2025-08-14  CLE vs MIA    MIA  7.066225    CLE  2.159572    9.225797    <NA>
6 2025-08-14  PHI vs WSN    PHI  2.658589    WSN  4.391895    7.050485    <NA>
5 2025-08-14  DET vs MIN    DET  3.555261    MIN  3.300879    6.856140    <NA>
3 2025-08-14  CHC vs TOR    CHC  3.205225    TOR  2.764448    5.969674    <NA>
0 2025-08-14  ARI vs COL    ARI  3.276366    COL  2.488602    5.764969    <NA>
1 2025-08-14  ATL vs NYM    ATL  2.138479    NYM  1.810263    3.948742    <NA>
2025-08-14 16:25:57,316 - INFO -         Date     Matchup Team_1    Runs_1 Team_2    Runs_2  Total_Runs DK_Line
2 2025-08-14  BAL vs SEA    SEA  5.014950    BAL  6.747102   11.762053    <NA>
4 2025-08-14  CLE vs MIA    MIA  6.909784    CLE  1.847777    8.757561    <NA>
6 2025-08-14  PHI vs WSN    PHI  2.273678    WSN  4.605758    6.879436    <NA>
5 2025-08-14  DET vs MIN    DET  3.120228    MIN  3.542167    6.662395    <NA>
3 2025-08-14  CHC vs TOR    CHC  3.578921    TOR  3.035560    6.614481    <NA>
0 2025-08-14  ARI vs COL    ARI  3.761384    COL  2.525222    6.286606    <NA>
1 2025-08-14  ATL vs NYM    ATL  2.551733    NYM  2.143972    4.695705    <NA>
