2025-08-10 09:14:05,349 - INFO -          Date     Matchup Team_1    Runs_1 Team_2    Runs_2  Total_Runs Matchup_Key home_team away_team  DK_Line          Last_Updated
2  2025-08-10  ATL vs MIA    MIA  7.679037    ATL  4.014034   11.693071  (MIA, ATL)       ATL       MIA      8.5  2025-08-10T13:13:01Z
10 2025-08-10  LAD vs TOR    TOR  4.251371    LAD  7.311262   11.562634  (TOR, LAD)       LAD       TOR      8.5  2025-08-10T13:13:01Z
1  2025-08-10  ATH vs BAL    ATH  4.648799    BAL  6.527476   11.176275  (BAL, ATH)       BAL       ATH      9.5  2025-08-10T13:13:01Z
4  2025-08-10  CHC vs STL    CHC  4.098755    STL  5.472710    9.571465  (STL, CHC)       STL       CHC      7.5  2025-08-10T13:13:01Z
12 2025-08-10  PHI vs TEX    TEX  4.812674    PHI  3.536042    8.348716  (TEX, PHI)       TEX       PHI      7.5  2025-08-10T13:13:01Z
8  2025-08-10  HOU vs NYY    NYY  4.019191    HOU  3.816720    7.835912  (NYY, HOU)       NYY       HOU      9.0  2025-08-10T13:13:01Z
11 2025-08-10  MIL vs NYM    MIL  4.495193    NYM  2.548554    7.043747  (MIL, NYM)       MIL       NYM      8.0  2025-08-10T13:13:01Z
14 2025-08-10  SFG vs WSN    SFG  3.261889    WSN  3.735125    6.997014  (SFG, WSN)       SFG       WSN      8.0  2025-08-10T13:13:01Z
0  2025-08-10  ARI vs COL    COL  2.737631    ARI  4.066880    6.804511  (ARI, COL)       ARI       COL      9.0  2025-08-10T13:13:01Z
13 2025-08-10  SEA vs TBR    TBR  2.337320    SEA  4.199613    6.536933  (TBR, SEA)       SEA       TBR      7.5  2025-08-10T13:13:01Z
5  2025-08-10  CHW vs CLE    CLE  2.265620    CHW  3.967768    6.233388  (CHW, CLE)       CHW       CLE      9.0  2025-08-10T13:13:01Z
9  2025-08-10  KCR vs MIN    KCR  2.893078    MIN  3.118284    6.011363  (KCR, MIN)       MIN       KCR      9.5  2025-08-10T13:13:01Z
6  2025-08-10  CIN vs PIT    PIT  3.497528    CIN  1.720570    5.218098  (PIT, CIN)       PIT       CIN      8.0  2025-08-10T13:13:01Z
7  2025-08-10  DET vs LAA    LAA  1.510063    DET  3.539685    5.049747  (DET, LAA)       DET       LAA      9.0  2025-08-10T13:13:01Z
3  2025-08-10  BOS vs SDP    SDP  2.174746    BOS  1.972919    4.147664  (BOS, SDP)       SDP       BOS      7.5  2025-08-10T13:13:01Z
2025-08-10 09:29:05,924 - INFO -          Date     Matchup Team_1    Runs_1 Team_2    Runs_2  Total_Runs Matchup_Key home_team away_team  DK_Line          Last_Updated
10 2025-08-10  LAD vs TOR    TOR  4.609650    LAD  6.996129   11.605778  (TOR, LAD)       LAD       TOR      8.5  2025-08-10T13:28:56Z
2  2025-08-10  ATL vs MIA    MIA  5.912390    ATL  4.336563   10.248953  (MIA, ATL)       ATL       MIA      8.5  2025-08-10T13:28:56Z
4  2025-08-10  CHC vs STL    CHC  4.220812    STL  5.660398    9.881210  (STL, CHC)       STL       CHC      7.5  2025-08-10T13:28:56Z
1  2025-08-10  ATH vs BAL    ATH  3.927148    BAL  5.753911    9.681059  (ATH, BAL)       BAL       ATH      9.5  2025-08-10T13:28:56Z
8  2025-08-10  HOU vs NYY    NYY  3.962574    HOU  3.874100    7.836675  (NYY, HOU)       NYY       HOU      9.0  2025-08-10T13:28:56Z
14 2025-08-10  SFG vs WSN    SFG  3.151294    WSN  4.232838    7.384131  (SFG, WSN)       SFG       WSN      8.0  2025-08-10T13:28:56Z
12 2025-08-10  PHI vs TEX    TEX  4.271667    PHI  3.047727    7.319394  (PHI, TEX)       TEX       PHI      7.5  2025-08-10T13:28:56Z
9  2025-08-10  KCR vs MIN    KCR  2.912396    MIN  4.334441    7.246838  (MIN, KCR)       MIN       KCR      9.5  2025-08-10T13:28:56Z
0  2025-08-10  ARI vs COL    COL  2.141071    ARI  4.401700    6.542770  (COL, ARI)       ARI       COL      9.0  2025-08-10T13:28:56Z
13 2025-08-10  SEA vs TBR    TBR  2.395455    SEA  4.004498    6.399953  (SEA, TBR)       SEA       TBR      7.5  2025-08-10T13:28:56Z
6  2025-08-10  CIN vs PIT    PIT  3.903528    CIN  2.140464    6.043992  (CIN, PIT)       PIT       CIN      8.0  2025-08-10T13:28:56Z
5  2025-08-10  CHW vs CLE    CLE  2.066391    CHW  3.901163    5.967554  (CLE, CHW)       CHW       CLE      9.0  2025-08-10T13:28:56Z
7  2025-08-10  DET vs LAA    LAA  2.371237    DET  3.155685    5.526922  (DET, LAA)       DET       LAA      9.0  2025-08-10T13:28:56Z
11 2025-08-10  MIL vs NYM    MIL  3.109834    NYM  2.354486    5.464320  (MIL, NYM)       MIL       NYM      8.0  2025-08-10T13:28:56Z
3  2025-08-10  BOS vs SDP    SDP  2.283645    BOS  1.679139    3.962785  (SDP, BOS)       SDP       BOS      7.5  2025-08-10T13:28:56Z
