2025-08-30 14:32:39,826 - INFO -          Date     Matchup Team_1    Runs_1 Team_2    Runs_2  Total_Runs Matchup_Key home_team away_team  DK_Line          Last_Updated
0  2025-08-30  ARI vs LAD    LAD  7.208976    ARI  3.853623   11.062599  (LAD, ARI)       LAD       ARI      8.5  2025-08-30T18:31:32Z
1  2025-08-30  ARI vs LAD    LAD  7.208976    ARI  3.853623   11.062599  (LAD, ARI)       LAD       ARI      9.0  2025-08-30T18:31:32Z
6  2025-08-30  BAL vs SFG    SFG  4.620509    BAL  5.948195   10.568705  (BAL, SFG)       SFG       BAL      7.5  2025-08-30T18:31:32Z
7  2025-08-30  BAL vs SFG    SFG  4.620509    BAL  5.948195   10.568705  (BAL, SFG)       SFG       BAL      8.5  2025-08-30T18:31:32Z
12 2025-08-30  CHW vs NYY    NYY  4.626649    CHW  5.427577   10.054226  (NYY, CHW)       CHW       NYY      8.5  2025-08-30T18:31:32Z
13 2025-08-30  CHW vs NYY    NYY  4.626649    CHW  5.427577   10.054226  (NYY, CHW)       CHW       NYY      8.5  2025-08-30T18:31:32Z
23 2025-08-30  MIA vs NYM    NYM  2.404556    MIA  6.888999    9.293554  (NYM, MIA)       NYM       MIA      7.5  2025-08-30T18:31:32Z
22 2025-08-30  MIA vs NYM    NYM  2.404556    MIA  6.888999    9.293554  (NYM, MIA)       NYM       MIA      7.5  2025-08-30T18:31:32Z
2  2025-08-30  ATH vs TEX    ATH  3.794571    TEX  5.056446    8.851017  (ATH, TEX)       ATH       TEX     10.5  2025-08-30T18:31:32Z
3  2025-08-30  ATH vs TEX    ATH  3.794571    TEX  5.056446    8.851017  (ATH, TEX)       ATH       TEX     10.0  2025-08-30T18:31:32Z
10 2025-08-30  CHC vs COL    CHC  3.991570    COL  4.241550    8.233120  (COL, CHC)       COL       CHC     11.0  2025-08-30T18:31:32Z
11 2025-08-30  CHC vs COL    CHC  3.991570    COL  4.241550    8.233120  (COL, CHC)       COL       CHC     10.5  2025-08-30T18:31:32Z
25 2025-08-30  MIL vs TOR    TOR  2.518857    MIL  3.882725    6.401582  (MIL, TOR)       TOR       MIL      8.5  2025-08-30T18:31:32Z
24 2025-08-30  MIL vs TOR    TOR  2.518857    MIL  3.882725    6.401582  (MIL, TOR)       TOR       MIL      8.5  2025-08-30T18:31:32Z
15 2025-08-30  CIN vs STL    STL  5.270378    CIN  1.118186    6.388564  (STL, CIN)       CIN       STL      8.5  2025-08-30T18:31:32Z
14 2025-08-30  CIN vs STL    STL  5.270378    CIN  1.118186    6.388564  (STL, CIN)       CIN       STL      8.5  2025-08-30T18:31:32Z
27 2025-08-30  TBR vs WSN    WSN  3.666348    TBR  2.515417    6.181765  (TBR, WSN)       WSN       TBR      8.5  2025-08-30T18:31:32Z
28 2025-08-30  TBR vs WSN    WSN  3.666348    TBR  2.515417    6.181765  (TBR, WSN)       WSN       TBR      8.5  2025-08-30T18:31:32Z
16 2025-08-30  CLE vs SEA    SEA  4.007888    CLE  1.996389    6.004277  (CLE, SEA)       CLE       SEA      7.5  2025-08-30T18:31:32Z
17 2025-08-30  CLE vs SEA    SEA  4.007888    CLE  1.996389    6.004277  (CLE, SEA)       CLE       SEA      7.5  2025-08-30T18:31:32Z
9  2025-08-30  BOS vs PIT    PIT  3.112463    BOS  2.682717    5.795179  (PIT, BOS)       BOS       PIT      8.5  2025-08-30T18:31:32Z
8  2025-08-30  BOS vs PIT    PIT  3.112463    BOS  2.682717    5.795179  (PIT, BOS)       BOS       PIT      9.0  2025-08-30T18:31:32Z
20 2025-08-30  HOU vs LAA    LAA  2.546900    HOU  2.774415    5.321314  (HOU, LAA)       HOU       LAA      9.0  2025-08-30T18:31:32Z
21 2025-08-30  HOU vs LAA    LAA  2.546900    HOU  2.774415    5.321314  (HOU, LAA)       HOU       LAA      7.5  2025-08-30T18:31:32Z
18 2025-08-30  DET vs KCR    KCR  2.394710    DET  2.847888    5.242598  (KCR, DET)       KCR       DET      9.0  2025-08-30T18:31:32Z
19 2025-08-30  DET vs KCR    KCR  2.394710    DET  2.847888    5.242598  (KCR, DET)       KCR       DET      7.0  2025-08-30T18:31:32Z
5  2025-08-30  ATL vs PHI    ATL  2.807849    PHI  2.312365    5.120214  (PHI, ATL)       PHI       ATL      9.0  2025-08-30T18:31:32Z
4  2025-08-30  ATL vs PHI    ATL  2.807849    PHI  2.312365    5.120214  (PHI, ATL)       PHI       ATL      7.5  2025-08-30T18:31:32Z
26 2025-08-30  MIN vs SDP    SDP  2.094039    MIN  2.716745    4.810784  (MIN, SDP)       MIN       SDP      8.5  2025-08-30T18:31:32Z
