2025-08-22 19:21:53,735 - INFO -          Date     Matchup Team_1    Runs_1 Team_2    Runs_2  Total_Runs Matchup_Key home_team away_team  DK_Line          Last_Updated
22 2025-08-22  MIA vs TOR    TOR  2.065026    MIA  8.236728   10.301754  (TOR, MIA)       MIA       TOR      7.5  2025-08-22T23:19:29Z
23 2025-08-22  MIA vs TOR    TOR  2.065026    MIA  8.236728   10.301754  (TOR, MIA)       MIA       TOR      8.0  2025-08-22T23:19:29Z
6  2025-08-22  BAL vs HOU    HOU  3.766434    BAL  6.049970    9.816403  (HOU, BAL)       BAL       HOU      9.5  2025-08-22T23:19:29Z
7  2025-08-22  BAL vs HOU    HOU  3.766434    BAL  6.049970    9.816403  (HOU, BAL)       BAL       HOU      9.0  2025-08-22T23:19:29Z
21 2025-08-22  LAD vs SDP    LAD  7.106080    SDP  1.942420    9.048500  (LAD, SDP)       SDP       LAD      8.5  2025-08-22T23:20:49Z
20 2025-08-22  LAD vs SDP    LAD  7.106080    SDP  1.942420    9.048500  (LAD, SDP)       SDP       LAD      8.5  2025-08-22T23:19:29Z
2  2025-08-22  ATH vs SEA    SEA  4.397002    ATH  4.621259    9.018261  (ATH, SEA)       SEA       ATH      8.0  2025-08-22T23:19:29Z
3  2025-08-22  ATH vs SEA    SEA  4.397002    ATH  4.621259    9.018261  (ATH, SEA)       SEA       ATH      8.0  2025-08-22T23:20:49Z
12 2025-08-22  CHW vs MIN    CHW  4.360081    MIN  3.834259    8.194340  (CHW, MIN)       CHW       MIN      8.5  2025-08-22T23:19:29Z
13 2025-08-22  CHW vs MIN    CHW  4.360081    MIN  3.834259    8.194340  (CHW, MIN)       CHW       MIN      9.0  2025-08-22T23:19:29Z
25 2025-08-22  MIL vs SFG    SFG  4.827434    MIL  2.854320    7.681754  (MIL, SFG)       MIL       SFG      7.5  2025-08-22T23:19:29Z
24 2025-08-22  MIL vs SFG    SFG  4.827434    MIL  2.854320    7.681754  (MIL, SFG)       MIL       SFG      8.5  2025-08-22T23:19:29Z
4  2025-08-22  ATL vs NYM    NYM  3.528210    ATL  4.110799    7.639009  (ATL, NYM)       ATL       NYM      8.5  2025-08-22T23:19:29Z
5  2025-08-22  ATL vs NYM    NYM  3.528210    ATL  4.110799    7.639009  (ATL, NYM)       ATL       NYM      9.5  2025-08-22T23:20:49Z
15 2025-08-22  CLE vs TEX    CLE  2.109995    TEX  5.031642    7.141637  (TEX, CLE)       TEX       CLE      8.5  2025-08-22T23:19:29Z
14 2025-08-22  CLE vs TEX    CLE  2.109995    TEX  5.031642    7.141637  (TEX, CLE)       TEX       CLE      7.5  2025-08-22T23:19:29Z
27 2025-08-22  PHI vs WSN    PHI  1.832057    WSN  5.256947    7.089005  (WSN, PHI)       PHI       WSN      9.5  2025-08-22T23:19:29Z
26 2025-08-22  PHI vs WSN    PHI  1.832057    WSN  5.256947    7.089005  (WSN, PHI)       PHI       WSN     10.5  2025-08-22T23:19:29Z
28 2025-08-22  STL vs TBR    STL  5.201618    TBR  1.796471    6.998089  (STL, TBR)       TBR       STL      8.5  2025-08-22T23:19:29Z
17 2025-08-22  COL vs PIT    PIT  4.120437    COL  2.659956    6.780393  (COL, PIT)       PIT       COL      8.5  2025-08-22T23:19:29Z
16 2025-08-22  COL vs PIT    PIT  4.120437    COL  2.659956    6.780393  (COL, PIT)       PIT       COL      9.5  2025-08-22T23:19:29Z
19 2025-08-22  DET vs KCR    DET  2.516874    KCR  3.349366    5.866240  (DET, KCR)       DET       KCR      8.5  2025-08-22T23:19:29Z
18 2025-08-22  DET vs KCR    DET  2.516874    KCR  3.349366    5.866240  (DET, KCR)       DET       KCR      8.5  2025-08-22T23:19:29Z
9  2025-08-22  BOS vs NYY    BOS  1.552739    NYY  3.914582    5.467321  (NYY, BOS)       NYY       BOS      8.5  2025-08-22T23:19:29Z
8  2025-08-22  BOS vs NYY    BOS  1.552739    NYY  3.914582    5.467321  (NYY, BOS)       NYY       BOS      7.5  2025-08-22T23:19:29Z
11 2025-08-22  CHC vs LAA    LAA  1.732136    CHC  2.917693    4.649829  (CHC, LAA)       LAA       CHC      9.5  2025-08-22T23:20:49Z
10 2025-08-22  CHC vs LAA    LAA  1.732136    CHC  2.917693    4.649829  (CHC, LAA)       LAA       CHC      9.5  2025-08-22T23:19:29Z
1  2025-08-22  ARI vs CIN    ARI  2.668721    CIN  0.982666    3.651387  (ARI, CIN)       ARI       CIN      9.0  2025-08-22T23:20:49Z
0  2025-08-22  ARI vs CIN    ARI  2.668721    CIN  0.982666    3.651387  (ARI, CIN)       ARI       CIN      9.0  2025-08-22T23:19:29Z
