2025-08-29 16:17:56,936 - INFO -          Date     Matchup Team_1    Runs_1 Team_2    Runs_2  Total_Runs Matchup_Key home_team away_team  DK_Line          Last_Updated
22 2025-08-29  MIA vs NYM    MIA  7.762238    NYM  3.243826   11.006064  (NYM, MIA)       NYM       MIA      7.5  2025-08-29T20:17:32Z
21 2025-08-29  MIA vs NYM    MIA  7.762238    NYM  3.243826   11.006064  (NYM, MIA)       NYM       MIA      7.5  2025-08-29T20:17:32Z
0  2025-08-29  ARI vs LAD    LAD  6.340555    ARI  4.067994   10.408548  (ARI, LAD)       LAD       ARI      8.5  2025-08-29T20:17:32Z
1  2025-08-29  ARI vs LAD    LAD  6.340555    ARI  4.067994   10.408548  (ARI, LAD)       LAD       ARI      9.0  2025-08-29T20:17:32Z
5  2025-08-29  BAL vs SFG    SFG  3.502991    BAL  5.473051    8.976042  (BAL, SFG)       SFG       BAL      7.5  2025-08-29T20:17:32Z
6  2025-08-29  BAL vs SFG    SFG  3.502991    BAL  5.473051    8.976042  (BAL, SFG)       SFG       BAL      7.5  2025-08-29T20:17:32Z
11 2025-08-29  CHW vs NYY    CHW  5.077435    NYY  3.385937    8.463371  (NYY, CHW)       CHW       NYY      9.0  2025-08-29T20:17:32Z
12 2025-08-29  CHW vs NYY    CHW  5.077435    NYY  3.385937    8.463371  (NYY, CHW)       CHW       NYY      8.5  2025-08-29T20:17:32Z
9  2025-08-29  CHC vs COL    COL  2.734184    CHC  4.711864    7.446048  (COL, CHC)       COL       CHC     11.0  2025-08-29T20:17:32Z
10 2025-08-29  CHC vs COL    COL  2.734184    CHC  4.711864    7.446048  (COL, CHC)       COL       CHC     11.0  2025-08-29T20:17:32Z
2  2025-08-29  ATH vs TEX    ATH  2.807176    TEX  3.959949    6.767124  (ATH, TEX)       ATH       TEX     10.5  2025-08-29T20:17:32Z
7  2025-08-29  BOS vs PIT    PIT  2.485659    BOS  3.562078    6.047737  (BOS, PIT)       BOS       PIT      8.0  2025-08-29T20:17:32Z
8  2025-08-29  BOS vs PIT    PIT  2.485659    BOS  3.562078    6.047737  (BOS, PIT)       BOS       PIT      9.5  2025-08-29T20:17:32Z
14 2025-08-29  CIN vs STL    CIN  1.007968    STL  4.972701    5.980669  (STL, CIN)       CIN       STL      8.5  2025-08-29T20:17:32Z
13 2025-08-29  CIN vs STL    CIN  1.007968    STL  4.972701    5.980669  (STL, CIN)       CIN       STL      8.5  2025-08-29T20:17:32Z
25 2025-08-29  MIN vs SDP    SDP  2.258349    MIN  3.422390    5.680738  (MIN, SDP)       MIN       SDP      8.5  2025-08-29T20:17:32Z
26 2025-08-29  MIN vs SDP    SDP  2.258349    MIN  3.422390    5.680738  (MIN, SDP)       MIN       SDP      8.5  2025-08-29T20:17:32Z
15 2025-08-29  CLE vs SEA    CLE  2.325662    SEA  3.060153    5.385815  (SEA, CLE)       CLE       SEA      7.5  2025-08-29T20:17:32Z
16 2025-08-29  CLE vs SEA    CLE  2.325662    SEA  3.060153    5.385815  (SEA, CLE)       CLE       SEA      7.5  2025-08-29T20:17:32Z
23 2025-08-29  MIL vs TOR    TOR  2.031765    MIL  2.930801    4.962565  (MIL, TOR)       TOR       MIL      7.5  2025-08-29T20:17:32Z
24 2025-08-29  MIL vs TOR    TOR  2.031765    MIL  2.930801    4.962565  (MIL, TOR)       TOR       MIL      8.0  2025-08-29T20:17:32Z
27 2025-08-29  TBR vs WSN    WSN  2.787995    TBR  2.001740    4.789735  (WSN, TBR)       WSN       TBR      9.0  2025-08-29T20:17:32Z
28 2025-08-29  TBR vs WSN    WSN  2.787995    TBR  2.001740    4.789735  (WSN, TBR)       WSN       TBR      8.5  2025-08-29T20:17:32Z
19 2025-08-29  HOU vs LAA    LAA  2.045560    HOU  2.103023    4.148582  (LAA, HOU)       HOU       LAA      9.0  2025-08-29T20:17:32Z
20 2025-08-29  HOU vs LAA    LAA  2.045560    HOU  2.103023    4.148582  (LAA, HOU)       HOU       LAA      8.5  2025-08-29T20:17:32Z
4  2025-08-29  ATL vs PHI    ATL  2.063003    PHI  1.854722    3.917725  (PHI, ATL)       PHI       ATL      7.5  2025-08-29T20:17:32Z
3  2025-08-29  ATL vs PHI    ATL  2.063003    PHI  1.854722    3.917725  (PHI, ATL)       PHI       ATL      9.0  2025-08-29T20:17:32Z
17 2025-08-29  DET vs KCR    DET  2.043550    KCR  0.710317    2.753866  (DET, KCR)       KCR       DET      9.0  2025-08-29T20:17:32Z
18 2025-08-29  DET vs KCR    DET  2.043550    KCR  0.710317    2.753866  (DET, KCR)       KCR       DET      9.0  2025-08-29T20:17:32Z
