2025-09-12 18:06:30,308 - INFO -           Date Team Opponent              Player
0   2025-09-12  TBR      CHC           Shane Baz
1   2025-09-12  CHC      TBR        Matthew Boyd
2   2025-09-12  KCR      PHI    Michael Lorenzen
3   2025-09-12  PHI      KCR      Walker Buehler
4   2025-09-12  PIT      WSN        Mitch Keller
5   2025-09-12  WSN      PIT           Brad Lord
6   2025-09-12  BAL      TOR       Trevor Rogers
7   2025-09-12  TOR      BAL       Chris Bassitt
8   2025-09-12  NYY      BOS            Luis Gil
9   2025-09-12  BOS      NYY       Lucas Giolito
10  2025-09-12  CHW      CLE        Martín Pérez
11  2025-09-12  CLE      CHW        Tanner Bibee
12  2025-09-12  DET      MIA        Tarik Skubal
13  2025-09-12  MIA      DET     Sandy Alcantara
14  2025-09-12  TEX      NYM        Jacob deGrom
15  2025-09-12  NYM      TEX          Jonah Tong
16  2025-09-12  HOU      ATL       Jayden Murray
17  2025-09-12  ATL      HOU     Hurston Waldrep
18  2025-09-12  STL      MIL      Andre Pallante
19  2025-09-12  MIL      STL      Quinn Priester
20  2025-09-12  ARI      MIN      Brandon Pfaadt
21  2025-09-12  MIN      ARI         Pablo López
22  2025-09-12  COL      SDP       Tanner Gordon
23  2025-09-12  SDP      COL            JP Sears
24  2025-09-12  CIN      ATH        Brady Singer
25  2025-09-12  ATH      CIN           J.T. Ginn
26  2025-09-12  LAA      SEA       Yusei Kikuchi
27  2025-09-12  SEA      LAA       Luis Castillo
28  2025-09-12  LAD      SFG  Yoshinobu Yamamoto
29  2025-09-12  SFG      LAD    Justin Verlander
