2025-08-25 10:59:51,358 - INFO -           Date Team Opponent              Player
0   2025-08-25  BOS      BAL  Brennan Bernardino
1   2025-08-25  BAL      BOS     Tomoyuki Sugano
2   2025-08-25  TBR      CLE         Ian Seymour
3   2025-08-25  CLE      TBR        Tanner Bibee
4   2025-08-25  ATL      MIA     Spencer Strider
5   2025-08-25  MIA      ATL      Edward Cabrera
6   2025-08-25  WSN      NYY           Brad Lord
7   2025-08-25  NYY      WSN      Cam Schlittler
8   2025-08-25  MIN      TOR            Joe Ryan
9   2025-08-25  TOR      MIN        Max Scherzer
10  2025-08-25  PHI      NYM  Cristopher Sánchez
11  2025-08-25  NYM      PHI         Kodai Senga
12  2025-08-25  KCR      CHW        Noah Cameron
13  2025-08-25  CHW      KCR         Shane Smith
14  2025-08-25  ARI      MIL   Eduardo Rodríguez
15  2025-08-25  MIL      ARI    Brandon Woodruff
16  2025-08-25  PIT      STL        Johan Oviedo
17  2025-08-25  STL      PIT    Michael McGreevy
18  2025-08-25  LAA      TEX        José Soriano
19  2025-08-25  TEX      LAA        Jacob deGrom
20  2025-08-25  SDP      SEA            JP Sears
21  2025-08-25  SEA      SDP        Bryce Miller
22  2025-08-25  DET      ATH        Tarik Skubal
23  2025-08-25  ATH      DET           J.T. Ginn
24  2025-08-25  CIN      LAD       Hunter Greene
25  2025-08-25  LAD      CIN       Emmet Sheehan
