2025-08-18 11:55:55,693 - INFO -           Date Team Opponent              Player
0   2025-08-18  MIL      CHC      Freddy Peralta
1   2025-08-18  CHC      MIL         Cade Horton
2   2025-08-18  HOU      DET  Spencer Arrighetti
3   2025-08-18  DET      HOU       Jack Flaherty
4   2025-08-18  STL      MIA  Matthew Liberatore
5   2025-08-18  MIA      STL          Eury Pérez
6   2025-08-18  TOR      PIT       Kevin Gausman
7   2025-08-18  PIT      TOR         Paul Skenes
8   2025-08-18  SEA      PHI       Logan Gilbert
9   2025-08-18  PHI      SEA       Ranger Suárez
10  2025-08-18  BAL      BOS       Trevor Rogers
11  2025-08-18  BOS      BAL          Dustin May
12  2025-08-18  CHW      ATL      Yoendrys Gómez
13  2025-08-18  ATL      CHW     Spencer Strider
14  2025-08-18  TEX      KCR         Jack Leiter
15  2025-08-18  KCR      TEX       Michael Wacha
16  2025-08-18  LAD      COL  Yoshinobu Yamamoto
17  2025-08-18  COL      LAD       Kyle Freeland
18  2025-08-18  CIN      LAA        Brady Singer
19  2025-08-18  LAA      CIN      Victor Mederos
20  2025-08-18  SFG      SDP          Robbie Ray
21  2025-08-18  SDP      SFG       Nestor Cortes
