2025-09-03 12:42:39,833 - INFO -           Date Team Opponent              Player
0   2025-09-03  MIA      WSN          Eury Pérez
1   2025-09-03  WSN      MIA     Mitchell Parker
2   2025-09-03  NYM      DET         Clay Holmes
3   2025-09-03  DET      NYM          Casey Mize
4   2025-09-03  TEX      ARI         Jack Leiter
5   2025-09-03  ARI      TEX          Zac Gallen
6   2025-09-03  BAL      SDP         Cade Povich
7   2025-09-03  SDP      BAL       Nestor Cortes
8   2025-09-03  TOR      CIN        Shane Bieber
9   2025-09-03  CIN      TOR        Zack Littell
10  2025-09-03  LAD      PIT       Shohei Ohtani
11  2025-09-03  PIT      LAD    Braxton Ashcraft
12  2025-09-03  CLE      BOS       Joey Cantillo
13  2025-09-03  BOS      CLE  Brennan Bernardino
14  2025-09-03  SEA      TBR        George Kirby
15  2025-09-03  TBR      SEA       Adrian Houser
16  2025-09-03  ATL      CHC         Bryce Elder
17  2025-09-03  CHC      ATL         Cade Horton
18  2025-09-03  LAA      KCR          Caden Dana
19  2025-09-03  KCR      LAA        Ryan Bergert
20  2025-09-03  PHI      MIL          Aaron Nola
21  2025-09-03  MIL      PHI       Jose Quintana
22  2025-09-03  CHW      MIN      Yoendrys Gómez
23  2025-09-03  MIN      CHW      Zebby Matthews
24  2025-09-03  ATH      STL     Jeffrey Springs
25  2025-09-03  STL      ATH  Matthew Liberatore
26  2025-09-03  NYY      HOU         Will Warren
27  2025-09-03  HOU      NYY     Jason Alexander
28  2025-09-03  SFG      COL          Robbie Ray
29  2025-09-03  COL      SFG      Germán Márquez
