2025-08-06 11:44:29,820 - INFO -           Date Team Opponent              Player
0   2025-08-06  BAL      PHI       Trevor Rogers
1   2025-08-06  PHI      BAL       Ranger Suárez
2   2025-08-06  SFG      PIT          Robbie Ray
3   2025-08-06  PIT      SFG       Andrew Heaney
4   2025-08-06  MIN      DET         Pierson Ohl
5   2025-08-06  DET      MIN       Jack Flaherty
6   2025-08-06  CLE      NYM      Gavin Williams
7   2025-08-06  NYM      CLE      David Peterson
8   2025-08-06  CIN      CHC       Andrew Abbott
9   2025-08-06  CHC      CIN         Cade Horton
10  2025-08-06  NYY      TEX        Carlos Rodón
11  2025-08-06  TEX      NYY         Jack Leiter
12  2025-08-06  TOR      COL       Kevin Gausman
13  2025-08-06  COL      TOR       Kyle Freeland
14  2025-08-06  TBR      LAA           Shane Baz
15  2025-08-06  LAA      TBR      Tyler Anderson
16  2025-08-06  STL      LAD  Matthew Liberatore
17  2025-08-06  LAD      STL       Shohei Ohtani
18  2025-08-06  HOU      MIA  Spencer Arrighetti
19  2025-08-06  MIA      HOU         Janson Junk
20  2025-08-06  ATH      WSN     Jeffrey Springs
21  2025-08-06  WSN      ATH        Cade Cavalli
22  2025-08-06  KCR      BOS       Michael Wacha
23  2025-08-06  BOS      KCR          Dustin May
24  2025-08-06  MIL      ATL       Jose Quintana
25  2025-08-06  ATL      MIL     Spencer Strider
26  2025-08-06  SDP      ARI       Nestor Cortes
27  2025-08-06  ARI      SDP  Anthony DeSclafani
28  2025-08-06  CHW      SEA     Jonathan Cannon
29  2025-08-06  SEA      CHW        George Kirby
