2025-09-27 14:34:17,738 - INFO -           Date Team Opponent             Player
0   2025-09-27  BAL      NYY    Tomoyuki Sugano
1   2025-09-27  NYY      BAL     Cam Schlittler
2   2025-09-27  STL      CHC   Michael McGreevy
3   2025-09-27  CHC      STL    Jameson Taillon
4   2025-09-27  TBR      TOR          Joe Boyle
5   2025-09-27  TOR      TBR      Trey Yesavage
6   2025-09-27  COL      SFG      Kyle Freeland
7   2025-09-27  SFG      COL   Justin Verlander
8   2025-09-27  CHW      WSN      Tyler Gilbert
9   2025-09-27  WSN      CHW         Jake Irvin
10  2025-09-27  DET      BOS     Keider Montero
11  2025-09-27  BOS      DET     Connelly Early
12  2025-09-27  NYM      MIA        Clay Holmes
13  2025-09-27  MIA      NYM         Eury Pérez
14  2025-09-27  MIN      PHI          Mick Abel
15  2025-09-27  PHI      MIN      Ranger Suárez
16  2025-09-27  PIT      ATL     Bubba Chandler
17  2025-09-27  ATL      PIT    Spencer Strider
18  2025-09-27  TEX      CLE         Jacob Latz
19  2025-09-27  CLE      TEX      Joey Cantillo
20  2025-09-27  CIN      MIL      Andrew Abbott
21  2025-09-27  MIL      CIN      Robert Gasser
22  2025-09-27  ARI      SDP  Eduardo Rodríguez
23  2025-09-27  SDP      ARI       Michael King
24  2025-09-27  HOU      LAA        AJ Blubaugh
25  2025-09-27  LAA      HOU         Caden Dana
26  2025-09-27  LAD      SEA      Tyler Glasnow
27  2025-09-27  SEA      LAD      Logan Gilbert
28  2025-09-27  KCR      ATH      Michael Wacha
29  2025-09-27  ATH      KCR       Luis Morales
