2025-09-19 15:33:12,561 - INFO -           Date Team Opponent             Player
0   2025-09-19  CHC      CIN      Shota Imanaga
1   2025-09-19  CIN      CHC        Nick Lodolo
2   2025-09-19  ATL      DET        Bryce Elder
3   2025-09-19  DET      ATL     Charlie Morton
4   2025-09-19  NYY      BAL        Will Warren
5   2025-09-19  BAL      NYY      Trevor Rogers
6   2025-09-19  BOS      TBR    Garrett Crochet
7   2025-09-19  TBR      BOS     Drew Rasmussen
8   2025-09-19  SDP      CHW        Dylan Cease
9   2025-09-19  CHW      SDP       Davis Martin
10  2025-09-19  TOR      KCR       Max Scherzer
11  2025-09-19  KCR      TOR   Michael Lorenzen
12  2025-09-19  MIA      TEX        Janson Junk
13  2025-09-19  TEX      MIA        Tyler Mahle
14  2025-09-19  LAA      COL       Mitch Farris
15  2025-09-19  COL      LAA    Bradley Blalock
16  2025-09-19  SEA      HOU          Bryan Woo
17  2025-09-19  HOU      SEA       Hunter Brown
18  2025-09-19  CLE      MIN     Parker Messick
19  2025-09-19  MIN      CLE        Pablo López
20  2025-09-19  MIL      STL  Jacob Misiorowski
21  2025-09-19  STL      MIL         Sonny Gray
22  2025-09-19  PHI      ARI     Taijuan Walker
23  2025-09-19  ARI      PHI        Ryne Nelson
24  2025-09-19  SFG      LAD         Robbie Ray
25  2025-09-19  LAD      SFG    Clayton Kershaw
