2025-07-20 11:02:46,603 - INFO -           Date Team Opponent           Player
0   2025-07-20  SFG      TOR       Robbie Ray
1   2025-07-20  TOR      SFG     José Berríos
2   2025-07-20  BAL      TBR    Trevor Rogers
3   2025-07-20  TBR      BAL      Ryan Pepiot
4   2025-07-20  NYY      ATL   Marcus Stroman
5   2025-07-20  ATL      NYY     Grant Holmes
6   2025-07-20  LAA      PHI     José Soriano
7   2025-07-20  PHI      LAA    Ranger Suárez
8   2025-07-20  CHW      PIT     Aaron Civale
9   2025-07-20  PIT      CHW    Andrew Heaney
10  2025-07-20  SDP      WSN     Nick Pivetta
11  2025-07-20  WSN      SDP   MacKenzie Gore
12  2025-07-20  ATH      CLE  Jeffrey Springs
13  2025-07-20  CLE      ATH   Gavin Williams
14  2025-07-20  KCR      MIA       Kris Bubic
15  2025-07-20  MIA      KCR      Janson Junk
16  2025-07-20  CIN      NYM    Andrew Abbott
17  2025-07-20  NYM      CIN   David Peterson
18  2025-07-20  BOS      CHC  Garrett Crochet
19  2025-07-20  CHC      BOS      Cade Horton
20  2025-07-20  MIN      COL         Joe Ryan
21  2025-07-20  COL      MIN   Germán Márquez
22  2025-07-20  STL      ARI    Miles Mikolas
23  2025-07-20  ARI      STL    Merrill Kelly
24  2025-07-20  MIL      LAD    Jose Quintana
25  2025-07-20  LAD      MIL  Clayton Kershaw
26  2025-07-20  HOU      SEA     Hunter Brown
27  2025-07-20  SEA      HOU        Bryan Woo
28  2025-07-20  DET      TEX     Tarik Skubal
29  2025-07-20  TEX      DET       Jacob Latz
