2025-09-26 18:34:54,558 - INFO -           Date Team Opponent           Player
0   2025-09-26  STL      CHC    Miles Mikolas
1   2025-09-26  CHC      STL        Colin Rea
2   2025-09-26  MIN      PHI         Joe Ryan
3   2025-09-26  PHI      MIN       Aaron Nola
4   2025-09-26  CHW      WSN   Yoendrys Gómez
5   2025-09-26  WSN      CHW     Cade Cavalli
6   2025-09-26  BAL      NYY    Trevor Rogers
7   2025-09-26  NYY      BAL      Will Warren
8   2025-09-26  TBR      TOR    Adrian Houser
9   2025-09-26  TOR      TBR     Shane Bieber
10  2025-09-26  DET      BOS       Casey Mize
11  2025-09-26  BOS      DET    Kyle Harrison
12  2025-09-26  TEX      CLE      Jack Leiter
13  2025-09-26  CLE      TEX    Slade Cecconi
14  2025-09-26  NYM      MIA   Brandon Sproat
15  2025-09-26  MIA      NYM  Sandy Alcantara
16  2025-09-26  PIT      ATL     Mitch Keller
17  2025-09-26  ATL      PIT       Joey Wentz
18  2025-09-26  CIN      MIL     Zack Littell
19  2025-09-26  MIL      CIN   Quinn Priester
20  2025-09-26  HOU      LAA  Jason Alexander
21  2025-09-26  LAA      HOU   Kyle Hendricks
22  2025-09-26  ARI      SDP       Zac Gallen
23  2025-09-26  SDP      ARI       Yu Darvish
24  2025-09-26  LAD      SEA    Emmet Sheehan
25  2025-09-26  SEA      LAD     George Kirby
26  2025-09-26  KCR      ATH     Noah Cameron
27  2025-09-26  ATH      KCR    Mason Barnett
28  2025-09-26  COL      SFG   Germán Márquez
29  2025-09-26  SFG      COL  Trevor McDonald
