2025-08-24 10:08:03,417 - INFO -           Date Team Opponent              Player
0   2025-08-24  COL      PIT        McCade Brown
1   2025-08-24  PIT      COL         Paul Skenes
2   2025-08-24  STL      TBR  Matthew Liberatore
3   2025-08-24  TBR      STL         Ryan Pepiot
4   2025-08-24  NYM      ATL      David Peterson
5   2025-08-24  ATL      NYM         Bryce Elder
6   2025-08-24  HOU      BAL  Spencer Arrighetti
7   2025-08-24  BAL      HOU       Trevor Rogers
8   2025-08-24  WSN      PHI          Jake Irvin
9   2025-08-24  PHI      WSN       Ranger Suárez
10  2025-08-24  KCR      DET           Seth Lugo
11  2025-08-24  DET      KCR       Jack Flaherty
12  2025-08-24  TOR      MIA       Kevin Gausman
13  2025-08-24  MIA      TOR          Eury Pérez
14  2025-08-24  MIN      CHW         Taj Bradley
15  2025-08-24  CHW      MIN      Yoendrys Gómez
16  2025-08-24  CLE      TEX      Gavin Williams
17  2025-08-24  TEX      CLE       Merrill Kelly
18  2025-08-24  CHC      LAA     Jameson Taillon
19  2025-08-24  LAA      CHC      Kyle Hendricks
20  2025-08-24  CIN      ARI        Brady Singer
21  2025-08-24  ARI      CIN          Zac Gallen
22  2025-08-24  LAD      SDP  Yoshinobu Yamamoto
23  2025-08-24  SDP      LAD        Nick Pivetta
24  2025-08-24  ATH      SEA         Jacob Lopez
25  2025-08-24  SEA      ATH       Logan Gilbert
26  2025-08-24  BOS      NYY          Dustin May
27  2025-08-24  NYY      BOS        Carlos Rodón
