2025-09-13 11:24:37,502 - INFO -           Date Team Opponent             Player
0   2025-09-13  TBR      CHC     Drew Rasmussen
1   2025-09-13  CHC      TBR          Colin Rea
2   2025-09-13  BAL      TOR    Tomoyuki Sugano
3   2025-09-13  TOR      BAL       Max Scherzer
4   2025-09-13  PIT      WSN     Bubba Chandler
5   2025-09-13  WSN      PIT     Andrew Alvarez
6   2025-09-13  NYY      BOS          Max Fried
7   2025-09-13  BOS      NYY       Brayan Bello
8   2025-09-13  DET      MIA     Charlie Morton
9   2025-09-13  MIA      DET        Janson Junk
10  2025-09-13  TEX      NYM     Patrick Corbin
11  2025-09-13  NYM      TEX     Brandon Sproat
12  2025-09-13  KCR      PHI       Ryan Bergert
13  2025-09-13  PHI      KCR     Taijuan Walker
14  2025-09-13  CHW      CLE       Davis Martin
15  2025-09-13  CLE      CHW     Parker Messick
16  2025-09-13  ARI      MIN        Ryne Nelson
17  2025-09-13  MIN      ARI           Joe Ryan
18  2025-09-13  HOU      ATL       Hunter Brown
19  2025-09-13  ATL      HOU        Bryce Elder
20  2025-09-13  STL      MIL         Sonny Gray
21  2025-09-13  MIL      STL  Jacob Misiorowski
22  2025-09-13  COL      SDP    Bradley Blalock
23  2025-09-13  SDP      COL        Dylan Cease
24  2025-09-13  LAD      SFG    Clayton Kershaw
25  2025-09-13  SFG      LAD         Logan Webb
26  2025-09-13  LAA      SEA       Mitch Farris
27  2025-09-13  SEA      LAA          Bryan Woo
28  2025-09-13  CIN      ATH      Hunter Greene
29  2025-09-13  ATH      CIN      Luis Severino
