2025-09-28 15:49:03,904 - INFO -           Date Team Opponent                   Player
0   2025-09-28  KCR      ATH              Cole Ragans
1   2025-09-28  ATH      KCR              Brady Basso
2   2025-09-28  BAL      NYY             Kyle Bradish
3   2025-09-28  NYY      BAL                 Luis Gil
4   2025-09-28  MIN      PHI  Simeon Woods Richardson
5   2025-09-28  PHI      MIN       Cristopher Sánchez
6   2025-09-28  COL      SFG             McCade Brown
7   2025-09-28  SFG      COL               Logan Webb
8   2025-09-28  CHW      WSN              Shane Smith
9   2025-09-28  WSN      CHW                Brad Lord
10  2025-09-28  HOU      LAA      Lance McCullers Jr.
11  2025-09-28  LAA      HOU            Sam Aldegheri
12  2025-09-28  TBR      TOR              Ian Seymour
13  2025-09-28  TOR      TBR            Kevin Gausman
14  2025-09-28  NYM      MIA              Sean Manaea
15  2025-09-28  MIA      NYM           Edward Cabrera
16  2025-09-28  CIN      MIL             Brady Singer
17  2025-09-28  MIL      CIN           Freddy Peralta
18  2025-09-28  ARI      SDP           Brandon Pfaadt
19  2025-09-28  SDP      ARI                 JP Sears
20  2025-09-28  LAD      SEA          Clayton Kershaw
21  2025-09-28  SEA      LAD             Bryce Miller
22  2025-09-28  PIT      ATL             Johan Oviedo
23  2025-09-28  ATL      PIT           Charlie Morton
24  2025-09-28  STL      CHC               Kyle Leahy
25  2025-09-28  CHC      STL             Javier Assad
