2025-09-09 10:44:36,904 - INFO -           Date Team Opponent              Player
0   2025-09-09  PIT      BAL        Mike Burrows
1   2025-09-09  BAL      PIT        Kyle Bradish
2   2025-09-09  KCR      CLE        Noah Cameron
3   2025-09-09  CLE      KCR       Joey Cantillo
4   2025-09-09  WSN      MIA     Mitchell Parker
5   2025-09-09  MIA      WSN          Adam Mazur
6   2025-09-09  NYM      PHI         Sean Manaea
7   2025-09-09  PHI      NYM       Ranger Suárez
8   2025-09-09  DET      NYY          Casey Mize
9   2025-09-09  NYY      DET         Will Warren
10  2025-09-09  CHC      ATL         Cade Horton
11  2025-09-09  ATL      CHC     Spencer Strider
12  2025-09-09  MIN      LAA      Zebby Matthews
13  2025-09-09  LAA      MIN      Kyle Hendricks
14  2025-09-09  CIN      SDP        Zack Littell
15  2025-09-09  SDP      CIN        Michael King
16  2025-09-09  STL      SEA  Matthew Liberatore
17  2025-09-09  SEA      STL        George Kirby
18  2025-09-09  ARI      SFG          Zac Gallen
19  2025-09-09  SFG      ARI          Robbie Ray
20  2025-09-09  BOS      ATH          Dustin May
21  2025-09-09  ATH      BOS     Jeffrey Springs
22  2025-09-09  COL      LAD      Germán Márquez
23  2025-09-09  LAD      COL       Emmet Sheehan
