2025-08-10 09:13:31,103 - INFO -           Date Team Opponent            Player
0   2025-08-10  KCR      MIN      Ryan Bergert
1   2025-08-10  MIN      KCR        José Ureña
2   2025-08-10  MIA      ATL     Cal Quantrill
3   2025-08-10  ATL      MIA        Joey Wentz
4   2025-08-10  ATH      BAL      Luis Morales
5   2025-08-10  BAL      ATH       Cade Povich
6   2025-08-10  HOU      NYY   Jason Alexander
7   2025-08-10  NYY      HOU         Max Fried
8   2025-08-10  CIN      PIT      Zack Littell
9   2025-08-10  PIT      CIN      Mike Burrows
10  2025-08-10  LAA      DET  Jack Kochanowicz
11  2025-08-10  DET      LAA        Casey Mize
12  2025-08-10  CLE      CHW     Slade Cecconi
13  2025-08-10  CHW      CLE      Davis Martin
14  2025-08-10  NYM      MIL       Sean Manaea
15  2025-08-10  MIL      NYM    Quinn Priester
16  2025-08-10  PHI      TEX      Zack Wheeler
17  2025-08-10  TEX      PHI    Patrick Corbin
18  2025-08-10  WSN      SFG    MacKenzie Gore
19  2025-08-10  SFG      WSN  Justin Verlander
20  2025-08-10  COL      ARI     Tanner Gordon
21  2025-08-10  ARI      COL    Brandon Pfaadt
22  2025-08-10  TOR      LAD        Eric Lauer
23  2025-08-10  LAD      TOR     Tyler Glasnow
24  2025-08-10  BOS      SDP      Brayan Bello
25  2025-08-10  SDP      BOS       Dylan Cease
26  2025-08-10  TBR      SEA     Adrian Houser
27  2025-08-10  SEA      TBR         Bryan Woo
28  2025-08-10  CHC      STL     Shota Imanaga
29  2025-08-10  STL      CHC        Sonny Gray
