2025-08-27 10:31:44,844 - INFO -           Date Team Opponent                   Player
0   2025-08-27  WSN      NYY             Cade Cavalli
1   2025-08-27  NYY      WSN                Max Fried
2   2025-08-27  TBR      CLE           Drew Rasmussen
3   2025-08-27  CLE      TBR            Slade Cecconi
4   2025-08-27  ATL      MIA               Joey Wentz
5   2025-08-27  MIA      ATL               Ryan Gusto
6   2025-08-27  SDP      SEA               Yu Darvish
7   2025-08-27  SEA      SDP                Bryan Woo
8   2025-08-27  BOS      BAL             Brayan Bello
9   2025-08-27  BAL      BOS            Dietrich Enns
10  2025-08-27  MIN      TOR  Simeon Woods Richardson
11  2025-08-27  TOR      MIN               Eric Lauer
12  2025-08-27  PHI      NYM           Taijuan Walker
13  2025-08-27  NYM      PHI             Nolan McLean
14  2025-08-27  KCR      CHW             Ryan Bergert
15  2025-08-27  CHW      KCR             Aaron Civale
16  2025-08-27  ARI      MIL              Ryne Nelson
17  2025-08-27  MIL      ARI           Quinn Priester
18  2025-08-27  PIT      STL        Carmen Mlodzinski
19  2025-08-27  STL      PIT               Sonny Gray
20  2025-08-27  LAA      TEX         Jack Kochanowicz
21  2025-08-27  TEX      LAA               Jacob Latz
22  2025-08-27  COL      HOU          Chase Dollander
23  2025-08-27  HOU      COL           Framber Valdez
24  2025-08-27  CIN      LAD              Nick Lodolo
25  2025-08-27  LAD      CIN            Shohei Ohtani
26  2025-08-27  CHC      SFG                Colin Rea
27  2025-08-27  SFG      CHC        Carson Whisenhunt
28  2025-08-27  DET      ATH               Casey Mize
29  2025-08-27  ATH      DET             Luis Morales
