2025-09-05 14:10:53,422 - INFO -           Date Team Opponent              Player
0   2025-09-05  WSN      CHC          Jake Irvin
1   2025-09-05  CHC      WSN        Javier Assad
2   2025-09-05  NYM      CIN      David Peterson
3   2025-09-05  CIN      NYM       Andrew Abbott
4   2025-09-05  CHW      DET         Shane Smith
5   2025-09-05  DET      CHW       Jack Flaherty
6   2025-09-05  MIL      PIT      Quinn Priester
7   2025-09-05  PIT      MIL        Johan Oviedo
8   2025-09-05  LAD      BAL       Tyler Glasnow
9   2025-09-05  BAL      LAD         Dean Kremer
10  2025-09-05  TOR      NYY       Kevin Gausman
11  2025-09-05  NYY      TOR      Cam Schlittler
12  2025-09-05  PHI      MIA  Cristopher Sánchez
13  2025-09-05  MIA      PHI     Valente Bellozo
14  2025-09-05  SEA      ATL       Logan Gilbert
15  2025-09-05  ATL      SEA          Chris Sale
16  2025-09-05  CLE      TBR      Gavin Williams
17  2025-09-05  TBR      CLE         Griffin Jax
18  2025-09-05  MIN      KCR         Pablo López
19  2025-09-05  KCR      MIN       Michael Wacha
20  2025-09-05  SFG      STL      Carson Seymour
21  2025-09-05  STL      SFG    Michael McGreevy
22  2025-09-05  ATH      LAA       Mason Barnett
23  2025-09-05  LAA      ATH        José Soriano
24  2025-09-05  BOS      ARI        Payton Tolle
25  2025-09-05  ARI      BOS   Eduardo Rodríguez
