2025-07-30 11:01:37,974 - INFO -           Date Team Opponent           Player
0   2025-07-30  TOR      BAL     José Berríos
1   2025-07-30  BAL      TOR      Dean Kremer
2   2025-07-30  ARI      DET      Ryne Nelson
3   2025-07-30  DET      ARI    Chris Paddack
4   2025-07-30  BOS      MIN     Brayan Bello
5   2025-07-30  MIN      BOS   Zebby Matthews
6   2025-07-30  PHI      CHW   Taijuan Walker
7   2025-07-30  CHW      PHI    Adrian Houser
8   2025-07-30  WSN      HOU   MacKenzie Gore
9   2025-07-30  HOU      WSN       Ryan Gusto
10  2025-07-30  ATL      KCR       Joey Wentz
11  2025-07-30  KCR      ATL      Angel Zerpa
12  2025-07-30  CHC      MIL    Shota Imanaga
13  2025-07-30  MIL      CHC   Freddy Peralta
14  2025-07-30  PIT      SFG     Mike Burrows
15  2025-07-30  SFG      PIT       Logan Webb
16  2025-07-30  NYM      SDP      Clay Holmes
17  2025-07-30  SDP      NYM       Yu Darvish
18  2025-07-30  COL      CLE    Kyle Freeland
19  2025-07-30  CLE      COL     Kolby Allard
20  2025-07-30  TBR      NYY     Zack Littell
21  2025-07-30  NYY      TBR      Will Warren
22  2025-07-30  LAD      CIN    Shohei Ohtani
23  2025-07-30  CIN      LAD    Nick Martinez
24  2025-07-30  MIA      STL    Cal Quantrill
25  2025-07-30  STL      MIA    Miles Mikolas
26  2025-07-30  TEX      LAA   Nathan Eovaldi
27  2025-07-30  LAA      TEX     José Soriano
28  2025-07-30  SEA      ATH        Bryan Woo
29  2025-07-30  ATH      SEA  Jeffrey Springs
