2025-08-31 14:13:22,434 - INFO -           Date Team Opponent              Player
0   2025-08-31  STL      CIN      Andre Pallante
1   2025-08-31  CIN      STL        Brady Singer
2   2025-08-31  SDP      MIN        David Morgan
3   2025-08-31  MIN      SDP            Joe Ryan
4   2025-08-31  PIT      BOS        Mitch Keller
5   2025-08-31  BOS      PIT       Lucas Giolito
6   2025-08-31  TBR      WSN         Ian Seymour
7   2025-08-31  WSN      TBR           Brad Lord
8   2025-08-31  MIL      TOR    Brandon Woodruff
9   2025-08-31  TOR      MIL        Max Scherzer
10  2025-08-31  SEA      CLE        Bryce Miller
11  2025-08-31  CLE      SEA        Tanner Bibee
12  2025-08-31  MIA      NYM     Sandy Alcantara
13  2025-08-31  NYM      MIA         Kodai Senga
14  2025-08-31  NYY      CHW            Luis Gil
15  2025-08-31  CHW      NYY        Martín Pérez
16  2025-08-31  LAA      HOU        José Soriano
17  2025-08-31  HOU      LAA        Hunter Brown
18  2025-08-31  DET      KCR        Tarik Skubal
19  2025-08-31  KCR      DET       Michael Wacha
20  2025-08-31  CHC      COL        Matthew Boyd
21  2025-08-31  COL      CHC       Tanner Gordon
22  2025-08-31  TEX      ATH        Jacob deGrom
23  2025-08-31  ATH      TEX           J.T. Ginn
24  2025-08-31  BAL      SFG     Tomoyuki Sugano
25  2025-08-31  SFG      BAL    Justin Verlander
26  2025-08-31  ARI      LAD      Brandon Pfaadt
27  2025-08-31  LAD      ARI  Yoshinobu Yamamoto
28  2025-08-31  ATL      PHI     Hurston Waldrep
29  2025-08-31  PHI      ATL       Jesús Luzardo
