2025-08-05 10:40:10,582 - INFO -           Date Team Opponent           Player
0   2025-08-05  MIN      DET   Zebby Matthews
1   2025-08-05  DET      MIN    Chris Paddack
2   2025-08-05  SFG      PIT       Logan Webb
3   2025-08-05  PIT      SFG     Mike Burrows
4   2025-08-05  BAL      PHI      Dean Kremer
5   2025-08-05  PHI      BAL   Taijuan Walker
6   2025-08-05  ATH      WSN    Luis Severino
7   2025-08-05  WSN      ATH   MacKenzie Gore
8   2025-08-05  KCR      BOS     Ryan Bergert
9   2025-08-05  BOS      KCR  Garrett Crochet
10  2025-08-05  CLE      NYM      Logan Allen
11  2025-08-05  NYM      CLE      Clay Holmes
12  2025-08-05  MIL      ATL   Freddy Peralta
13  2025-08-05  ATL      MIL       Joey Wentz
14  2025-08-05  CIN      CHC     Zack Littell
15  2025-08-05  CHC      CIN    Shota Imanaga
16  2025-08-05  NYY      TEX      Will Warren
17  2025-08-05  TEX      NYY   Nathan Eovaldi
18  2025-08-05  TOR      COL     José Berríos
19  2025-08-05  COL      TOR   Anthony Molina
20  2025-08-05  TBR      LAA      Ryan Pepiot
21  2025-08-05  LAA      TBR     José Soriano
22  2025-08-05  SDP      ARI       Yu Darvish
23  2025-08-05  ARI      SDP      Ryne Nelson
24  2025-08-05  CHW      SEA     Davis Martin
25  2025-08-05  SEA      CHW        Bryan Woo
26  2025-08-05  STL      LAD    Miles Mikolas
27  2025-08-05  LAD      STL    Emmet Sheehan
