2025-09-21 13:07:12,387 - INFO -           Date Team Opponent                   Player
0   2025-09-21  NYY      BAL           Cam Schlittler
1   2025-09-21  BAL      NYY             Kyle Bradish
2   2025-09-21  ATH      PIT             Mitch Spence
3   2025-09-21  PIT      ATH             Mike Burrows
4   2025-09-21  CHC      CIN          Jameson Taillon
5   2025-09-21  CIN      CHC            Andrew Abbott
6   2025-09-21  ATL      DET          Spencer Strider
7   2025-09-21  DET      ATL               Casey Mize
8   2025-09-21  WSN      NYM               Jake Irvin
9   2025-09-21  NYM      WSN              Sean Manaea
10  2025-09-21  SDP      CHW             Michael King
11  2025-09-21  CHW      SDP               Sean Burke
12  2025-09-21  TOR      KCR            Trey Yesavage
13  2025-09-21  KCR      TOR            Michael Wacha
14  2025-09-21  CLE      MIN            Joey Cantillo
15  2025-09-21  MIN      CLE  Simeon Woods Richardson
16  2025-09-21  MIL      STL            Robert Gasser
17  2025-09-21  STL      MIL       Matthew Liberatore
18  2025-09-21  MIA      TEX               Eury Pérez
19  2025-09-21  TEX      MIA            Merrill Kelly
20  2025-09-21  LAA      COL               Caden Dana
21  2025-09-21  COL      LAA            Kyle Freeland
22  2025-09-21  PHI      ARI            Ranger Suárez
23  2025-09-21  ARI      PHI        Eduardo Rodríguez
24  2025-09-21  SFG      LAD          Trevor McDonald
25  2025-09-21  LAD      SFG            Emmet Sheehan
26  2025-09-21  SEA      HOU            Logan Gilbert
27  2025-09-21  HOU      SEA          Jason Alexander
28  2025-09-21  BOS      TBR           Connelly Early
29  2025-09-21  TBR      BOS                Joe Boyle
