2025-07-22 09:41:42,479 - INFO -           Date Team Opponent                   Player
0   2025-07-22  BAL      CLE            Brandon Young
1   2025-07-22  CLE      BAL            Joey Cantillo
2   2025-07-22  SDP      MIA            Stephen Kolek
3   2025-07-22  MIA      SDP           Edward Cabrera
4   2025-07-22  DET      PIT               Casey Mize
5   2025-07-22  PIT      DET             Mitch Keller
6   2025-07-22  BOS      PHI            Richard Fitts
7   2025-07-22  PHI      BOS       Cristopher Sánchez
8   2025-07-22  CIN      WSN              Chase Burns
9   2025-07-22  WSN      CIN                Brad Lord
10  2025-07-22  NYY      TOR           Cam Schlittler
11  2025-07-22  TOR      NYY             Max Scherzer
12  2025-07-22  LAA      NYM           Kyle Hendricks
13  2025-07-22  NYM      LAA           Frankie Montas
14  2025-07-22  SFG      ATL             Landen Roupp
15  2025-07-22  ATL      SFG             Davis Daniel
16  2025-07-22  KCR      CHC                Rich Hill
17  2025-07-22  CHC      KCR             Matthew Boyd
18  2025-07-22  ATH      TEX                J.T. Ginn
19  2025-07-22  TEX      ATH             Jacob deGrom
20  2025-07-22  STL      COL              Erick Fedde
21  2025-07-22  COL      STL          Bradley Blalock
22  2025-07-22  HOU      ARI           Framber Valdez
23  2025-07-22  ARI      HOU        Eduardo Rodríguez
24  2025-07-22  MIL      SEA        Jacob Misiorowski
25  2025-07-22  SEA      MIL            Logan Gilbert
26  2025-07-22  MIN      LAD  Simeon Woods Richardson
27  2025-07-22  LAD      MIN       Yoshinobu Yamamoto
