2025-08-19 10:03:18,540 - INFO -           Date Team Opponent              Player
0   2025-08-19  MIL      CHC        Chad Patrick
1   2025-08-19  CHC      MIL        Matthew Boyd
2   2025-08-19  HOU      DET        Hunter Brown
3   2025-08-19  DET      HOU        Tarik Skubal
4   2025-08-19  STL      MIA    Michael McGreevy
5   2025-08-19  MIA      STL      Edward Cabrera
6   2025-08-19  TOR      PIT        Max Scherzer
7   2025-08-19  PIT      TOR        Mitch Keller
8   2025-08-19  SEA      PHI        Bryce Miller
9   2025-08-19  PHI      SEA  Cristopher Sánchez
10  2025-08-19  NYM      WSN      David Peterson
11  2025-08-19  WSN      NYM          Jake Irvin
12  2025-08-19  BAL      BOS     Tomoyuki Sugano
13  2025-08-19  BOS      BAL      Walker Buehler
14  2025-08-19  CHW      ATL         Shane Smith
15  2025-08-19  ATL      CHW         Bryce Elder
16  2025-08-19  NYY      TBR        Carlos Rodón
17  2025-08-19  TBR      NYY           Shane Baz
18  2025-08-19  TEX      KCR       Merrill Kelly
19  2025-08-19  KCR      TEX           Seth Lugo
20  2025-08-19  ATH      MIN         Jacob Lopez
21  2025-08-19  MIN      ATH            Joe Ryan
22  2025-08-19  LAD      COL       Emmet Sheehan
23  2025-08-19  COL      LAD       Austin Gomber
24  2025-08-19  CIN      LAA       Hunter Greene
25  2025-08-19  LAA      CIN      Kyle Hendricks
26  2025-08-19  CLE      ARI        Tanner Bibee
27  2025-08-19  ARI      CLE   Eduardo Rodríguez
28  2025-08-19  SFG      SDP        Kai-Wei Teng
29  2025-08-19  SDP      SFG        Nick Pivetta
