2025-09-16 11:53:27,877 - INFO -           Date Team Opponent              Player
0   2025-09-16  ATL      WSN         José Suarez
1   2025-09-16  WSN      ATL          Jake Irvin
2   2025-09-16  CLE      DET       Joey Cantillo
3   2025-09-16  DET      CLE          Casey Mize
4   2025-09-16  CHC      PIT         Cade Horton
5   2025-09-16  PIT      CHC         Paul Skenes
6   2025-09-16  ATH      BOS     Jeffrey Springs
7   2025-09-16  BOS      ATH      Connelly Early
8   2025-09-16  ATL      WSN          Chris Sale
9   2025-09-16  WSN      ATL      MacKenzie Gore
10  2025-09-16  SDP      NYM        Michael King
11  2025-09-16  NYM      SDP         Clay Holmes
12  2025-09-16  TOR      TBR        José Berríos
13  2025-09-16  TBR      TOR         Ryan Pepiot
14  2025-09-16  BAL      CHW         Dean Kremer
15  2025-09-16  CHW      BAL         Shane Smith
16  2025-09-16  SEA      KCR       Logan Gilbert
17  2025-09-16  KCR      SEA       Michael Wacha
18  2025-09-16  LAA      MIL          Caden Dana
19  2025-09-16  MIL      LAA      Freddy Peralta
20  2025-09-16  NYY      MIN      Cam Schlittler
21  2025-09-16  MIN      NYY      Zebby Matthews
22  2025-09-16  CIN      STL       Andrew Abbott
23  2025-09-16  STL      CIN    Michael McGreevy
24  2025-09-16  TEX      HOU       Merrill Kelly
25  2025-09-16  HOU      TEX         AJ Blubaugh
26  2025-09-16  MIA      COL          Eury Pérez
27  2025-09-16  COL      MIA       Kyle Freeland
28  2025-09-16  PHI      LAD  Cristopher Sánchez
29  2025-09-16  LAD      PHI       Shohei Ohtani
