2025-07-21 13:09:10,144 - INFO -           Date Team Opponent            Player
0   2025-07-21  BAL      CLE   Tomoyuki Sugano
1   2025-07-21  CLE      BAL      Tanner Bibee
2   2025-07-21  SDP      MIA     Randy Vásquez
3   2025-07-21  MIA      SDP        Eury Pérez
4   2025-07-21  DET      PIT     Jack Flaherty
5   2025-07-21  PIT      DET       Paul Skenes
6   2025-07-21  BOS      PHI    Walker Buehler
7   2025-07-21  PHI      BOS      Zack Wheeler
8   2025-07-21  CIN      WSN      Brady Singer
9   2025-07-21  WSN      CIN        Jake Irvin
10  2025-07-21  NYY      TOR      Carlos Rodón
11  2025-07-21  TOR      NYY     Kevin Gausman
12  2025-07-21  LAA      NYM    Tyler Anderson
13  2025-07-21  NYM      LAA       Kodai Senga
14  2025-07-21  SFG      ATL   Hayden Birdsong
15  2025-07-21  ATL      SFG       Bryce Elder
16  2025-07-21  CHW      TBR        Sean Burke
17  2025-07-21  TBR      CHW         Shane Baz
18  2025-07-21  KCR      CHC      Noah Cameron
19  2025-07-21  CHC      KCR      Ryan Brasier
20  2025-07-21  ATH      TEX       Jacob Lopez
21  2025-07-21  TEX      ATH       Jack Leiter
22  2025-07-21  STL      COL  Michael McGreevy
23  2025-07-21  COL      STL     Austin Gomber
24  2025-07-21  HOU      ARI     Colton Gordon
25  2025-07-21  ARI      HOU        Zac Gallen
26  2025-07-21  MIL      SEA  Brandon Woodruff
27  2025-07-21  SEA      MIL      George Kirby
28  2025-07-21  MIN      LAD       David Festa
29  2025-07-21  LAD      MIN     Shohei Ohtani
