2025-08-22 15:51:05,830 - INFO -           Date Team Opponent               Player
0   2025-08-22  COL      PIT    Antonio Senzatela
1   2025-08-22  PIT      COL     Braxton Ashcraft
2   2025-08-22  WSN      PHI         Cade Cavalli
3   2025-08-22  PHI      WSN       Taijuan Walker
4   2025-08-22  HOU      BAL  Lance McCullers Jr.
5   2025-08-22  BAL      HOU          Cade Povich
6   2025-08-22  BOS      NYY         Brayan Bello
7   2025-08-22  NYY      BOS            Max Fried
8   2025-08-22  KCR      DET         Ryan Bergert
9   2025-08-22  DET      KCR           Casey Mize
10  2025-08-22  NYM      ATL         Nolan McLean
11  2025-08-22  ATL      NYM           Joey Wentz
12  2025-08-22  STL      TBR        Miles Mikolas
13  2025-08-22  TBR      STL        Adrian Houser
14  2025-08-22  MIN      CHW       Zebby Matthews
15  2025-08-22  CHW      MIN         Aaron Civale
16  2025-08-22  CLE      TEX        Slade Cecconi
17  2025-08-22  TEX      CLE       Nathan Eovaldi
18  2025-08-22  SFG      MIL    Carson Whisenhunt
19  2025-08-22  MIL      SFG        Jose Quintana
20  2025-08-22  CIN      ARI         Zack Littell
21  2025-08-22  ARI      CIN          Ryne Nelson
22  2025-08-22  LAD      SDP          Blake Snell
23  2025-08-22  SDP      LAD           Yu Darvish
24  2025-08-22  ATH      SEA         Luis Morales
25  2025-08-22  SEA      ATH            Bryan Woo
