2025-07-19 09:31:48,906 - INFO -           Date Team Opponent               Player
0   2025-07-19  SFG      TOR           Logan Webb
1   2025-07-19  TOR      SFG           Eric Lauer
2   2025-07-19  KCR      MIA        Michael Wacha
3   2025-07-19  MIA      KCR        Cal Quantrill
4   2025-07-19  CIN      NYM        Nick Martinez
5   2025-07-19  NYM      CIN          Clay Holmes
6   2025-07-19  LAA      PHI        Yusei Kikuchi
7   2025-07-19  PHI      LAA       Taijuan Walker
8   2025-07-19  CHW      PIT        Adrian Houser
9   2025-07-19  PIT      CHW         Mike Burrows
10  2025-07-19  SDP      WSN           Yu Darvish
11  2025-07-19  WSN      SDP      Mitchell Parker
12  2025-07-19  BAL      TBR          Dean Kremer
13  2025-07-19  TBR      BAL         Zack Littell
14  2025-07-19  DET      TEX       Keider Montero
15  2025-07-19  TEX      DET         Kumar Rocker
16  2025-07-19  ATH      CLE        Luis Severino
17  2025-07-19  CLE      ATH          Logan Allen
18  2025-07-19  STL      ARI           Sonny Gray
19  2025-07-19  ARI      STL          Ryne Nelson
20  2025-07-19  NYY      ATL          Will Warren
21  2025-07-19  ATL      NYY           Joey Wentz
22  2025-07-19  BOS      CHC         Brayan Bello
23  2025-07-19  CHC      BOS        Shota Imanaga
24  2025-07-19  MIN      COL       Zebby Matthews
25  2025-07-19  COL      MIN    Antonio Senzatela
26  2025-07-19  MIL      LAD       Freddy Peralta
27  2025-07-19  LAD      MIL        Emmet Sheehan
28  2025-07-19  HOU      SEA  Lance McCullers Jr.
29  2025-07-19  SEA      HOU          Logan Evans
