2025-09-20 12:38:35,464 - INFO -           Date Team Opponent           Player
0   2025-09-20  ATL      DET       Joey Wentz
1   2025-09-20  DET      ATL   Keider Montero
2   2025-09-20  CLE      MIN    Slade Cecconi
3   2025-09-20  MIN      CLE         Joe Ryan
4   2025-09-20  WSN      NYM     Cade Cavalli
5   2025-09-20  NYM      WSN     Nolan McLean
6   2025-09-20  CHC      CIN     Javier Assad
7   2025-09-20  CIN      CHC     Zack Littell
8   2025-09-20  NYY      BAL     Carlos Rod칩n
9   2025-09-20  BAL      NYY  Tomoyuki Sugano
10  2025-09-20  BOS      TBR    Kyle Harrison
11  2025-09-20  TBR      BOS    Adrian Houser
12  2025-09-20  MIA      TEX       Adam Mazur
13  2025-09-20  TEX      MIA      Jack Leiter
14  2025-09-20  SDP      CHW       Yu Darvish
15  2025-09-20  CHW      SDP   Yoendrys G칩mez
16  2025-09-20  SEA      HOU     George Kirby
17  2025-09-20  HOU      SEA   Framber Valdez
18  2025-09-20  TOR      KCR     Shane Bieber
19  2025-09-20  KCR      TOR     Noah Cameron
20  2025-09-20  CLE      MIN      Logan Allen
21  2025-09-20  MIN      CLE      Bailey Ober
22  2025-09-20  MIL      STL     Chad Patrick
23  2025-09-20  STL      MIL    Miles Mikolas
24  2025-09-20  PHI      ARI       Aaron Nola
25  2025-09-20  ARI      PHI       Zac Gallen
26  2025-09-20  LAA      COL   Kyle Hendricks
27  2025-09-20  COL      LAA   Germ치n M치rquez
28  2025-09-20  SFG      LAD     Kai-Wei Teng
29  2025-09-20  LAD      SFG    Tyler Glasnow
