2025-09-23 09:33:48,662 - INFO -           Date Team Opponent              Player
0   2025-09-23  TBR      BAL         Ryan Pepiot
1   2025-09-23  BAL      TBR         Dean Kremer
2   2025-09-23  PIT      CIN        Johan Oviedo
3   2025-09-23  CIN      PIT        Brady Singer
4   2025-09-23  DET      CLE        Tarik Skubal
5   2025-09-23  CLE      DET      Gavin Williams
6   2025-09-23  MIA      PHI      Edward Cabrera
7   2025-09-23  PHI      MIA  Cristopher Sánchez
8   2025-09-23  CHW      NYY         Shane Smith
9   2025-09-23  NYY      CHW            Luis Gil
10  2025-09-23  BOS      TOR       Lucas Giolito
11  2025-09-23  TOR      BOS       Kevin Gausman
12  2025-09-23  WSN      ATL           Brad Lord
13  2025-09-23  ATL      WSN     Hurston Waldrep
14  2025-09-23  NYM      CHC      David Peterson
15  2025-09-23  CHC      NYM         Cade Horton
16  2025-09-23  MIN      TEX      Zebby Matthews
17  2025-09-23  TEX      MIN      Patrick Corbin
18  2025-09-23  KCR      LAA         Cole Ragans
19  2025-09-23  LAA      KCR       Sam Aldegheri
20  2025-09-23  LAD      ARI       Shohei Ohtani
21  2025-09-23  ARI      LAD      Brandon Pfaadt
22  2025-09-23  STL      SFG      Andre Pallante
23  2025-09-23  SFG      STL          Logan Webb
24  2025-09-23  HOU      ATH     Cristian Javier
25  2025-09-23  ATH      HOU     Jeffrey Springs
