2025-08-12 15:53:37,083 - INFO -           Date Team Opponent              Player
0   2025-08-12  SEA      BAL        George Kirby
1   2025-08-12  BAL      SEA         Dean Kremer
2   2025-08-12  PHI      CIN       Ranger Suárez
3   2025-08-12  CIN      PHI        Brady Singer
4   2025-08-12  MIA      CLE         Janson Junk
5   2025-08-12  CLE      MIA         Logan Allen
6   2025-08-12  MIN      NYY        Travis Adams
7   2025-08-12  NYY      MIN        Carlos Rodón
8   2025-08-12  CHC      TOR           Ben Brown
9   2025-08-12  TOR      CHC        José Berríos
10  2025-08-12  ATL      NYM     Spencer Strider
11  2025-08-12  NYM      ATL         Clay Holmes
12  2025-08-12  WSN      KCR     Mitchell Parker
13  2025-08-12  KCR      WSN       Michael Wacha
14  2025-08-12  PIT      MIL         Paul Skenes
15  2025-08-12  MIL      PIT      Freddy Peralta
16  2025-08-12  COL      STL       Kyle Freeland
17  2025-08-12  STL      COL  Matthew Liberatore
18  2025-08-12  ARI      TEX  Anthony DeSclafani
19  2025-08-12  TEX      ARI         Jack Leiter
20  2025-08-12  BOS      HOU          Dustin May
21  2025-08-12  HOU      BOS  Spencer Arrighetti
22  2025-08-12  LAD      LAA       Emmet Sheehan
23  2025-08-12  LAA      LAD      Victor Mederos
24  2025-08-12  SDP      SFG       Nestor Cortes
25  2025-08-12  SFG      SDP          Robbie Ray
26  2025-08-12  TBR      ATH           Shane Baz
27  2025-08-12  ATH      TBR         Jacob Lopez
