2025-08-29 16:17:13,094 - INFO -           Date Team Opponent              Player
0   2025-08-29  STL      CIN  Matthew Liberatore
1   2025-08-29  CIN      STL        Zack Littell
2   2025-08-29  ATL      PHI         Bryce Elder
3   2025-08-29  PHI      ATL       Ranger Suárez
4   2025-08-29  TBR      WSN       Adrian Houser
5   2025-08-29  WSN      TBR     Mitchell Parker
6   2025-08-29  MIL      TOR      Freddy Peralta
7   2025-08-29  TOR      MIL        Shane Bieber
8   2025-08-29  PIT      BOS         Paul Skenes
9   2025-08-29  BOS      PIT        Payton Tolle
10  2025-08-29  SEA      CLE        George Kirby
11  2025-08-29  CLE      SEA         Logan Allen
12  2025-08-29  MIA      NYM          Eury Pérez
13  2025-08-29  NYM      MIA          Jonah Tong
14  2025-08-29  NYY      CHW        Carlos Rodón
15  2025-08-29  CHW      NYY      Yoendrys Gómez
16  2025-08-29  LAA      HOU      Tyler Anderson
17  2025-08-29  HOU      LAA     Cristian Javier
18  2025-08-29  DET      KCR       Chris Paddack
19  2025-08-29  KCR      DET           Seth Lugo
20  2025-08-29  SDP      MIN       Nestor Cortes
21  2025-08-29  MIN      SDP      Zebby Matthews
22  2025-08-29  CHC      COL         Cade Horton
23  2025-08-29  COL      CHC      Germán Márquez
24  2025-08-29  TEX      ATH         Jack Leiter
25  2025-08-29  ATH      TEX     Jeffrey Springs
26  2025-08-29  ARI      LAD          Zac Gallen
27  2025-08-29  LAD      ARI         Blake Snell
28  2025-08-29  BAL      SFG         Dean Kremer
29  2025-08-29  SFG      BAL          Robbie Ray
