2025-08-30 14:32:00,881 - INFO -           Date Team Opponent              Player
0   2025-08-30  MIL      TOR      Quinn Priester
1   2025-08-30  TOR      MIL       Kevin Gausman
2   2025-08-30  TBR      WSN         Ryan Pepiot
3   2025-08-30  WSN      TBR          Jake Irvin
4   2025-08-30  PIT      BOS        Johan Oviedo
5   2025-08-30  BOS      PIT          Dustin May
6   2025-08-30  MIA      NYM      Edward Cabrera
7   2025-08-30  NYM      MIA      David Peterson
8   2025-08-30  ATL      PHI          Chris Sale
9   2025-08-30  PHI      ATL  Cristopher Sánchez
10  2025-08-30  STL      CIN    Michael McGreevy
11  2025-08-30  CIN      STL       Andrew Abbott
12  2025-08-30  NYY      CHW      Cam Schlittler
13  2025-08-30  CHW      NYY         Shane Smith
14  2025-08-30  LAA      HOU      Kyle Hendricks
15  2025-08-30  HOU      LAA  Spencer Arrighetti
16  2025-08-30  SDP      MIN        Nick Pivetta
17  2025-08-30  MIN      SDP         Taj Bradley
18  2025-08-30  SEA      CLE       Logan Gilbert
19  2025-08-30  CLE      SEA      Gavin Williams
20  2025-08-30  DET      KCR       Jack Flaherty
21  2025-08-30  KCR      DET       Stephen Kolek
22  2025-08-30  BAL      SFG       Trevor Rogers
23  2025-08-30  SFG      BAL      Carson Seymour
24  2025-08-30  CHC      COL        Javier Assad
25  2025-08-30  COL      CHC        McCade Brown
26  2025-08-30  ARI      LAD   Eduardo Rodríguez
27  2025-08-30  LAD      ARI       Tyler Glasnow
28  2025-08-30  TEX      ATH       Merrill Kelly
29  2025-08-30  ATH      TEX       Mason Barnett
