2025-09-10 15:33:45,527 - INFO -           Date Team Opponent              Player
0   2025-09-10  MIL      TEX      Freddy Peralta
1   2025-09-10  TEX      MIL       Merrill Kelly
2   2025-09-10  BOS      ATH        Payton Tolle
3   2025-09-10  ATH      BOS       Mason Barnett
4   2025-09-10  ARI      SFG   Eduardo Rodríguez
5   2025-09-10  SFG      ARI      Carson Seymour
6   2025-09-10  MIN      LAA         Taj Bradley
7   2025-09-10  LAA      MIN          José Ureña
8   2025-09-10  PIT      BAL         Paul Skenes
9   2025-09-10  BAL      PIT         Tyler Wells
10  2025-09-10  KCR      CLE     Jonathan Bowlan
11  2025-09-10  CLE      KCR         Logan Allen
12  2025-09-10  WSN      MIA          Jake Irvin
13  2025-09-10  MIA      WSN          Eury Pérez
14  2025-09-10  NYM      PHI         Clay Holmes
15  2025-09-10  PHI      NYM  Cristopher Sánchez
16  2025-09-10  DET      NYY       Jack Flaherty
17  2025-09-10  NYY      DET        Carlos Rodón
18  2025-09-10  HOU      TOR     Jason Alexander
19  2025-09-10  TOR      HOU        José Berríos
20  2025-09-10  TBR      CHW         Griffin Jax
21  2025-09-10  CHW      TBR          Sean Burke
22  2025-09-10  CIN      SDP       Andrew Abbott
23  2025-09-10  SDP      CIN        Nick Pivetta
24  2025-09-10  STL      SEA    Michael McGreevy
25  2025-09-10  SEA      STL       Logan Gilbert
26  2025-09-10  COL      LAD       Kyle Freeland
27  2025-09-10  LAD      COL         Blake Snell
