2025-08-02 10:42:07,263 - INFO -           Date Team Opponent            Player
0   2025-08-02  LAD      TBR       Blake Snell
1   2025-08-02  TBR      LAD    Drew Rasmussen
2   2025-08-02  BAL      CHC   Tomoyuki Sugano
3   2025-08-02  CHC      BAL      Matthew Boyd
4   2025-08-02  KCR      TOR      Noah Cameron
5   2025-08-02  TOR      KCR      Max Scherzer
6   2025-08-02  PIT      COL       Paul Skenes
7   2025-08-02  COL      PIT     Austin Gomber
8   2025-08-02  DET      PHI      Tarik Skubal
9   2025-08-02  PHI      DET      Zack Wheeler
10  2025-08-02  MIL      WSN  Brandon Woodruff
11  2025-08-02  WSN      MIL        Jake Irvin
12  2025-08-02  HOU      BOS     Colton Gordon
13  2025-08-02  BOS      HOU    Walker Buehler
14  2025-08-02  MIN      CLE       Bailey Ober
15  2025-08-02  CLE      MIN      Tanner Bibee
16  2025-08-02  NYY      MIA    Cam Schlittler
17  2025-08-02  MIA      NYY        Eury Pérez
18  2025-08-02  SFG      NYM      Kai-Wei Teng
19  2025-08-02  NYM      SFG       Kodai Senga
20  2025-08-02  TEX      SEA     Merrill Kelly
21  2025-08-02  SEA      TEX     Luis Castillo
22  2025-08-02  ATL      CIN   Spencer Strider
23  2025-08-02  CIN      ATL       Chase Burns
24  2025-08-02  ARI      ATH        Zac Gallen
25  2025-08-02  ATH      ARI         J.T. Ginn
26  2025-08-02  CHW      LAA      Aaron Civale
27  2025-08-02  LAA      CHW    Kyle Hendricks
28  2025-08-02  STL      SDP  Michael McGreevy
29  2025-08-02  SDP      STL     Randy Vásquez
