2025-08-20 11:20:14,421 - INFO -           Date Team Opponent              Player
0   2025-08-20  MIL      CHC        Chad Patrick
1   2025-08-20  CHC      MIL        Matthew Boyd
2   2025-08-20  HOU      DET        Hunter Brown
3   2025-08-20  DET      HOU        Tarik Skubal
4   2025-08-20  STL      MIA    Michael McGreevy
5   2025-08-20  MIA      STL      Edward Cabrera
6   2025-08-20  TOR      PIT        Max Scherzer
7   2025-08-20  PIT      TOR        Mitch Keller
8   2025-08-20  SEA      PHI        Bryce Miller
9   2025-08-20  PHI      SEA  Cristopher Sánchez
10  2025-08-20  NYM      WSN      David Peterson
11  2025-08-20  WSN      NYM          Jake Irvin
12  2025-08-20  BAL      BOS     Tomoyuki Sugano
13  2025-08-20  BOS      BAL      Walker Buehler
14  2025-08-20  CHW      ATL         Shane Smith
15  2025-08-20  ATL      CHW         Bryce Elder
16  2025-08-20  NYY      TBR        Carlos Rodón
17  2025-08-20  TBR      NYY           Shane Baz
18  2025-08-20  TEX      KCR       Merrill Kelly
19  2025-08-20  KCR      TEX           Seth Lugo
20  2025-08-20  ATH      MIN         Jacob Lopez
21  2025-08-20  MIN      ATH            Joe Ryan
22  2025-08-20  LAD      COL       Emmet Sheehan
23  2025-08-20  COL      LAD       Austin Gomber
24  2025-08-20  CIN      LAA       Hunter Greene
25  2025-08-20  LAA      CIN      Kyle Hendricks
26  2025-08-20  CLE      ARI        Tanner Bibee
27  2025-08-20  ARI      CLE   Eduardo Rodríguez
28  2025-08-20  SFG      SDP        Kai-Wei Teng
29  2025-08-20  SDP      SFG        Nick Pivetta
