2025-07-25 11:19:18,548 - INFO -           Date Team Opponent           Player
0   2025-07-25  MIA      MIL    Cal Quantrill
1   2025-07-25  MIL      MIA   Freddy Peralta
2   2025-07-25  ARI      PIT      Ryne Nelson
3   2025-07-25  PIT      ARI     Mike Burrows
4   2025-07-25  COL      BAL    Kyle Freeland
5   2025-07-25  BAL      COL      Dean Kremer
6   2025-07-25  PHI      NYY   Taijuan Walker
7   2025-07-25  NYY      PHI      Will Warren
8   2025-07-25  LAD      BOS    Emmet Sheehan
9   2025-07-25  BOS      LAD     Brayan Bello
10  2025-07-25  TBR      CIN     Zack Littell
11  2025-07-25  CIN      TBR    Nick Martinez
12  2025-07-25  TOR      DET     José Berríos
13  2025-07-25  DET      TOR   Keider Montero
14  2025-07-25  SDP      STL     Nick Pivetta
15  2025-07-25  STL      SDP    Miles Mikolas
16  2025-07-25  CHC      CHW    Shota Imanaga
17  2025-07-25  CHW      CHC    Adrian Houser
18  2025-07-25  ATL      TEX       Joey Wentz
19  2025-07-25  TEX      ATL   Nathan Eovaldi
20  2025-07-25  ATH      HOU  Jeffrey Springs
21  2025-07-25  HOU      ATH       Ryan Gusto
22  2025-07-25  CLE      KCR   Gavin Williams
23  2025-07-25  KCR      CLE    Michael Wacha
24  2025-07-25  WSN      MIN   MacKenzie Gore
25  2025-07-25  MIN      WSN   Zebby Matthews
26  2025-07-25  SEA      LAA        Bryan Woo
27  2025-07-25  LAA      SEA     José Soriano
28  2025-07-25  NYM      SFG      Clay Holmes
29  2025-07-25  SFG      NYM       Logan Webb
