2025-08-15 16:57:41,593 - INFO -           Date Team Opponent             Player
0   2025-08-14  SEA      BAL        Logan Evans
1   2025-08-14  BAL      SEA    Tomoyuki Sugano
2   2025-08-14  CHC      TOR       Matthew Boyd
3   2025-08-14  TOR      CHC       Max Scherzer
4   2025-08-14  MIA      CLE     Edward Cabrera
5   2025-08-14  CLE      MIA       Tanner Bibee
6   2025-08-14  PHI      WSN      Jesús Luzardo
7   2025-08-14  WSN      PHI          Brad Lord
8   2025-08-14  ATL      NYM        Bryce Elder
9   2025-08-14  NYM      ATL        Kodai Senga
10  2025-08-14  DET      MIN       Tarik Skubal
11  2025-08-14  MIN      DET        Bailey Ober
12  2025-08-14  ARI      COL  Eduardo Rodríguez
13  2025-08-14  COL      ARI    Bradley Blalock
2025-08-15 17:00:58,428 - INFO -           Date Team Opponent             Player
0   2025-08-15  PIT      CHC   Braxton Ashcraft
1   2025-08-15  CHC      PIT          Colin Rea
2   2025-08-15  MIL      CIN  Jacob Misiorowski
3   2025-08-15  CIN      MIL      Nick Martinez
4   2025-08-15  PHI      WSN       Zack Wheeler
5   2025-08-15  WSN      PHI     MacKenzie Gore
6   2025-08-15  TEX      TOR       Jacob deGrom
7   2025-08-15  TOR      TEX      Chris Bassitt
8   2025-08-15  MIA      BOS    Sandy Alcantara
9   2025-08-15  BOS      MIA      Lucas Giolito
10  2025-08-15  ATL      CLE    Hurston Waldrep
11  2025-08-15  CLE      ATL      Joey Cantillo
12  2025-08-15  SEA      NYM      Luis Castillo
13  2025-08-15  NYM      SEA        Sean Manaea
14  2025-08-15  BAL      HOU      Brandon Young
15  2025-08-15  HOU      BAL     Framber Valdez
16  2025-08-15  CHW      KCR       Aaron Civale
17  2025-08-15  KCR      CHW       Noah Cameron
18  2025-08-15  DET      MIN     Charlie Morton
19  2025-08-15  MIN      DET        Pierson Ohl
20  2025-08-15  NYY      STL           Luis Gil
21  2025-08-15  STL      NYY     Andre Pallante
22  2025-08-15  ARI      COL     Brandon Pfaadt
23  2025-08-15  COL      ARI      Tanner Gordon
24  2025-08-15  LAA      ATH      Yusei Kikuchi
25  2025-08-15  ATH      LAA       Jack Perkins
26  2025-08-15  TBR      SFG          Joe Boyle
27  2025-08-15  SFG      TBR       Landen Roupp
28  2025-08-15  LAD      SDP    Clayton Kershaw
29  2025-08-15  SDP      LAD       Michael King
