2025-07-29 16:14:49,031 - INFO -           Date Team Opponent            Player
0   2025-07-29  TOR      BAL      Easton Lucas
1   2025-07-29  BAL      TOR    Charlie Morton
2   2025-07-29  COL      CLE     Tanner Gordon
3   2025-07-29  CLE      COL       Logan Allen
4   2025-07-29  ARI      DET    Brandon Pfaadt
5   2025-07-29  DET      ARI        Casey Mize
6   2025-07-29  TBR      NYY         Joe Boyle
7   2025-07-29  NYY      TBR         Max Fried
8   2025-07-29  LAD      CIN     Tyler Glasnow
9   2025-07-29  CIN      LAD       Nick Lodolo
10  2025-07-29  PHI      CHW     Jesús Luzardo
11  2025-07-29  CHW      PHI   Jonathan Cannon
12  2025-07-29  ATL      KCR       Erick Fedde
13  2025-07-29  KCR      ATL         Seth Lugo
14  2025-07-29  CHC      MIL         Colin Rea
15  2025-07-29  MIL      CHC    Quinn Priester
16  2025-07-29  MIA      STL   Sandy Alcantara
17  2025-07-29  STL      MIA        Sonny Gray
18  2025-07-29  WSN      HOU    Michael Soroka
19  2025-07-29  HOU      WSN   Jason Alexander
20  2025-07-29  TEX      LAA    Patrick Corbin
21  2025-07-29  LAA      TEX     Yusei Kikuchi
22  2025-07-29  NYM      SDP       Sean Manaea
23  2025-07-29  SDP      NYM      Ryan Bergert
24  2025-07-29  PIT      SFG     Bailey Falter
25  2025-07-29  SFG      PIT  Justin Verlander
26  2025-07-29  SEA      ATH       Logan Evans
27  2025-07-29  ATH      SEA     Luis Severino
28  2025-07-29  BOS      MIN      Luis Giolito
29  2025-07-29  MIN      BOS       Pierson Ohl
