2025-08-04 13:55:13,818 - INFO -           Date Team Opponent            Player
0   2025-08-04  HOU      MIA   Jason Alexander
1   2025-08-04  MIA      HOU   Sandy Alcantara
2   2025-08-04  SFG      PIT  Justin Verlander
3   2025-08-04  PIT      SFG      Johan Oviedo
4   2025-08-04  BAL      PHI       Cade Povich
5   2025-08-04  PHI      BAL     Jesús Luzardo
6   2025-08-04  KCR      BOS     Bailey Falter
7   2025-08-04  BOS      KCR      Brayan Bello
8   2025-08-04  CLE      NYM     Slade Cecconi
9   2025-08-04  NYM      CLE       Sean Manaea
10  2025-08-04  MIL      ATL    Quinn Priester
11  2025-08-04  ATL      MIL       Erick Fedde
12  2025-08-04  CIN      CHC       Nick Lodolo
13  2025-08-04  CHC      CIN    Michael Soroka
14  2025-08-04  NYY      TEX         Max Fried
15  2025-08-04  TEX      NYY    Patrick Corbin
16  2025-08-04  TOR      COL        Eric Lauer
17  2025-08-04  COL      TOR     Tanner Gordon
18  2025-08-04  TBR      LAA     Adrian Houser
19  2025-08-04  LAA      TBR     Yusei Kikuchi
20  2025-08-04  SDP      ARI          JP Sears
21  2025-08-04  ARI      SDP    Brandon Pfaadt
22  2025-08-04  STL      LAD        Sonny Gray
23  2025-08-04  LAD      STL     Tyler Glasnow
24  2025-08-04  DET      MIN        Casey Mize
25  2025-08-04  MIN      DET      Travis Adams
