2025-09-14 11:56:16,174 - INFO -           Date Team Opponent           Player
0   2025-09-14  PIT      WSN     Mike Burrows
1   2025-09-14  WSN      PIT     Cade Cavalli
2   2025-09-14  HOU      ATL   Framber Valdez
3   2025-09-14  ATL      HOU       Joey Wentz
4   2025-09-14  KCR      PHI     Noah Cameron
5   2025-09-14  PHI      KCR       Aaron Nola
6   2025-09-14  BAL      TOR    Albert Suárez
7   2025-09-14  TOR      BAL     Shane Bieber
8   2025-09-14  CHW      CLE   Yoendrys Gómez
9   2025-09-14  CLE      CHW    Slade Cecconi
10  2025-09-14  TEX      NYM       Jacob Latz
11  2025-09-14  NYM      TEX     Nolan McLean
12  2025-09-14  STL      MIL    Miles Mikolas
13  2025-09-14  MIL      STL    Jose Quintana
14  2025-09-14  ARI      MIN   Nabil Crismatt
15  2025-09-14  MIN      ARI      Bailey Ober
16  2025-09-14  TBR      CHC    Adrian Houser
17  2025-09-14  CHC      TBR    Shota Imanaga
18  2025-09-14  CIN      ATH      Nick Lodolo
19  2025-09-14  ATH      CIN     Luis Morales
20  2025-09-14  LAD      SFG    Tyler Glasnow
21  2025-09-14  SFG      LAD       Robbie Ray
22  2025-09-14  COL      SDP   Germán Márquez
23  2025-09-14  SDP      COL       Yu Darvish
24  2025-09-14  LAA      SEA   Kyle Hendricks
25  2025-09-14  SEA      LAA     George Kirby
26  2025-09-14  NYY      BOS      Will Warren
27  2025-09-14  BOS      NYY  Garrett Crochet
2025-09-14 11:58:06,951 - INFO -           Date Team Opponent           Player
0   2025-09-14  PIT      WSN     Mike Burrows
1   2025-09-14  WSN      PIT     Cade Cavalli
2   2025-09-14  HOU      ATL   Framber Valdez
3   2025-09-14  ATL      HOU       Joey Wentz
4   2025-09-14  KCR      PHI     Noah Cameron
5   2025-09-14  PHI      KCR       Aaron Nola
6   2025-09-14  BAL      TOR    Albert Suárez
7   2025-09-14  TOR      BAL     Shane Bieber
8   2025-09-14  CHW      CLE   Yoendrys Gómez
9   2025-09-14  CLE      CHW    Slade Cecconi
10  2025-09-14  TEX      NYM       Jacob Latz
11  2025-09-14  NYM      TEX     Nolan McLean
12  2025-09-14  STL      MIL    Miles Mikolas
13  2025-09-14  MIL      STL    Jose Quintana
14  2025-09-14  ARI      MIN   Nabil Crismatt
15  2025-09-14  MIN      ARI      Bailey Ober
16  2025-09-14  TBR      CHC    Adrian Houser
17  2025-09-14  CHC      TBR    Shota Imanaga
18  2025-09-14  CIN      ATH      Nick Lodolo
19  2025-09-14  ATH      CIN     Luis Morales
20  2025-09-14  LAD      SFG    Tyler Glasnow
21  2025-09-14  SFG      LAD       Robbie Ray
22  2025-09-14  COL      SDP   Germán Márquez
23  2025-09-14  SDP      COL       Yu Darvish
24  2025-09-14  LAA      SEA   Kyle Hendricks
25  2025-09-14  SEA      LAA     George Kirby
26  2025-09-14  NYY      BOS      Will Warren
27  2025-09-14  BOS      NYY  Garrett Crochet
28  2025-09-14  MIA      DET       Adam Mazur
29  2025-09-14  DET      MIA   Keider Montero
