2025-08-14 16:04:36,484 - INFO -           Date Team Opponent             Player
0   2025-08-14  SEA      BAL        Logan Evans
1   2025-08-14  BAL      SEA    Tomoyuki Sugano
2   2025-08-14  CHC      TOR       Matthew Boyd
3   2025-08-14  TOR      CHC       Max Scherzer
4   2025-08-14  MIA      CLE     Edward Cabrera
5   2025-08-14  CLE      MIA       Tanner Bibee
6   2025-08-14  PHI      WSN      Jesús Luzardo
7   2025-08-14  WSN      PHI          Brad Lord
8   2025-08-14  ATL      NYM        Bryce Elder
9   2025-08-14  NYM      ATL        Kodai Senga
10  2025-08-14  DET      MIN       Tarik Skubal
11  2025-08-14  MIN      DET        Bailey Ober
12  2025-08-14  ARI      COL  Eduardo Rodríguez
13  2025-08-14  COL      ARI    Bradley Blalock
2025-08-14 16:07:09,167 - INFO -           Date Team Opponent             Player
0   2025-08-14  SEA      BAL        Logan Evans
1   2025-08-14  BAL      SEA    Tomoyuki Sugano
2   2025-08-14  CHC      TOR       Matthew Boyd
3   2025-08-14  TOR      CHC       Max Scherzer
4   2025-08-14  MIA      CLE     Edward Cabrera
5   2025-08-14  CLE      MIA       Tanner Bibee
6   2025-08-14  PHI      WSN      Jesús Luzardo
7   2025-08-14  WSN      PHI          Brad Lord
8   2025-08-14  ATL      NYM        Bryce Elder
9   2025-08-14  NYM      ATL        Kodai Senga
10  2025-08-14  DET      MIN       Tarik Skubal
11  2025-08-14  MIN      DET        Bailey Ober
12  2025-08-14  ARI      COL  Eduardo Rodríguez
13  2025-08-14  COL      ARI    Bradley Blalock
2025-08-14 16:19:45,630 - INFO -           Date Team Opponent             Player
0   2025-08-14  SEA      BAL        Logan Evans
1   2025-08-14  BAL      SEA    Tomoyuki Sugano
2   2025-08-14  CHC      TOR       Matthew Boyd
3   2025-08-14  TOR      CHC       Max Scherzer
4   2025-08-14  MIA      CLE     Edward Cabrera
5   2025-08-14  CLE      MIA       Tanner Bibee
6   2025-08-14  PHI      WSN      Jesús Luzardo
7   2025-08-14  WSN      PHI          Brad Lord
8   2025-08-14  ATL      NYM        Bryce Elder
9   2025-08-14  NYM      ATL        Kodai Senga
10  2025-08-14  DET      MIN       Tarik Skubal
11  2025-08-14  MIN      DET        Bailey Ober
12  2025-08-14  ARI      COL  Eduardo Rodríguez
13  2025-08-14  COL      ARI    Bradley Blalock
2025-08-14 16:24:59,144 - INFO -           Date Team Opponent             Player
0   2025-08-14  SEA      BAL        Logan Evans
1   2025-08-14  BAL      SEA    Tomoyuki Sugano
2   2025-08-14  CHC      TOR       Matthew Boyd
3   2025-08-14  TOR      CHC       Max Scherzer
4   2025-08-14  MIA      CLE     Edward Cabrera
5   2025-08-14  CLE      MIA       Tanner Bibee
6   2025-08-14  PHI      WSN      Jesús Luzardo
7   2025-08-14  WSN      PHI          Brad Lord
8   2025-08-14  ATL      NYM        Bryce Elder
9   2025-08-14  NYM      ATL        Kodai Senga
10  2025-08-14  DET      MIN       Tarik Skubal
11  2025-08-14  MIN      DET        Bailey Ober
12  2025-08-14  ARI      COL  Eduardo Rodríguez
13  2025-08-14  COL      ARI    Bradley Blalock
2025-08-14 16:25:55,334 - INFO -           Date Team Opponent             Player
0   2025-08-14  SEA      BAL        Logan Evans
1   2025-08-14  BAL      SEA    Tomoyuki Sugano
2   2025-08-14  CHC      TOR       Matthew Boyd
3   2025-08-14  TOR      CHC       Max Scherzer
4   2025-08-14  MIA      CLE     Edward Cabrera
5   2025-08-14  CLE      MIA       Tanner Bibee
6   2025-08-14  PHI      WSN      Jesús Luzardo
7   2025-08-14  WSN      PHI          Brad Lord
8   2025-08-14  ATL      NYM        Bryce Elder
9   2025-08-14  NYM      ATL        Kodai Senga
10  2025-08-14  DET      MIN       Tarik Skubal
11  2025-08-14  MIN      DET        Bailey Ober
12  2025-08-14  ARI      COL  Eduardo Rodríguez
13  2025-08-14  COL      ARI    Bradley Blalock
