2025-08-03 12:37:43,185 - INFO -           Date Team Opponent               Player
0   2025-08-02  LAD      TBR   Yoshinobu Yamamoto
1   2025-08-02  TBR      LAD            Joe Boyle
2   2025-08-02  BAL      CHC        Brandon Young
3   2025-08-02  CHC      BAL            Colin Rea
4   2025-08-02  KCR      TOR            Seth Lugo
5   2025-08-02  TOR      KCR        Chris Bassitt
6   2025-08-02  PIT      COL         Mitch Keller
7   2025-08-02  COL      PIT      Bradley Blalock
8   2025-08-02  DET      PHI       Charlie Morton
9   2025-08-02  PHI      DET  Christopher Sánchez
10  2025-08-02  MIL      WSN      Logan Henderson
11  2025-08-02  WSN      MIL            Brad Lord
12  2025-08-02  HOU      BOS       Framber Valdez
13  2025-08-02  BOS      HOU         Luis Giolito
14  2025-08-02  MIN      CLE        Joey Cantillo
15  2025-08-02  CLE      MIN           Jose Urena
16  2025-08-02  NYY      MIA             Luis Gil
17  2025-08-02  MIA      NYY       Edward Cabrera
18  2025-08-02  SFG      NYM    Carson Whisenhunt
19  2025-08-02  NYM      SFG       Frankie Montas
20  2025-08-02  TEX      SEA         Jacob deGrom
21  2025-08-02  SEA      TEX          Logan Evans
22  2025-08-02  ARI      ATH    Eduardo Rodriguez
23  2025-08-02  ATH      ARI         Jack Perkins
24  2025-08-02  CHW      LAA           Sean Burke
25  2025-08-02  LAA      CHW     Jack Kochanowicz
26  2025-08-02  STL      SDP       Andre Pallante
27  2025-08-02  SDP      STL          Dylan Cease
