2025-08-16 13:53:07,165 - INFO -           Date Team Opponent            Player
0   2025-08-16  PIT      CHC      Mike Burrows
1   2025-08-16  CHC      PIT     Shota Imanaga
2   2025-08-16  TEX      TOR    Patrick Corbin
3   2025-08-16  TOR      TEX        Eric Lauer
4   2025-08-16  PHI      WSN    Taijuan Walker
5   2025-08-16  WSN      PHI      Cade Cavalli
6   2025-08-16  MIA      BOS     Cal Quantrill
7   2025-08-16  BOS      MIA      Brayan Bello
8   2025-08-16  SEA      NYM         Bryan Woo
9   2025-08-16  NYM      SEA      Nolan McLean
10  2025-08-16  MIL      CIN    Quinn Priester
11  2025-08-16  CIN      MIL      Zack Littell
12  2025-08-16  ATL      CLE        Joey Wentz
13  2025-08-16  CLE      ATL     Slade Cecconi
14  2025-08-16  BAL      HOU       Rico Garcia
15  2025-08-16  HOU      BAL   Jason Alexander
16  2025-08-16  CHW      KCR        Sean Burke
17  2025-08-16  KCR      CHW  Michael Lorenzen
18  2025-08-16  DET      MIN        Casey Mize
19  2025-08-16  MIN      DET    Zebby Matthews
20  2025-08-16  NYY      STL         Max Fried
21  2025-08-16  STL      NYY        Sonny Gray
22  2025-08-16  ARI      COL       Ryne Nelson
23  2025-08-16  COL      ARI   Chase Dollander
24  2025-08-16  TBR      SFG     Adrian Houser
25  2025-08-16  SFG      TBR  Justin Verlander
26  2025-08-16  SDP      LAD       Dylan Cease
27  2025-08-16  LAD      SDP       Blake Snell
28  2025-08-16  LAA      ATH    Tyler Anderson
29  2025-08-16  ATH      LAA      Luis Morales
