2025-08-28 12:41:53,345 - INFO -           Date Team Opponent                   Player
0   2025-08-27  WSN      NYY             Cade Cavalli
1   2025-08-27  NYY      WSN                Max Fried
2   2025-08-27  TBR      CLE           Drew Rasmussen
3   2025-08-27  CLE      TBR            Slade Cecconi
4   2025-08-27  ATL      MIA               Joey Wentz
5   2025-08-27  MIA      ATL               Ryan Gusto
6   2025-08-27  SDP      SEA               Yu Darvish
7   2025-08-27  SEA      SDP                Bryan Woo
8   2025-08-27  BOS      BAL             Brayan Bello
9   2025-08-27  BAL      BOS            Dietrich Enns
10  2025-08-27  MIN      TOR  Simeon Woods Richardson
11  2025-08-27  TOR      MIN               Eric Lauer
12  2025-08-27  PHI      NYM           Taijuan Walker
13  2025-08-27  NYM      PHI             Nolan McLean
14  2025-08-27  KCR      CHW             Ryan Bergert
15  2025-08-27  CHW      KCR             Aaron Civale
16  2025-08-27  ARI      MIL              Ryne Nelson
17  2025-08-27  MIL      ARI           Quinn Priester
18  2025-08-27  PIT      STL        Carmen Mlodzinski
19  2025-08-27  STL      PIT               Sonny Gray
20  2025-08-27  LAA      TEX         Jack Kochanowicz
21  2025-08-27  TEX      LAA               Jacob Latz
22  2025-08-27  COL      HOU          Chase Dollander
23  2025-08-27  HOU      COL           Framber Valdez
24  2025-08-27  CIN      LAD              Nick Lodolo
25  2025-08-27  LAD      CIN            Shohei Ohtani
26  2025-08-27  CHC      SFG                Colin Rea
27  2025-08-27  SFG      CHC        Carson Whisenhunt
28  2025-08-27  DET      ATH               Casey Mize
29  2025-08-27  ATH      DET             Luis Morales
2025-08-28 12:43:47,583 - INFO -           Date Team Opponent            Player
0   2025-08-28  BOS      BAL   Garrett Crochet
1   2025-08-28  BAL      BOS       Cade Povich
2   2025-08-28  COL      HOU     Kyle Freeland
3   2025-08-28  HOU      COL   Jason Alexander
4   2025-08-28  ARI      MIL    Nabil Crismatt
5   2025-08-28  MIL      ARI     Jose Quintana
6   2025-08-28  PIT      STL  Braxton Ashcraft
7   2025-08-28  STL      PIT     Miles Mikolas
8   2025-08-28  CHC      SFG     Shota Imanaga
9   2025-08-28  SFG      CHC        Logan Webb
10  2025-08-28  ATL      PHI     Cal Quantrill
11  2025-08-28  PHI      ATL        Aaron Nola
12  2025-08-28  NYY      CHW       Will Warren
13  2025-08-28  CHW      NYY      Davis Martin
14  2025-08-28  MIA      NYM        Adam Mazur
15  2025-08-28  NYM      MIA       Clay Holmes
