2025-09-25 12:53:23,818 - INFO -           Date Team Opponent              Player
0   2025-09-25  PIT      CIN    Braxton Ashcraft
1   2025-09-25  CIN      PIT         Nick Lodolo
2   2025-09-25  TBR      BAL      Drew Rasmussen
3   2025-09-25  BAL      TBR         Cade Povich
4   2025-09-25  MIN      TEX         Bailey Ober
5   2025-09-25  TEX      MIN         Tyler Mahle
6   2025-09-25  HOU      ATH      Framber Valdez
7   2025-09-25  ATH      HOU           J.T. Ginn
8   2025-09-25  LAD      ARI  Yoshinobu Yamamoto
9   2025-09-25  ARI      LAD         Jalen Beeks
10  2025-09-25  MIA      PHI         Janson Junk
11  2025-09-25  PHI      MIA      Walker Buehler
12  2025-09-25  DET      CLE         Troy Melton
13  2025-09-25  CLE      DET      Parker Messick
14  2025-09-25  CHW      NYY        Davis Martin
15  2025-09-25  NYY      CHW        Carlos Rodón
16  2025-09-25  BOS      TOR        Brayan Bello
17  2025-09-25  TOR      BOS       Louis Varland
18  2025-09-25  NYM      CHC        Nolan McLean
19  2025-09-25  CHC      NYM       Shota Imanaga
20  2025-09-25  KCR      LAA    Michael Lorenzen
21  2025-09-25  LAA      KCR        Mitch Farris
22  2025-09-25  COL      SEA     Bradley Blalock
23  2025-09-25  SEA      COL           Bryan Woo
