2025-08-17 13:00:55,739 - INFO -           Date Team Opponent             Player
0   2025-08-17  PHI      WSN         Aaron Nola
1   2025-08-17  WSN      PHI    Mitchell Parker
2   2025-08-17  MIA      BOS        Janson Junk
3   2025-08-17  BOS      MIA    Garrett Crochet
4   2025-08-17  TEX      TOR     Nathan Eovaldi
5   2025-08-17  TOR      TEX       José Berríos
6   2025-08-17  MIL      CIN      Jose Quintana
7   2025-08-17  CIN      MIL      Andrew Abbott
8   2025-08-17  ATL      CLE        Erick Fedde
9   2025-08-17  CLE      ATL        Logan Allen
10  2025-08-17  BAL      HOU        Dean Kremer
11  2025-08-17  HOU      BAL    Cristian Javier
12  2025-08-17  CHW      KCR       Davis Martin
13  2025-08-17  KCR      CHW       Ryan Bergert
14  2025-08-17  NYY      STL        Will Warren
15  2025-08-17  STL      NYY      Miles Mikolas
16  2025-08-17  PIT      CHC  Carmen Mlodzinski
17  2025-08-17  CHC      PIT       Javier Assad
18  2025-08-17  LAA      ATH       José Soriano
19  2025-08-17  ATH      LAA    Jeffrey Springs
20  2025-08-17  TBR      SFG        Ryan Pepiot
21  2025-08-17  SFG      TBR         Logan Webb
22  2025-08-17  SDP      LAD         Yu Darvish
23  2025-08-17  LAD      SDP      Tyler Glasnow
24  2025-08-17  SEA      NYM       George Kirby
25  2025-08-17  NYM      SEA        Clay Holmes
26  2025-08-17  ARI      COL     Nabil Crismatt
27  2025-08-17  COL      ARI  Antonio Senzatela
28  2025-08-17  DET      MIN      Chris Paddack
29  2025-08-17  MIN      DET       Thomas Hatch
