2025-08-11 12:05:58,437 - INFO -           Date Team Opponent              Player
0   2025-08-11  PHI      CIN      Taijuan Walker
1   2025-08-11  CIN      PHI       Andrew Abbott
2   2025-08-11  MIN      NYY      Zebby Matthews
3   2025-08-11  NYY      MIN         Will Warren
4   2025-08-11  DET      CHW       Chris Paddack
5   2025-08-11  CHW      DET       Elvis Peguero
6   2025-08-11  WSN      KCR        Cade Cavalli
7   2025-08-11  KCR      WSN       Bailey Falter
8   2025-08-11  PIT      MIL       Andrew Heaney
9   2025-08-11  MIL      PIT       Jose Quintana
10  2025-08-11  ARI      TEX         Ryne Nelson
11  2025-08-11  TEX      ARI      Nathan Eovaldi
12  2025-08-11  BOS      HOU     Garrett Crochet
13  2025-08-11  HOU      BOS     Cristian Javier
14  2025-08-11  LAD      LAA  Yoshinobu Yamamoto
15  2025-08-11  LAA      LAD        José Soriano
16  2025-08-11  SDP      SFG          Yu Darvish
17  2025-08-11  SFG      SDP          Logan Webb
18  2025-08-11  TBR      ATH         Ryan Pepiot
19  2025-08-11  ATH      TBR     Jeffrey Springs
20  2025-08-11  COL      STL     Chase Dollander
21  2025-08-11  STL      COL       Miles Mikolas
