2025-08-01 15:03:55,168 - INFO -           Date Team Opponent              Player
0   2025-08-01  ATL      CIN         Bryce Elder
1   2025-08-01  CIN      ATL        Brady Singer
2   2025-08-01  BAL      CHC       Trevor Rogers
3   2025-08-01  CHC      BAL         Cade Horton
4   2025-08-01  DET      PHI       Jack Flaherty
5   2025-08-01  PHI      DET       Ranger Suárez
6   2025-08-01  MIL      WSN       Jose Quintana
7   2025-08-01  WSN      MIL     Mitchell Parker
8   2025-08-01  HOU      BOS        Hunter Brown
9   2025-08-01  BOS      HOU     Cooper Criswell
10  2025-08-01  MIN      CLE            Joe Ryan
11  2025-08-01  CLE      MIN      Gavin Williams
12  2025-08-01  NYY      MIA        Carlos Rodón
13  2025-08-01  MIA      NYY         Janson Junk
14  2025-08-01  SFG      NYM          Robbie Ray
15  2025-08-01  NYM      SFG      David Peterson
16  2025-08-01  LAD      TBR     Clayton Kershaw
17  2025-08-01  TBR      LAD           Shane Baz
18  2025-08-01  PIT      COL       Andrew Heaney
19  2025-08-01  COL      PIT   Antonio Senzatela
20  2025-08-01  STL      SDP  Matthew Liberatore
21  2025-08-01  SDP      STL        Nick Pivetta
22  2025-08-01  TEX      SEA         Jack Leiter
23  2025-08-01  SEA      TEX       Logan Gilbert
24  2025-08-01  CHW      LAA         Shane Smith
25  2025-08-01  LAA      CHW      Tyler Anderson
