2025-07-26 12:30:45,822 - INFO -           Date Team Opponent              Player
0   2025-07-26  PHI      NYY       Ranger Suárez
1   2025-07-26  NYY      PHI      Marcus Stroman
2   2025-07-26  CLE      KCR      Gavin Williams
3   2025-07-26  KCR      CLE       Michael Wacha
4   2025-07-26  TOR      DET       Kevin Gausman
5   2025-07-26  DET      TOR        Tarik Skubal
6   2025-07-26  TBR      CIN         Ryan Pepiot
7   2025-07-26  CIN      TBR       Andrew Abbott
8   2025-07-26  ARI      PIT       Merrill Kelly
9   2025-07-26  PIT      ARI       Andrew Heaney
10  2025-07-26  COL      BAL   Antonio Senzatela
11  2025-07-26  BAL      COL       Trevor Rogers
12  2025-07-26  ATL      TEX        Grant Holmes
13  2025-07-26  TEX      ATL        Kumar Rocker
14  2025-07-26  CHC      CHW         Cade Horton
15  2025-07-26  CHW      CHC        Aaron Civale
16  2025-07-26  ATH      HOU         Jacob Lopez
17  2025-07-26  HOU      ATH        Hunter Brown
18  2025-07-26  MIA      MIL         Janson Junk
19  2025-07-26  MIL      MIA       Jose Quintana
20  2025-07-26  WSN      MIN     Mitchell Parker
21  2025-07-26  MIN      WSN            Joe Ryan
22  2025-07-26  LAD      BOS     Clayton Kershaw
23  2025-07-26  BOS      LAD     Garrett Crochet
24  2025-07-26  CLE      KCR        Tanner Bibee
25  2025-07-26  KCR      CLE          Kris Bubic
26  2025-07-26  SDP      STL       Randy Vásquez
27  2025-07-26  STL      SDP  Matthew Liberatore
28  2025-07-26  NYM      SFG      David Peterson
29  2025-07-26  SFG      NYM          Robbie Ray
30  2025-07-26  SEA      LAA        George Kirby
31  2025-07-26  LAA      SEA      Tyler Anderson
