2025-09-08 18:39:47,596 - INFO -           Date Team Opponent                   Player
0   2025-09-08  KCR      CLE             Ryan Bergert
1   2025-09-08  CLE      KCR            Slade Cecconi
2   2025-09-08  WSN      MIA             Cade Cavalli
3   2025-09-08  MIA      WSN              Janson Junk
4   2025-09-08  NYM      PHI             Nolan McLean
5   2025-09-08  PHI      NYM               Aaron Nola
6   2025-09-08  CHC      ATL            Shota Imanaga
7   2025-09-08  ATL      CHC              Bryce Elder
8   2025-09-08  MIL      TEX            Jose Quintana
9   2025-09-08  TEX      MIL               Jacob Latz
10  2025-09-08  MIN      LAA  Simeon Woods Richardson
11  2025-09-08  LAA      MIN               Caden Dana
12  2025-09-08  CIN      SDP              Nick Lodolo
13  2025-09-08  SDP      CIN               Yu Darvish
14  2025-09-08  STL      SEA            Miles Mikolas
15  2025-09-08  SEA      STL                Bryan Woo
16  2025-09-08  ARI      SFG           Nabil Crismatt
17  2025-09-08  SFG      ARI               Logan Webb
18  2025-09-08  BOS      ATH          Garrett Crochet
19  2025-09-08  ATH      BOS             Luis Morales
20  2025-09-08  COL      LAD          Chase Dollander
21  2025-09-08  LAD      COL            Tyler Glasnow
2025-09-08 18:40:38,931 - INFO -           Date Team Opponent                   Player
0   2025-09-08  KCR      CLE             Ryan Bergert
1   2025-09-08  CLE      KCR            Slade Cecconi
2   2025-09-08  WSN      MIA             Cade Cavalli
3   2025-09-08  MIA      WSN              Janson Junk
4   2025-09-08  NYM      PHI             Nolan McLean
5   2025-09-08  PHI      NYM               Aaron Nola
6   2025-09-08  CHC      ATL            Shota Imanaga
7   2025-09-08  ATL      CHC              Bryce Elder
8   2025-09-08  MIL      TEX            Jose Quintana
9   2025-09-08  TEX      MIL               Jacob Latz
10  2025-09-08  MIN      LAA  Simeon Woods Richardson
11  2025-09-08  LAA      MIN               Caden Dana
12  2025-09-08  CIN      SDP              Nick Lodolo
13  2025-09-08  SDP      CIN               Yu Darvish
14  2025-09-08  STL      SEA            Miles Mikolas
15  2025-09-08  SEA      STL                Bryan Woo
16  2025-09-08  ARI      SFG           Nabil Crismatt
17  2025-09-08  SFG      ARI               Logan Webb
18  2025-09-08  BOS      ATH          Garrett Crochet
19  2025-09-08  ATH      BOS             Luis Morales
20  2025-09-08  COL      LAD          Chase Dollander
21  2025-09-08  LAD      COL            Tyler Glasnow
2025-09-08 18:43:13,802 - INFO -           Date Team Opponent                   Player
0   2025-09-08  KCR      CLE             Ryan Bergert
1   2025-09-08  CLE      KCR            Slade Cecconi
2   2025-09-08  WSN      MIA             Cade Cavalli
3   2025-09-08  MIA      WSN              Janson Junk
4   2025-09-08  NYM      PHI             Nolan McLean
5   2025-09-08  PHI      NYM               Aaron Nola
6   2025-09-08  CHC      ATL            Shota Imanaga
7   2025-09-08  ATL      CHC              Bryce Elder
8   2025-09-08  MIL      TEX            Jose Quintana
9   2025-09-08  TEX      MIL               Jacob Latz
10  2025-09-08  MIN      LAA  Simeon Woods Richardson
11  2025-09-08  LAA      MIN               Caden Dana
12  2025-09-08  CIN      SDP              Nick Lodolo
13  2025-09-08  SDP      CIN               Yu Darvish
14  2025-09-08  STL      SEA            Miles Mikolas
15  2025-09-08  SEA      STL                Bryan Woo
16  2025-09-08  ARI      SFG           Nabil Crismatt
17  2025-09-08  SFG      ARI               Logan Webb
18  2025-09-08  BOS      ATH          Garrett Crochet
19  2025-09-08  ATH      BOS             Luis Morales
20  2025-09-08  COL      LAD          Chase Dollander
21  2025-09-08  LAD      COL            Tyler Glasnow
2025-09-08 18:47:09,140 - INFO -           Date Team Opponent                   Player
0   2025-09-08  KCR      CLE             Ryan Bergert
1   2025-09-08  CLE      KCR            Slade Cecconi
2   2025-09-08  WSN      MIA             Cade Cavalli
3   2025-09-08  MIA      WSN              Janson Junk
4   2025-09-08  NYM      PHI             Nolan McLean
5   2025-09-08  PHI      NYM               Aaron Nola
6   2025-09-08  CHC      ATL            Shota Imanaga
7   2025-09-08  ATL      CHC              Bryce Elder
8   2025-09-08  MIL      TEX            Jose Quintana
9   2025-09-08  TEX      MIL               Jacob Latz
10  2025-09-08  MIN      LAA  Simeon Woods Richardson
11  2025-09-08  LAA      MIN               Caden Dana
12  2025-09-08  CIN      SDP              Nick Lodolo
13  2025-09-08  SDP      CIN               Yu Darvish
14  2025-09-08  STL      SEA            Miles Mikolas
15  2025-09-08  SEA      STL                Bryan Woo
16  2025-09-08  ARI      SFG           Nabil Crismatt
17  2025-09-08  SFG      ARI               Logan Webb
18  2025-09-08  BOS      ATH          Garrett Crochet
19  2025-09-08  ATH      BOS             Luis Morales
20  2025-09-08  COL      LAD          Chase Dollander
21  2025-09-08  LAD      COL            Tyler Glasnow
