2025-08-08 15:45:01,033 - INFO -           Date Team Opponent              Player
0   2025-08-08  CIN      PIT         Chase Burns
1   2025-08-08  PIT      CIN        Mitch Keller
2   2025-08-08  ATH      BAL           J.T. Ginn
3   2025-08-08  BAL      ATH     Tomoyuki Sugano
4   2025-08-08  HOU      NYY        Hunter Brown
5   2025-08-08  NYY      HOU      Cam Schlittler
6   2025-08-08  LAA      DET      Kyle Hendricks
7   2025-08-08  DET      LAA        Tarik Skubal
8   2025-08-08  MIA      ATL      Edward Cabrera
9   2025-08-08  ATL      MIA         Bryce Elder
10  2025-08-08  CLE      CHW        Tanner Bibee
11  2025-08-08  CHW      CLE        Aaron Civale
12  2025-08-08  PHI      TEX  Cristopher Sánchez
13  2025-08-08  TEX      PHI       Merrill Kelly
14  2025-08-08  NYM      MIL         Kodai Senga
15  2025-08-08  MIL      NYM    Brandon Woodruff
16  2025-08-08  KCR      MIN           Seth Lugo
17  2025-08-08  MIN      KCR            Joe Ryan
18  2025-08-08  CHC      STL        Matthew Boyd
19  2025-08-08  STL      CHC    Michael McGreevy
20  2025-08-08  COL      ARI       Austin Gomber
21  2025-08-08  ARI      COL          Zac Gallen
22  2025-08-08  BOS      SDP      Walker Buehler
23  2025-08-08  SDP      BOS        Nick Pivetta
24  2025-08-08  TBR      SEA      Drew Rasmussen
25  2025-08-08  SEA      TBR       Luis Castillo
26  2025-08-08  TOR      LAD        Max Scherzer
27  2025-08-08  LAD      TOR     Clayton Kershaw
