2025-07-28 10:37:00,567 - INFO -           Date Team Opponent            Player
0   2025-07-28  COL      BAL     Austin Gomber
1   2025-07-28  BAL      COL   Tomoyuki Sugano
2   2025-07-28  LAD      BOS        Dustin May
3   2025-07-28  BOS      LAD    Walker Buehler
4   2025-07-28  PHI      NYY      Zack Wheeler
5   2025-07-28  NYY      PHI      Carlos Rodón
6   2025-07-28  ARI      PIT        Zac Gallen
7   2025-07-28  PIT      ARI       Paul Skenes
8   2025-07-28  TBR      CIN         Shane Baz
9   2025-07-28  CIN      TBR      Brady Singer
10  2025-07-28  TOR      DET      Max Scherzer
11  2025-07-28  DET      TOR     Jack Flaherty
12  2025-07-28  CHC      CHW         Ben Brown
13  2025-07-28  CHW      CHC      Grant Taylor
14  2025-07-28  ATH      HOU         J.T. Ginn
15  2025-07-28  HOU      ATH     Colton Gordon
16  2025-07-28  CLE      KCR     Joey Cantillo
17  2025-07-28  KCR      CLE      Noah Cameron
18  2025-07-28  MIA      MIL        Eury Pérez
19  2025-07-28  MIL      MIA  Brandon Woodruff
20  2025-07-28  WSN      MIN        Jake Irvin
21  2025-07-28  MIN      WSN        Cole Sands
22  2025-07-28  SDP      STL     Stephen Kolek
23  2025-07-28  STL      SDP  Michael McGreevy
24  2025-07-28  ATL      TEX       Bryce Elder
25  2025-07-28  TEX      ATL       Jack Leiter
26  2025-07-28  SEA      LAA     Logan Gilbert
27  2025-07-28  LAA      SEA    Kyle Hendricks
28  2025-07-28  NYM      SFG       Kodai Senga
29  2025-07-28  SFG      NYM         Matt Gage
2025-07-28 14:36:50,565 - INFO -           Date Team Opponent                   Player
0   2025-07-28  TOR      BAL            Chris Bassitt
1   2025-07-28  BAL      TOR               Zach Eflin
2   2025-07-28  COL      CLE          Bradley Blalock
3   2025-07-28  CLE      COL            Slade Cecconi
4   2025-07-28  ARI      DET        Eduardo Rodríguez
5   2025-07-28  DET      ARI              Troy Melton
6   2025-07-28  TBR      NYY           Drew Rasmussen
7   2025-07-28  NYY      TBR           Cam Schlittler
8   2025-07-28  LAD      CIN       Yoshinobu Yamamoto
9   2025-07-28  CIN      LAD              Chase Burns
10  2025-07-28  PHI      CHW       Cristopher Sánchez
11  2025-07-28  CHW      PHI             Davis Martin
12  2025-07-28  ATL      KCR          Spencer Strider
13  2025-07-28  KCR      ATL                Rich Hill
14  2025-07-28  CHC      MIL             Matthew Boyd
15  2025-07-28  MIL      CHC        Jacob Misiorowski
16  2025-07-28  BOS      MIN            Richard Fitts
17  2025-07-28  MIN      BOS  Simeon Woods Richardson
18  2025-07-28  MIA      STL           Edward Cabrera
19  2025-07-28  STL      MIA           Andre Pallante
20  2025-07-28  WSN      HOU                Brad Lord
21  2025-07-28  HOU      WSN           Framber Valdez
22  2025-07-28  TEX      LAA             Jacob deGrom
23  2025-07-28  LAA      TEX         Jack Kochanowicz
24  2025-07-28  NYM      SDP           Frankie Montas
25  2025-07-28  SDP      NYM              Dylan Cease
26  2025-07-28  PIT      SFG             Mitch Keller
27  2025-07-28  SFG      PIT        Carson Whisenhunt
28  2025-07-28  SEA      ATH            Luis Castillo
29  2025-07-28  ATH      SEA                 JP Sears
