2025-08-13 11:18:40,930 - INFO -           Date Team Opponent              Player
0   2025-08-13  WSN      KCR          Jake Irvin
1   2025-08-13  KCR      WSN           Seth Lugo
2   2025-08-13  PIT      MIL        Mitch Keller
3   2025-08-13  MIL      PIT    Brandon Woodruff
4   2025-08-13  COL      STL       Austin Gomber
5   2025-08-13  STL      COL    Michael McGreevy
6   2025-08-13  ARI      TEX          Zac Gallen
7   2025-08-13  TEX      ARI       Merrill Kelly
8   2025-08-13  SDP      SFG        Nick Pivetta
9   2025-08-13  SFG      SDP        Kai-Wei Teng
10  2025-08-13  PHI      CIN  Cristopher Sánchez
11  2025-08-13  CIN      PHI       Hunter Greene
12  2025-08-13  SEA      BAL       Logan Gilbert
13  2025-08-13  BAL      SEA       Trevor Rogers
14  2025-08-13  MIA      CLE          Eury Pérez
15  2025-08-13  CLE      MIA      Gavin Williams
16  2025-08-13  MIN      NYY            Joe Ryan
17  2025-08-13  NYY      MIN      Cam Schlittler
18  2025-08-13  CHC      TOR         Cade Horton
19  2025-08-13  TOR      CHC       Kevin Gausman
20  2025-08-13  BOS      HOU      Walker Buehler
21  2025-08-13  HOU      BOS        Hunter Brown
22  2025-08-13  ATL      NYM     Carlos Carrasco
23  2025-08-13  NYM      ATL      David Peterson
24  2025-08-13  LAD      LAA       Shohei Ohtani
25  2025-08-13  LAA      LAD      Kyle Hendricks
26  2025-08-13  TBR      ATH      Drew Rasmussen
27  2025-08-13  ATH      TBR           J.T. Ginn
28  2025-08-13  CHW      DET         Shane Smith
29  2025-08-13  DET      CHW         Troy Melton
