2025-09-17 11:00:49,512 - INFO -           Date Team Opponent            Player
0   2025-09-17  CHC      PIT      Matthew Boyd
1   2025-09-17  PIT      CHC      Johan Oviedo
2   2025-09-17  CIN      STL      Brady Singer
3   2025-09-17  STL      CIN    Andre Pallante
4   2025-09-17  BAL      CHW       Tyler Wells
5   2025-09-17  CHW      BAL      Martín Pérez
6   2025-09-17  SFG      ARI  Justin Verlander
7   2025-09-17  ARI      SFG    Brandon Pfaadt
8   2025-09-17  ATL      WSN   Hurston Waldrep
9   2025-09-17  WSN      ATL         Brad Lord
10  2025-09-17  CLE      DET    Gavin Williams
11  2025-09-17  DET      CLE     Jack Flaherty
12  2025-09-17  ATH      BOS     Mason Barnett
13  2025-09-17  BOS      ATH     Lucas Giolito
14  2025-09-17  TOR      TBR     Kevin Gausman
15  2025-09-17  TBR      TOR       Ian Seymour
16  2025-09-17  SDP      NYM      Nick Pivetta
17  2025-09-17  NYM      SDP    David Peterson
18  2025-09-17  SEA      KCR      Bryce Miller
19  2025-09-17  KCR      SEA       Cole Ragans
20  2025-09-17  LAA      MIL      José Soriano
21  2025-09-17  MIL      LAA  Brandon Woodruff
22  2025-09-17  NYY      MIN          Luis Gil
23  2025-09-17  MIN      NYY       Taj Bradley
24  2025-09-17  TEX      HOU      Jacob deGrom
25  2025-09-17  HOU      TEX   Cristian Javier
26  2025-09-17  MIA      COL     Ryan Weathers
27  2025-09-17  COL      MIA      McCade Brown
28  2025-09-17  PHI      LAD     Jesús Luzardo
29  2025-09-17  LAD      PHI       Blake Snell
2025-09-17 11:14:38,117 - INFO -           Date Team Opponent            Player
0   2025-09-17  CHC      PIT      Matthew Boyd
1   2025-09-17  PIT      CHC      Johan Oviedo
2   2025-09-17  CIN      STL      Brady Singer
3   2025-09-17  STL      CIN    Andre Pallante
4   2025-09-17  BAL      CHW       Tyler Wells
5   2025-09-17  CHW      BAL      Martín Pérez
6   2025-09-17  SFG      ARI  Justin Verlander
7   2025-09-17  ARI      SFG    Brandon Pfaadt
8   2025-09-17  ATL      WSN   Hurston Waldrep
9   2025-09-17  WSN      ATL         Brad Lord
10  2025-09-17  CLE      DET    Gavin Williams
11  2025-09-17  DET      CLE     Jack Flaherty
12  2025-09-17  ATH      BOS     Mason Barnett
13  2025-09-17  BOS      ATH     Lucas Giolito
14  2025-09-17  TOR      TBR     Kevin Gausman
15  2025-09-17  TBR      TOR       Ian Seymour
16  2025-09-17  SDP      NYM      Nick Pivetta
17  2025-09-17  NYM      SDP    David Peterson
18  2025-09-17  SEA      KCR      Bryce Miller
19  2025-09-17  KCR      SEA       Cole Ragans
20  2025-09-17  LAA      MIL      José Soriano
21  2025-09-17  MIL      LAA  Brandon Woodruff
22  2025-09-17  NYY      MIN          Luis Gil
23  2025-09-17  MIN      NYY       Taj Bradley
24  2025-09-17  TEX      HOU      Jacob deGrom
25  2025-09-17  HOU      TEX   Cristian Javier
26  2025-09-17  MIA      COL     Ryan Weathers
27  2025-09-17  COL      MIA      McCade Brown
28  2025-09-17  PHI      LAD     Jesús Luzardo
29  2025-09-17  LAD      PHI       Blake Snell
