2025-07-23 14:12:02,833 - INFO -           Date Team Opponent            Player
0   2025-07-23  CIN      WSN       Nick Lodolo
1   2025-07-23  WSN      CIN    Michael Soroka
2   2025-07-23  SDP      MIA       Dylan Cease
3   2025-07-23  MIA      SDP   Sandy Alcantara
4   2025-07-23  SFG      ATL  Justin Verlander
5   2025-07-23  ATL      SFG   Spencer Strider
6   2025-07-23  DET      PIT       Troy Melton
7   2025-07-23  PIT      DET     Bailey Falter
8   2025-07-23  LAA      NYM       Brock Burke
9   2025-07-23  NYM      LAA       Sean Manaea
10  2025-07-23  KCR      CHC         Seth Lugo
11  2025-07-23  CHC      KCR         Colin Rea
12  2025-07-23  STL      COL    Andre Pallante
13  2025-07-23  COL      STL     Tanner Gordon
14  2025-07-23  HOU      ARI    Brandon Walter
15  2025-07-23  ARI      HOU    Brandon Pfaadt
16  2025-07-23  MIL      SEA    Quinn Priester
17  2025-07-23  SEA      MIL     Luis Castillo
18  2025-07-23  MIN      LAD     Chris Paddack
19  2025-07-23  LAD      MIN     Tyler Glasnow
20  2025-07-23  BAL      CLE        Zach Eflin
21  2025-07-23  CLE      BAL     Slade Cecconi
22  2025-07-23  BOS      PHI     Lucas Giolito
23  2025-07-23  PHI      BOS     Jesús Luzardo
24  2025-07-23  NYY      TOR         Max Fried
25  2025-07-23  TOR      NYY     Chris Bassitt
26  2025-07-23  CHW      TBR   Jonathan Cannon
27  2025-07-23  TBR      CHW       Taj Bradley
28  2025-07-23  ATH      TEX          JP Sears
29  2025-07-23  TEX      ATH    Patrick Corbin
