2025-07-27 13:24:24,965 - INFO -           Date Team Opponent            Player
0   2025-07-27  COL      BAL     Austin Gomber
1   2025-07-27  BAL      COL   Tomoyuki Sugano
2   2025-07-27  LAD      BOS        Dustin May
3   2025-07-27  BOS      LAD    Walker Buehler
4   2025-07-27  PHI      NYY      Zack Wheeler
5   2025-07-27  NYY      PHI      Carlos Rodón
6   2025-07-27  ARI      PIT        Zac Gallen
7   2025-07-27  PIT      ARI       Paul Skenes
8   2025-07-27  TBR      CIN         Shane Baz
9   2025-07-27  CIN      TBR      Brady Singer
10  2025-07-27  TOR      DET      Max Scherzer
11  2025-07-27  DET      TOR     Jack Flaherty
12  2025-07-27  CHC      CHW         Ben Brown
13  2025-07-27  CHW      CHC      Grant Taylor
14  2025-07-27  ATH      HOU         J.T. Ginn
15  2025-07-27  HOU      ATH     Colton Gordon
16  2025-07-27  CLE      KCR     Joey Cantillo
17  2025-07-27  KCR      CLE      Noah Cameron
18  2025-07-27  MIA      MIL        Eury Pérez
19  2025-07-27  MIL      MIA  Brandon Woodruff
20  2025-07-27  WSN      MIN        Jake Irvin
21  2025-07-27  MIN      WSN        Cole Sands
22  2025-07-27  SDP      STL     Stephen Kolek
23  2025-07-27  STL      SDP  Michael McGreevy
24  2025-07-27  ATL      TEX       Bryce Elder
25  2025-07-27  TEX      ATL       Jack Leiter
26  2025-07-27  SEA      LAA     Logan Gilbert
27  2025-07-27  LAA      SEA    Kyle Hendricks
28  2025-07-27  NYM      SFG       Kodai Senga
29  2025-07-27  SFG      NYM         Matt Gage
