2025-08-09 11:52:51,968 - INFO -           Date Team Opponent             Player
0   2025-08-09  MIA      ATL         Ryan Gusto
1   2025-08-09  ATL      MIA    Hurston Waldrep
2   2025-08-09  HOU      NYY     Framber Valdez
3   2025-08-09  NYY      HOU           Luis Gil
4   2025-08-09  WSN      SFG          Brad Lord
5   2025-08-09  SFG      WSN  Carson Whisenhunt
6   2025-08-09  LAA      DET      Yusei Kikuchi
7   2025-08-09  DET      LAA     Charlie Morton
8   2025-08-09  CIN      PIT      Nick Martinez
9   2025-08-09  PIT      CIN   Braxton Ashcraft
10  2025-08-09  ATH      BAL       Jack Perkins
11  2025-08-09  BAL      ATH      Brandon Young
12  2025-08-09  CLE      CHW      Joey Cantillo
13  2025-08-09  CHW      CLE         Sean Burke
14  2025-08-09  KCR      MIN       Noah Cameron
15  2025-08-09  MIN      KCR        Bailey Ober
16  2025-08-09  MIA      ATL    Sandy Alcantara
17  2025-08-09  ATL      MIA        Erick Fedde
18  2025-08-09  CHC      STL          Colin Rea
19  2025-08-09  STL      CHC     Andre Pallante
20  2025-08-09  PHI      TEX      Jesús Luzardo
21  2025-08-09  TEX      PHI       Jacob deGrom
22  2025-08-09  COL      ARI    Bradley Blalock
23  2025-08-09  ARI      COL  Eduardo Rodríguez
24  2025-08-09  BOS      SDP      Lucas Giolito
25  2025-08-09  SDP      BOS       Michael King
26  2025-08-09  TOR      LAD      Chris Bassitt
27  2025-08-09  LAD      TOR        Blake Snell
28  2025-08-09  TBR      SEA          Joe Boyle
29  2025-08-09  SEA      TBR        Logan Evans
30  2025-08-09  MIL      NYM       Tobais Myers
31  2025-08-09  NYM      MIL     Frankie Montas
