2025-08-23 10:31:33,864 - INFO -           Date Team Opponent           Player
0   2025-08-23  BOS      NYY  Garrett Crochet
1   2025-08-23  NYY      BOS      Will Warren
2   2025-08-23  TOR      MIA     José Berríos
3   2025-08-23  MIA      TOR      Janson Junk
4   2025-08-23  WSN      PHI  Mitchell Parker
5   2025-08-23  PHI      WSN       Aaron Nola
6   2025-08-23  KCR      DET    Michael Wacha
7   2025-08-23  DET      KCR    Chris Paddack
8   2025-08-23  COL      PIT    Kyle Freeland
9   2025-08-23  PIT      COL     Mike Burrows
10  2025-08-23  HOU      BAL  Cristian Javier
11  2025-08-23  BAL      HOU      Dean Kremer
12  2025-08-23  CLE      TEX      Logan Allen
13  2025-08-23  TEX      CLE      Jack Leiter
14  2025-08-23  SFG      MIL       Logan Webb
15  2025-08-23  MIL      SFG   Freddy Peralta
16  2025-08-23  NYM      ATL      Clay Holmes
17  2025-08-23  ATL      NYM    Cal Quantrill
18  2025-08-23  CIN      ARI    Andrew Abbott
19  2025-08-23  ARI      CIN   Nabil Crismatt
20  2025-08-23  LAD      SDP    Tyler Glasnow
21  2025-08-23  SDP      LAD    Nestor Cortes
22  2025-08-23  ATH      SEA  Jeffrey Springs
23  2025-08-23  SEA      ATH     George Kirby
24  2025-08-23  MIN      CHW        Mick Abel
25  2025-08-23  CHW      MIN     Davis Martin
26  2025-08-23  CHC      LAA      Cade Horton
27  2025-08-23  LAA      CHC   Victor Mederos
